[0.291s] Invoking command in '/home/c/weston_ws/MPC_planner/build/local_map': CMAKE_PREFIX_PATH=/opt/ros/humble WSLENV=ELECTRON_RUN_AS_NODE/w:BASH_ENV/u /usr/bin/cmake --build /home/c/weston_ws/MPC_planner/build/local_map -- -j12 -l12
[1.692s] [100%] Built target local_map
[1.960s] Invoked command in '/home/c/weston_ws/MPC_planner/build/local_map' returned '0': CMAKE_PREFIX_PATH=/opt/ros/humble WSLENV=ELECTRON_RUN_AS_NODE/w:BASH_ENV/u /usr/bin/cmake --build /home/c/weston_ws/MPC_planner/build/local_map -- -j12 -l12
[2.495s] Invoking command in '/home/c/weston_ws/MPC_planner/build/local_map': CMAKE_PREFIX_PATH=/opt/ros/humble WSLENV=ELECTRON_RUN_AS_NODE/w:BASH_ENV/u /usr/bin/cmake --install /home/c/weston_ws/MPC_planner/build/local_map
[2.555s] -- Install configuration: "Release"
[2.555s] -- Up-to-date: /home/c/weston_ws/MPC_planner/install/local_map/lib/local_map/local_map
[2.555s] -- Up-to-date: /home/c/weston_ws/MPC_planner/install/local_map/share/local_map//config
[2.555s] -- Up-to-date: /home/c/weston_ws/MPC_planner/install/local_map/share/local_map//config/config.yaml
[2.560s] -- Up-to-date: /home/c/weston_ws/MPC_planner/install/local_map/share/local_map//rviz
[2.560s] -- Up-to-date: /home/c/weston_ws/MPC_planner/install/local_map/share/local_map//rviz/rviz_config.rviz
[2.560s] -- Up-to-date: /home/c/weston_ws/MPC_planner/install/local_map/share/ament_index/resource_index/package_run_dependencies/local_map
[2.560s] -- Up-to-date: /home/c/weston_ws/MPC_planner/install/local_map/share/ament_index/resource_index/parent_prefix_path/local_map
[2.560s] -- Up-to-date: /home/c/weston_ws/MPC_planner/install/local_map/share/local_map/environment/ament_prefix_path.sh
[2.560s] -- Up-to-date: /home/c/weston_ws/MPC_planner/install/local_map/share/local_map/environment/ament_prefix_path.dsv
[2.560s] -- Up-to-date: /home/c/weston_ws/MPC_planner/install/local_map/share/local_map/environment/path.sh
[2.560s] -- Up-to-date: /home/c/weston_ws/MPC_planner/install/local_map/share/local_map/environment/path.dsv
[2.560s] -- Up-to-date: /home/c/weston_ws/MPC_planner/install/local_map/share/local_map/local_setup.bash
[2.560s] -- Up-to-date: /home/c/weston_ws/MPC_planner/install/local_map/share/local_map/local_setup.sh
[2.560s] -- Up-to-date: /home/c/weston_ws/MPC_planner/install/local_map/share/local_map/local_setup.zsh
[2.560s] -- Up-to-date: /home/c/weston_ws/MPC_planner/install/local_map/share/local_map/local_setup.dsv
[2.560s] -- Installing: /home/c/weston_ws/MPC_planner/install/local_map/share/local_map/package.dsv
[2.561s] -- Up-to-date: /home/c/weston_ws/MPC_planner/install/local_map/share/ament_index/resource_index/packages/local_map
[2.561s] -- Up-to-date: /home/c/weston_ws/MPC_planner/install/local_map/share/local_map/cmake/local_mapConfig.cmake
[2.561s] -- Up-to-date: /home/c/weston_ws/MPC_planner/install/local_map/share/local_map/cmake/local_mapConfig-version.cmake
[2.561s] -- Up-to-date: /home/c/weston_ws/MPC_planner/install/local_map/share/local_map/package.xml
[2.780s] Invoked command in '/home/c/weston_ws/MPC_planner/build/local_map' returned '0': CMAKE_PREFIX_PATH=/opt/ros/humble WSLENV=ELECTRON_RUN_AS_NODE/w:BASH_ENV/u /usr/bin/cmake --install /home/c/weston_ws/MPC_planner/build/local_map
