[0.063s] Invoking command in '/home/c/weston_ws/MPC_planner/build/velodyne_gazebo_plugins': CMAKE_PREFIX_PATH=/opt/ros/humble WSLENV=ELECTRON_RUN_AS_NODE/w:BASH_ENV/u /usr/bin/cmake --build /home/c/weston_ws/MPC_planner/build/velodyne_gazebo_plugins -- -j12 -l12
[0.711s] [100%] Built target gazebo_ros_velodyne_laser
[0.749s] Invoked command in '/home/c/weston_ws/MPC_planner/build/velodyne_gazebo_plugins' returned '0': CMAKE_PREFIX_PATH=/opt/ros/humble WSLENV=ELECTRON_RUN_AS_NODE/w:BASH_ENV/u /usr/bin/cmake --build /home/c/weston_ws/MPC_planner/build/velodyne_gazebo_plugins -- -j12 -l12
[0.887s] Invoking command in '/home/c/weston_ws/MPC_planner/build/velodyne_gazebo_plugins': CMAKE_PREFIX_PATH=/opt/ros/humble WSLENV=ELECTRON_RUN_AS_NODE/w:BASH_ENV/u /usr/bin/cmake --install /home/c/weston_ws/MPC_planner/build/velodyne_gazebo_plugins
[0.925s] -- Install configuration: ""
[0.925s] -- Up-to-date: /home/c/weston_ws/MPC_planner/install/velodyne_gazebo_plugins/lib/libgazebo_ros_velodyne_laser.so
[0.925s] -- Up-to-date: /home/c/weston_ws/MPC_planner/install/velodyne_gazebo_plugins/include/velodyne_gazebo_plugins
[0.925s] -- Up-to-date: /home/c/weston_ws/MPC_planner/install/velodyne_gazebo_plugins/include/velodyne_gazebo_plugins/GazeboRosVelodyneLaser.hpp
[0.925s] -- Up-to-date: /home/c/weston_ws/MPC_planner/install/velodyne_gazebo_plugins/share/velodyne_gazebo_plugins/environment/library_path.sh
[0.926s] -- Up-to-date: /home/c/weston_ws/MPC_planner/install/velodyne_gazebo_plugins/share/velodyne_gazebo_plugins/environment/library_path.dsv
[0.927s] -- Up-to-date: /home/c/weston_ws/MPC_planner/install/velodyne_gazebo_plugins/share/ament_index/resource_index/package_run_dependencies/velodyne_gazebo_plugins
[0.927s] -- Up-to-date: /home/c/weston_ws/MPC_planner/install/velodyne_gazebo_plugins/share/ament_index/resource_index/parent_prefix_path/velodyne_gazebo_plugins
[0.927s] -- Up-to-date: /home/c/weston_ws/MPC_planner/install/velodyne_gazebo_plugins/share/velodyne_gazebo_plugins/environment/ament_prefix_path.sh
[0.928s] -- Up-to-date: /home/c/weston_ws/MPC_planner/install/velodyne_gazebo_plugins/share/velodyne_gazebo_plugins/environment/ament_prefix_path.dsv
[0.929s] -- Up-to-date: /home/c/weston_ws/MPC_planner/install/velodyne_gazebo_plugins/share/velodyne_gazebo_plugins/environment/path.sh
[0.929s] -- Up-to-date: /home/c/weston_ws/MPC_planner/install/velodyne_gazebo_plugins/share/velodyne_gazebo_plugins/environment/path.dsv
[0.929s] -- Up-to-date: /home/c/weston_ws/MPC_planner/install/velodyne_gazebo_plugins/share/velodyne_gazebo_plugins/local_setup.bash
[0.929s] -- Up-to-date: /home/c/weston_ws/MPC_planner/install/velodyne_gazebo_plugins/share/velodyne_gazebo_plugins/local_setup.sh
[0.930s] -- Up-to-date: /home/c/weston_ws/MPC_planner/install/velodyne_gazebo_plugins/share/velodyne_gazebo_plugins/local_setup.zsh
[0.931s] -- Up-to-date: /home/c/weston_ws/MPC_planner/install/velodyne_gazebo_plugins/share/velodyne_gazebo_plugins/local_setup.dsv
[0.932s] -- Installing: /home/c/weston_ws/MPC_planner/install/velodyne_gazebo_plugins/share/velodyne_gazebo_plugins/package.dsv
[0.934s] -- Up-to-date: /home/c/weston_ws/MPC_planner/install/velodyne_gazebo_plugins/share/ament_index/resource_index/packages/velodyne_gazebo_plugins
[0.935s] -- Up-to-date: /home/c/weston_ws/MPC_planner/install/velodyne_gazebo_plugins/share/velodyne_gazebo_plugins/cmake/ament_cmake_export_include_directories-extras.cmake
[0.937s] -- Up-to-date: /home/c/weston_ws/MPC_planner/install/velodyne_gazebo_plugins/share/velodyne_gazebo_plugins/cmake/ament_cmake_export_libraries-extras.cmake
[0.938s] -- Up-to-date: /home/c/weston_ws/MPC_planner/install/velodyne_gazebo_plugins/share/velodyne_gazebo_plugins/cmake/ament_cmake_export_dependencies-extras.cmake
[0.938s] -- Up-to-date: /home/c/weston_ws/MPC_planner/install/velodyne_gazebo_plugins/share/velodyne_gazebo_plugins/cmake/velodyne_gazebo_pluginsConfig.cmake
[0.939s] -- Up-to-date: /home/c/weston_ws/MPC_planner/install/velodyne_gazebo_plugins/share/velodyne_gazebo_plugins/cmake/velodyne_gazebo_pluginsConfig-version.cmake
[0.939s] -- Up-to-date: /home/c/weston_ws/MPC_planner/install/velodyne_gazebo_plugins/share/velodyne_gazebo_plugins/package.xml
[1.016s] Invoked command in '/home/c/weston_ws/MPC_planner/build/velodyne_gazebo_plugins' returned '0': CMAKE_PREFIX_PATH=/opt/ros/humble WSLENV=ELECTRON_RUN_AS_NODE/w:BASH_ENV/u /usr/bin/cmake --install /home/c/weston_ws/MPC_planner/build/velodyne_gazebo_plugins
