[1.814s] Invoking command in '/home/c/weston_ws/MPC_planner/src/local_planner': PYTHONPATH=/home/c/weston_ws/MPC_planner/build/local_planner/prefix_override:/home/c/weston_ws/MPC_planner/install/local_planner/lib/python3.10/site-packages:${PYTHONPATH} WSLENV=ELECTRON_RUN_AS_NODE/w:BASH_ENV/u /usr/bin/python3 -W ignore:setup.py install is deprecated setup.py egg_info --egg-base ../../build/local_planner build --build-base /home/c/weston_ws/MPC_planner/build/local_planner/build install --record /home/c/weston_ws/MPC_planner/build/local_planner/install.log --single-version-externally-managed install_data
[2.160s] running egg_info
[2.160s] writing ../../build/local_planner/local_planner.egg-info/PKG-INFO
[2.160s] writing dependency_links to ../../build/local_planner/local_planner.egg-info/dependency_links.txt
[2.160s] writing entry points to ../../build/local_planner/local_planner.egg-info/entry_points.txt
[2.160s] writing requirements to ../../build/local_planner/local_planner.egg-info/requires.txt
[2.160s] writing top-level names to ../../build/local_planner/local_planner.egg-info/top_level.txt
[2.169s] reading manifest file '../../build/local_planner/local_planner.egg-info/SOURCES.txt'
[2.169s] writing manifest file '../../build/local_planner/local_planner.egg-info/SOURCES.txt'
[2.170s] running build
[2.170s] running build_py
[2.170s] copying local_planner/local_planner.py -> /home/c/weston_ws/MPC_planner/build/local_planner/build/lib/local_planner
[2.170s] running install
[2.171s] running install_lib
[2.174s] copying /home/c/weston_ws/MPC_planner/build/local_planner/build/lib/local_planner/local_planner.py -> /home/c/weston_ws/MPC_planner/install/local_planner/lib/python3.10/site-packages/local_planner
[2.175s] byte-compiling /home/c/weston_ws/MPC_planner/install/local_planner/lib/python3.10/site-packages/local_planner/local_planner.py to local_planner.cpython-310.pyc
[2.179s] running install_data
[2.179s] running install_egg_info
[2.185s] removing '/home/c/weston_ws/MPC_planner/install/local_planner/lib/python3.10/site-packages/local_planner-0.0.0-py3.10.egg-info' (and everything under it)
[2.185s] Copying ../../build/local_planner/local_planner.egg-info to /home/c/weston_ws/MPC_planner/install/local_planner/lib/python3.10/site-packages/local_planner-0.0.0-py3.10.egg-info
[2.189s] running install_scripts
[2.225s] Installing controller_node script to /home/c/weston_ws/MPC_planner/install/local_planner/lib/local_planner
[2.229s] Installing local_planner_node script to /home/c/weston_ws/MPC_planner/install/local_planner/lib/local_planner
[2.236s] writing list of installed files to '/home/c/weston_ws/MPC_planner/build/local_planner/install.log'
[2.303s] Invoked command in '/home/c/weston_ws/MPC_planner/src/local_planner' returned '0': PYTHONPATH=/home/c/weston_ws/MPC_planner/build/local_planner/prefix_override:/home/c/weston_ws/MPC_planner/install/local_planner/lib/python3.10/site-packages:${PYTHONPATH} WSLENV=ELECTRON_RUN_AS_NODE/w:BASH_ENV/u /usr/bin/python3 -W ignore:setup.py install is deprecated setup.py egg_info --egg-base ../../build/local_planner build --build-base /home/c/weston_ws/MPC_planner/build/local_planner/build install --record /home/c/weston_ws/MPC_planner/build/local_planner/install.log --single-version-externally-managed install_data
