[4.531s] Invoking command in '/home/c/weston_ws/MPC_planner/src/samplelaunch': PYTHONPATH=/home/c/weston_ws/MPC_planner/build/samplelaunch/prefix_override:/home/c/weston_ws/MPC_planner/install/samplelaunch/lib/python3.10/site-packages:${PYTHONPATH} WSLENV=ELECTRON_RUN_AS_NODE/w:BASH_ENV/u /usr/bin/python3 -W ignore:setup.py install is deprecated setup.py egg_info --egg-base ../../build/samplelaunch build --build-base /home/c/weston_ws/MPC_planner/build/samplelaunch/build install --record /home/c/weston_ws/MPC_planner/build/samplelaunch/install.log --single-version-externally-managed install_data
[5.171s] running egg_info
[5.171s] writing ../../build/samplelaunch/samplelaunch.egg-info/PKG-INFO
[5.171s] writing dependency_links to ../../build/samplelaunch/samplelaunch.egg-info/dependency_links.txt
[5.171s] writing entry points to ../../build/samplelaunch/samplelaunch.egg-info/entry_points.txt
[5.171s] writing requirements to ../../build/samplelaunch/samplelaunch.egg-info/requires.txt
[5.172s] writing top-level names to ../../build/samplelaunch/samplelaunch.egg-info/top_level.txt
[5.172s] reading manifest file '../../build/samplelaunch/samplelaunch.egg-info/SOURCES.txt'
[5.172s] adding license file 'LICENSE'
[5.172s] writing manifest file '../../build/samplelaunch/samplelaunch.egg-info/SOURCES.txt'
[5.172s] running build
[5.172s] running build_py
[5.172s] running install
[5.172s] running install_lib
[5.172s] running install_data
[5.173s] running install_egg_info
[5.173s] removing '/home/c/weston_ws/MPC_planner/install/samplelaunch/lib/python3.10/site-packages/samplelaunch-0.0.0-py3.10.egg-info' (and everything under it)
[5.173s] Copying ../../build/samplelaunch/samplelaunch.egg-info to /home/c/weston_ws/MPC_planner/install/samplelaunch/lib/python3.10/site-packages/samplelaunch-0.0.0-py3.10.egg-info
[5.173s] running install_scripts
[5.290s] writing list of installed files to '/home/c/weston_ws/MPC_planner/build/samplelaunch/install.log'
[5.500s] Invoked command in '/home/c/weston_ws/MPC_planner/src/samplelaunch' returned '0': PYTHONPATH=/home/c/weston_ws/MPC_planner/build/samplelaunch/prefix_override:/home/c/weston_ws/MPC_planner/install/samplelaunch/lib/python3.10/site-packages:${PYTHONPATH} WSLENV=ELECTRON_RUN_AS_NODE/w:BASH_ENV/u /usr/bin/python3 -W ignore:setup.py install is deprecated setup.py egg_info --egg-base ../../build/samplelaunch build --build-base /home/c/weston_ws/MPC_planner/build/samplelaunch/build install --record /home/c/weston_ws/MPC_planner/build/samplelaunch/install.log --single-version-externally-managed install_data
