[0.831s] Invoking command in '/home/c/weston_ws/MPC_planner/src/local_planner': PYTHONPATH=/home/c/weston_ws/MPC_planner/build/local_planner/prefix_override:/home/c/weston_ws/MPC_planner/install/local_planner/lib/python3.10/site-packages:${PYTHONPATH} WSLENV=ELECTRON_RUN_AS_NODE/w:BASH_ENV/u /usr/bin/python3 -W ignore:setup.py install is deprecated setup.py egg_info --egg-base ../../build/local_planner build --build-base /home/c/weston_ws/MPC_planner/build/local_planner/build install --record /home/c/weston_ws/MPC_planner/build/local_planner/install.log --single-version-externally-managed install_data
[0.963s] running egg_info
[0.964s] writing ../../build/local_planner/local_planner.egg-info/PKG-INFO
[0.964s] writing dependency_links to ../../build/local_planner/local_planner.egg-info/dependency_links.txt
[0.964s] writing entry points to ../../build/local_planner/local_planner.egg-info/entry_points.txt
[0.964s] writing requirements to ../../build/local_planner/local_planner.egg-info/requires.txt
[0.964s] writing top-level names to ../../build/local_planner/local_planner.egg-info/top_level.txt
[0.965s] reading manifest file '../../build/local_planner/local_planner.egg-info/SOURCES.txt'
[0.966s] writing manifest file '../../build/local_planner/local_planner.egg-info/SOURCES.txt'
[0.966s] running build
[0.966s] running build_py
[0.966s] copying local_planner/debug.py -> /home/c/weston_ws/MPC_planner/build/local_planner/build/lib/local_planner
[0.973s] copying local_planner/local_planner.py -> /home/c/weston_ws/MPC_planner/build/local_planner/build/lib/local_planner
[0.973s] running install
[0.973s] running install_lib
[0.974s] copying /home/c/weston_ws/MPC_planner/build/local_planner/build/lib/local_planner/debug.py -> /home/c/weston_ws/MPC_planner/install/local_planner/lib/python3.10/site-packages/local_planner
[0.975s] copying /home/c/weston_ws/MPC_planner/build/local_planner/build/lib/local_planner/local_planner.py -> /home/c/weston_ws/MPC_planner/install/local_planner/lib/python3.10/site-packages/local_planner
[0.975s] byte-compiling /home/c/weston_ws/MPC_planner/install/local_planner/lib/python3.10/site-packages/local_planner/debug.py to debug.cpython-310.pyc
[0.977s] byte-compiling /home/c/weston_ws/MPC_planner/install/local_planner/lib/python3.10/site-packages/local_planner/local_planner.py to local_planner.cpython-310.pyc
[0.979s] running install_data
[0.979s] running install_egg_info
[0.981s] removing '/home/c/weston_ws/MPC_planner/install/local_planner/lib/python3.10/site-packages/local_planner-0.0.0-py3.10.egg-info' (and everything under it)
[0.983s] Copying ../../build/local_planner/local_planner.egg-info to /home/c/weston_ws/MPC_planner/install/local_planner/lib/python3.10/site-packages/local_planner-0.0.0-py3.10.egg-info
[0.985s] running install_scripts
[0.999s] Installing controller_node script to /home/c/weston_ws/MPC_planner/install/local_planner/lib/local_planner
[0.999s] Installing local_planner_node script to /home/c/weston_ws/MPC_planner/install/local_planner/lib/local_planner
[1.000s] writing list of installed files to '/home/c/weston_ws/MPC_planner/build/local_planner/install.log'
[1.019s] Invoked command in '/home/c/weston_ws/MPC_planner/src/local_planner' returned '0': PYTHONPATH=/home/c/weston_ws/MPC_planner/build/local_planner/prefix_override:/home/c/weston_ws/MPC_planner/install/local_planner/lib/python3.10/site-packages:${PYTHONPATH} WSLENV=ELECTRON_RUN_AS_NODE/w:BASH_ENV/u /usr/bin/python3 -W ignore:setup.py install is deprecated setup.py egg_info --egg-base ../../build/local_planner build --build-base /home/c/weston_ws/MPC_planner/build/local_planner/build install --record /home/c/weston_ws/MPC_planner/build/local_planner/install.log --single-version-externally-managed install_data
