[0.179s] Invoking command in '/home/c/weston_ws/MPC_planner/build/global_planner': CMAKE_PREFIX_PATH=/opt/ros/humble WSLENV=ELECTRON_RUN_AS_NODE/w:BASH_ENV/u /usr/bin/cmake --build /home/c/weston_ws/MPC_planner/build/global_planner -- -j12 -l12
[1.229s] [100%] Built target global_path_publisher
[1.360s] Invoked command in '/home/c/weston_ws/MPC_planner/build/global_planner' returned '0': CMAKE_PREFIX_PATH=/opt/ros/humble WSLENV=ELECTRON_RUN_AS_NODE/w:BASH_ENV/u /usr/bin/cmake --build /home/c/weston_ws/MPC_planner/build/global_planner -- -j12 -l12
[1.476s] Invoking command in '/home/c/weston_ws/MPC_planner/build/global_planner': CMAKE_PREFIX_PATH=/opt/ros/humble WSLENV=ELECTRON_RUN_AS_NODE/w:BASH_ENV/u /usr/bin/cmake --install /home/c/weston_ws/MPC_planner/build/global_planner
[1.541s] -- Install configuration: ""
[1.546s] -- Up-to-date: /home/c/weston_ws/MPC_planner/install/global_planner/lib/global_planner/global_path_publisher
[1.550s] -- Up-to-date: /home/c/weston_ws/MPC_planner/install/global_planner/share/global_planner//launch
[1.550s] -- Up-to-date: /home/c/weston_ws/MPC_planner/install/global_planner/share/global_planner//launch/global_path_publisher.launch.py
[1.550s] -- Up-to-date: /home/c/weston_ws/MPC_planner/install/global_planner/share/global_planner//config
[1.568s] -- Up-to-date: /home/c/weston_ws/MPC_planner/install/global_planner/share/global_planner//config/config.yaml
[1.598s] -- Up-to-date: /home/c/weston_ws/MPC_planner/install/global_planner/share/ament_index/resource_index/package_run_dependencies/global_planner
[1.598s] -- Up-to-date: /home/c/weston_ws/MPC_planner/install/global_planner/share/ament_index/resource_index/parent_prefix_path/global_planner
[1.598s] -- Up-to-date: /home/c/weston_ws/MPC_planner/install/global_planner/share/global_planner/environment/ament_prefix_path.sh
[1.598s] -- Up-to-date: /home/c/weston_ws/MPC_planner/install/global_planner/share/global_planner/environment/ament_prefix_path.dsv
[1.599s] -- Up-to-date: /home/c/weston_ws/MPC_planner/install/global_planner/share/global_planner/environment/path.sh
[1.599s] -- Up-to-date: /home/c/weston_ws/MPC_planner/install/global_planner/share/global_planner/environment/path.dsv
[1.599s] -- Up-to-date: /home/c/weston_ws/MPC_planner/install/global_planner/share/global_planner/local_setup.bash
[1.599s] -- Up-to-date: /home/c/weston_ws/MPC_planner/install/global_planner/share/global_planner/local_setup.sh
[1.599s] -- Up-to-date: /home/c/weston_ws/MPC_planner/install/global_planner/share/global_planner/local_setup.zsh
[1.599s] -- Up-to-date: /home/c/weston_ws/MPC_planner/install/global_planner/share/global_planner/local_setup.dsv
[1.599s] -- Installing: /home/c/weston_ws/MPC_planner/install/global_planner/share/global_planner/package.dsv
[1.599s] -- Up-to-date: /home/c/weston_ws/MPC_planner/install/global_planner/share/ament_index/resource_index/packages/global_planner
[1.599s] -- Up-to-date: /home/c/weston_ws/MPC_planner/install/global_planner/share/global_planner/cmake/global_plannerConfig.cmake
[1.600s] -- Up-to-date: /home/c/weston_ws/MPC_planner/install/global_planner/share/global_planner/cmake/global_plannerConfig-version.cmake
[1.600s] -- Up-to-date: /home/c/weston_ws/MPC_planner/install/global_planner/share/global_planner/package.xml
[1.627s] Invoked command in '/home/c/weston_ws/MPC_planner/build/global_planner' returned '0': CMAKE_PREFIX_PATH=/opt/ros/humble WSLENV=ELECTRON_RUN_AS_NODE/w:BASH_ENV/u /usr/bin/cmake --install /home/c/weston_ws/MPC_planner/build/global_planner
