[0.174s] Invoking command in '/home/c/weston_ws/MPC_planner/build/local_map': CMAKE_PREFIX_PATH=/opt/ros/humble WSLENV=ELECTRON_RUN_AS_NODE/w:BASH_ENV/u /usr/bin/cmake --build /home/c/weston_ws/MPC_planner/build/local_map -- -j12 -l12
[1.271s] [100%] Built target local_map
[1.381s] Invoked command in '/home/c/weston_ws/MPC_planner/build/local_map' returned '0': CMAKE_PREFIX_PATH=/opt/ros/humble WSLENV=ELECTRON_RUN_AS_NODE/w:BASH_ENV/u /usr/bin/cmake --build /home/c/weston_ws/MPC_planner/build/local_map -- -j12 -l12
[1.701s] Invoking command in '/home/c/weston_ws/MPC_planner/build/local_map': CMAKE_PREFIX_PATH=/opt/ros/humble WSLENV=ELECTRON_RUN_AS_NODE/w:BASH_ENV/u /usr/bin/cmake --install /home/c/weston_ws/MPC_planner/build/local_map
[1.870s] -- Install configuration: "Release"
[1.890s] -- Up-to-date: /home/c/weston_ws/MPC_planner/install/local_map/lib/local_map/local_map
[1.925s] -- Up-to-date: /home/c/weston_ws/MPC_planner/install/local_map/share/local_map//config
[1.935s] -- Up-to-date: /home/c/weston_ws/MPC_planner/install/local_map/share/local_map//config/config.yaml
[1.960s] -- Up-to-date: /home/c/weston_ws/MPC_planner/install/local_map/share/local_map//rviz
[1.965s] -- Up-to-date: /home/c/weston_ws/MPC_planner/install/local_map/share/local_map//rviz/rviz_config.rviz
[1.971s] -- Up-to-date: /home/c/weston_ws/MPC_planner/install/local_map/share/ament_index/resource_index/package_run_dependencies/local_map
[1.971s] -- Up-to-date: /home/c/weston_ws/MPC_planner/install/local_map/share/ament_index/resource_index/parent_prefix_path/local_map
[1.971s] -- Up-to-date: /home/c/weston_ws/MPC_planner/install/local_map/share/local_map/environment/ament_prefix_path.sh
[1.971s] -- Up-to-date: /home/c/weston_ws/MPC_planner/install/local_map/share/local_map/environment/ament_prefix_path.dsv
[1.971s] -- Up-to-date: /home/c/weston_ws/MPC_planner/install/local_map/share/local_map/environment/path.sh
[1.971s] -- Up-to-date: /home/c/weston_ws/MPC_planner/install/local_map/share/local_map/environment/path.dsv
[1.971s] -- Up-to-date: /home/c/weston_ws/MPC_planner/install/local_map/share/local_map/local_setup.bash
[1.971s] -- Up-to-date: /home/c/weston_ws/MPC_planner/install/local_map/share/local_map/local_setup.sh
[1.971s] -- Up-to-date: /home/c/weston_ws/MPC_planner/install/local_map/share/local_map/local_setup.zsh
[1.971s] -- Up-to-date: /home/c/weston_ws/MPC_planner/install/local_map/share/local_map/local_setup.dsv
[1.971s] -- Installing: /home/c/weston_ws/MPC_planner/install/local_map/share/local_map/package.dsv
[1.971s] -- Up-to-date: /home/c/weston_ws/MPC_planner/install/local_map/share/ament_index/resource_index/packages/local_map
[1.980s] -- Up-to-date: /home/c/weston_ws/MPC_planner/install/local_map/share/local_map/cmake/local_mapConfig.cmake
[1.980s] -- Up-to-date: /home/c/weston_ws/MPC_planner/install/local_map/share/local_map/cmake/local_mapConfig-version.cmake
[1.981s] -- Up-to-date: /home/c/weston_ws/MPC_planner/install/local_map/share/local_map/package.xml
[2.122s] Invoked command in '/home/c/weston_ws/MPC_planner/build/local_map' returned '0': CMAKE_PREFIX_PATH=/opt/ros/humble WSLENV=ELECTRON_RUN_AS_NODE/w:BASH_ENV/u /usr/bin/cmake --install /home/c/weston_ws/MPC_planner/build/local_map
