[0.134s] Invoking command in '/home/c/weston_ws/MPC_planner/build/local_map': CMAKE_PREFIX_PATH=${CMAKE_PREFIX_PATH}:/home/c/weston_ws/MPC_planner/install/samplelaunch:/home/c/weston_ws/MPC_planner/install/local_planner:/opt/ros/humble WSLENV=ELECTRON_RUN_AS_NODE/w:BASH_ENV/u /usr/bin/cmake --build /home/c/weston_ws/MPC_planner/build/local_map -- -j12 -l12
[0.805s] [100%] Built target local_map
[0.878s] Invoked command in '/home/c/weston_ws/MPC_planner/build/local_map' returned '0': CMAKE_PREFIX_PATH=${CMAKE_PREFIX_PATH}:/home/c/weston_ws/MPC_planner/install/samplelaunch:/home/c/weston_ws/MPC_planner/install/local_planner:/opt/ros/humble WSLENV=ELECTRON_RUN_AS_NODE/w:BASH_ENV/u /usr/bin/cmake --build /home/c/weston_ws/MPC_planner/build/local_map -- -j12 -l12
[0.995s] Invoking command in '/home/c/weston_ws/MPC_planner/build/local_map': CMAKE_PREFIX_PATH=${CMAKE_PREFIX_PATH}:/home/c/weston_ws/MPC_planner/install/samplelaunch:/home/c/weston_ws/MPC_planner/install/local_planner:/opt/ros/humble WSLENV=ELECTRON_RUN_AS_NODE/w:BASH_ENV/u /usr/bin/cmake --install /home/c/weston_ws/MPC_planner/build/local_map
[1.065s] -- Install configuration: "Release"
[1.065s] -- Up-to-date: /home/c/weston_ws/MPC_planner/install/local_map/lib/local_map/local_map
[1.065s] -- Up-to-date: /home/c/weston_ws/MPC_planner/install/local_map/share/local_map//config
[1.065s] -- Up-to-date: /home/c/weston_ws/MPC_planner/install/local_map/share/local_map//config/config.yaml
[1.065s] -- Up-to-date: /home/c/weston_ws/MPC_planner/install/local_map/share/local_map//rviz
[1.065s] -- Up-to-date: /home/c/weston_ws/MPC_planner/install/local_map/share/local_map//rviz/rviz_config.rviz
[1.065s] -- Up-to-date: /home/c/weston_ws/MPC_planner/install/local_map/share/ament_index/resource_index/package_run_dependencies/local_map
[1.065s] -- Up-to-date: /home/c/weston_ws/MPC_planner/install/local_map/share/ament_index/resource_index/parent_prefix_path/local_map
[1.065s] -- Up-to-date: /home/c/weston_ws/MPC_planner/install/local_map/share/local_map/environment/ament_prefix_path.sh
[1.066s] -- Up-to-date: /home/c/weston_ws/MPC_planner/install/local_map/share/local_map/environment/ament_prefix_path.dsv
[1.066s] -- Up-to-date: /home/c/weston_ws/MPC_planner/install/local_map/share/local_map/environment/path.sh
[1.066s] -- Up-to-date: /home/c/weston_ws/MPC_planner/install/local_map/share/local_map/environment/path.dsv
[1.066s] -- Up-to-date: /home/c/weston_ws/MPC_planner/install/local_map/share/local_map/local_setup.bash
[1.066s] -- Up-to-date: /home/c/weston_ws/MPC_planner/install/local_map/share/local_map/local_setup.sh
[1.066s] -- Up-to-date: /home/c/weston_ws/MPC_planner/install/local_map/share/local_map/local_setup.zsh
[1.066s] -- Up-to-date: /home/c/weston_ws/MPC_planner/install/local_map/share/local_map/local_setup.dsv
[1.066s] -- Installing: /home/c/weston_ws/MPC_planner/install/local_map/share/local_map/package.dsv
[1.066s] -- Up-to-date: /home/c/weston_ws/MPC_planner/install/local_map/share/ament_index/resource_index/packages/local_map
[1.066s] -- Up-to-date: /home/c/weston_ws/MPC_planner/install/local_map/share/local_map/cmake/local_mapConfig.cmake
[1.067s] -- Up-to-date: /home/c/weston_ws/MPC_planner/install/local_map/share/local_map/cmake/local_mapConfig-version.cmake
[1.067s] -- Up-to-date: /home/c/weston_ws/MPC_planner/install/local_map/share/local_map/package.xml
[1.121s] Invoked command in '/home/c/weston_ws/MPC_planner/build/local_map' returned '0': CMAKE_PREFIX_PATH=${CMAKE_PREFIX_PATH}:/home/c/weston_ws/MPC_planner/install/samplelaunch:/home/c/weston_ws/MPC_planner/install/local_planner:/opt/ros/humble WSLENV=ELECTRON_RUN_AS_NODE/w:BASH_ENV/u /usr/bin/cmake --install /home/c/weston_ws/MPC_planner/build/local_map
