-- The C compiler identification is GNU 9.5.0
-- The CXX compiler identification is GNU 9.5.0
-- Detecting C compiler ABI info
-- Detecting C compiler ABI info - done
-- Check for working C compiler: /usr/bin/cc - skipped
-- Detecting C compile features
-- Detecting C compile features - done
-- Detecting CXX compiler ABI info
-- Detecting CXX compiler ABI info - done
-- Check for working CXX compiler: /usr/bin/c++ - skipped
-- Detecting CXX compile features
-- Detecting CXX compile features - done
-- Found ament_cmake: 1.3.8 (/opt/ros/humble/share/ament_cmake/cmake)
-- Found Python3: /usr/bin/python3 (found version "3.10.12") found components: Interpreter 
-- Found rclcpp: 16.0.8 (/opt/ros/humble/share/rclcpp/cmake)
-- Found rosidl_generator_c: 3.1.5 (/opt/ros/humble/share/rosidl_generator_c/cmake)
-- Found rosidl_adapter: 3.1.5 (/opt/ros/humble/share/rosidl_adapter/cmake)
-- Found rosidl_generator_cpp: 3.1.5 (/opt/ros/humble/share/rosidl_generator_cpp/cmake)
-- Using all available rosidl_typesupport_c: rosidl_typesupport_fastrtps_c;rosidl_typesupport_introspection_c
-- Using all available rosidl_typesupport_cpp: rosidl_typesupport_fastrtps_cpp;rosidl_typesupport_introspection_cpp
-- Found rmw_implementation_cmake: 6.1.1 (/opt/ros/humble/share/rmw_implementation_cmake/cmake)
-- Found rmw_fastrtps_cpp: 6.2.6 (/opt/ros/humble/share/rmw_fastrtps_cpp/cmake)
-- Found OpenSSL: /usr/lib/x86_64-linux-gnu/libcrypto.so (found version "3.0.2")  
-- Found FastRTPS: /opt/ros/humble/include  
-- Using RMW implementation 'rmw_fastrtps_cpp' as default
-- Looking for pthread.h
-- Looking for pthread.h - found
-- Performing Test CMAKE_HAVE_LIBC_PTHREAD
-- Performing Test CMAKE_HAVE_LIBC_PTHREAD - Success
-- Found Threads: TRUE  
-- Found visualization_msgs: 4.2.3 (/opt/ros/humble/share/visualization_msgs/cmake)
-- Configuring done
-- Generating done
-- Build files have been written to: /home/c/weston_ws/MPC_planner/build/obs_param
[ 33%] [32mBuilding CXX object CMakeFiles/obs_kf.dir/src/kalman.cpp.o[0m
[ 66%] [32mBuilding CXX object CMakeFiles/obs_kf.dir/src/obs_kf.cpp.o[0m
[100%] [32m[1mLinking CXX executable obs_kf[0m
[100%] Built target obs_kf
-- Install configuration: ""
-- Installing: /home/c/weston_ws/MPC_planner/install/obs_param/lib/obs_param/obs_kf
-- Set runtime path of "/home/c/weston_ws/MPC_planner/install/obs_param/lib/obs_param/obs_kf" to ""
-- Installing: /home/c/weston_ws/MPC_planner/install/obs_param/share/ament_index/resource_index/package_run_dependencies/obs_param
-- Installing: /home/c/weston_ws/MPC_planner/install/obs_param/share/ament_index/resource_index/parent_prefix_path/obs_param
-- Installing: /home/c/weston_ws/MPC_planner/install/obs_param/share/obs_param/environment/ament_prefix_path.sh
-- Installing: /home/c/weston_ws/MPC_planner/install/obs_param/share/obs_param/environment/ament_prefix_path.dsv
-- Installing: /home/c/weston_ws/MPC_planner/install/obs_param/share/obs_param/environment/path.sh
-- Installing: /home/c/weston_ws/MPC_planner/install/obs_param/share/obs_param/environment/path.dsv
-- Installing: /home/c/weston_ws/MPC_planner/install/obs_param/share/obs_param/local_setup.bash
-- Installing: /home/c/weston_ws/MPC_planner/install/obs_param/share/obs_param/local_setup.sh
-- Installing: /home/c/weston_ws/MPC_planner/install/obs_param/share/obs_param/local_setup.zsh
-- Installing: /home/c/weston_ws/MPC_planner/install/obs_param/share/obs_param/local_setup.dsv
-- Installing: /home/c/weston_ws/MPC_planner/install/obs_param/share/obs_param/package.dsv
-- Installing: /home/c/weston_ws/MPC_planner/install/obs_param/share/ament_index/resource_index/packages/obs_param
-- Installing: /home/c/weston_ws/MPC_planner/install/obs_param/share/obs_param/cmake/obs_paramConfig.cmake
-- Installing: /home/c/weston_ws/MPC_planner/install/obs_param/share/obs_param/cmake/obs_paramConfig-version.cmake
-- Installing: /home/c/weston_ws/MPC_planner/install/obs_param/share/obs_param/package.xml
