[0.216s] Invoking command in '/home/c/weston_ws/MPC_planner/build/obs_param': CMAKE_PREFIX_PATH=/opt/ros/humble WSLENV=ELECTRON_RUN_AS_NODE/w:BASH_ENV/u /usr/bin/cmake /home/c/weston_ws/MPC_planner/src/obs_param -DCMAKE_INSTALL_PREFIX=/home/c/weston_ws/MPC_planner/install/obs_param
[0.381s] -- The C compiler identification is GNU 9.5.0
[1.215s] -- The CXX compiler identification is GNU 9.5.0
[1.821s] -- Detecting C compiler ABI info
[2.032s] -- Detecting C compiler ABI info - done
[2.038s] -- Check for working C compiler: /usr/bin/cc - skipped
[2.038s] -- Detecting C compile features
[2.038s] -- Detecting C compile features - done
[2.041s] -- Detecting CXX compiler ABI info
[2.223s] -- Detecting CXX compiler ABI info - done
[2.229s] -- Check for working CXX compiler: /usr/bin/c++ - skipped
[2.229s] -- Detecting CXX compile features
[2.230s] -- Detecting CXX compile features - done
[2.232s] -- Found ament_cmake: 1.3.8 (/opt/ros/humble/share/ament_cmake/cmake)
[2.355s] -- Found Python3: /usr/bin/python3 (found version "3.10.12") found components: Interpreter 
[2.421s] -- Found rclcpp: 16.0.8 (/opt/ros/humble/share/rclcpp/cmake)
[2.580s] -- Found rosidl_generator_c: 3.1.5 (/opt/ros/humble/share/rosidl_generator_c/cmake)
[2.585s] -- Found rosidl_adapter: 3.1.5 (/opt/ros/humble/share/rosidl_adapter/cmake)
[2.590s] -- Found rosidl_generator_cpp: 3.1.5 (/opt/ros/humble/share/rosidl_generator_cpp/cmake)
[2.601s] -- Using all available rosidl_typesupport_c: rosidl_typesupport_fastrtps_c;rosidl_typesupport_introspection_c
[2.615s] -- Using all available rosidl_typesupport_cpp: rosidl_typesupport_fastrtps_cpp;rosidl_typesupport_introspection_cpp
[2.675s] -- Found rmw_implementation_cmake: 6.1.1 (/opt/ros/humble/share/rmw_implementation_cmake/cmake)
[2.677s] -- Found rmw_fastrtps_cpp: 6.2.6 (/opt/ros/humble/share/rmw_fastrtps_cpp/cmake)
[3.484s] -- Found OpenSSL: /usr/lib/x86_64-linux-gnu/libcrypto.so (found version "3.0.2")  
[4.791s] -- Found FastRTPS: /opt/ros/humble/include  
[6.323s] -- Using RMW implementation 'rmw_fastrtps_cpp' as default
[6.331s] -- Looking for pthread.h
[6.512s] -- Looking for pthread.h - found
[6.512s] -- Performing Test CMAKE_HAVE_LIBC_PTHREAD
[6.751s] -- Performing Test CMAKE_HAVE_LIBC_PTHREAD - Success
[6.752s] -- Found Threads: TRUE  
[6.881s] -- Found visualization_msgs: 4.2.3 (/opt/ros/humble/share/visualization_msgs/cmake)
[7.157s] -- Configuring done
[7.194s] -- Generating done
[7.196s] -- Build files have been written to: /home/c/weston_ws/MPC_planner/build/obs_param
[7.206s] Invoked command in '/home/c/weston_ws/MPC_planner/build/obs_param' returned '0': CMAKE_PREFIX_PATH=/opt/ros/humble WSLENV=ELECTRON_RUN_AS_NODE/w:BASH_ENV/u /usr/bin/cmake /home/c/weston_ws/MPC_planner/src/obs_param -DCMAKE_INSTALL_PREFIX=/home/c/weston_ws/MPC_planner/install/obs_param
[7.209s] Invoking command in '/home/c/weston_ws/MPC_planner/build/obs_param': CMAKE_PREFIX_PATH=/opt/ros/humble WSLENV=ELECTRON_RUN_AS_NODE/w:BASH_ENV/u /usr/bin/cmake --build /home/c/weston_ws/MPC_planner/build/obs_param -- -j12 -l12
[7.250s] [ 33%] [32mBuilding CXX object CMakeFiles/obs_kf.dir/src/kalman.cpp.o[0m
[7.250s] [ 66%] [32mBuilding CXX object CMakeFiles/obs_kf.dir/src/obs_kf.cpp.o[0m
[18.551s] [100%] [32m[1mLinking CXX executable obs_kf[0m
[19.638s] [100%] Built target obs_kf
[19.647s] Invoked command in '/home/c/weston_ws/MPC_planner/build/obs_param' returned '0': CMAKE_PREFIX_PATH=/opt/ros/humble WSLENV=ELECTRON_RUN_AS_NODE/w:BASH_ENV/u /usr/bin/cmake --build /home/c/weston_ws/MPC_planner/build/obs_param -- -j12 -l12
[19.670s] Invoking command in '/home/c/weston_ws/MPC_planner/build/obs_param': CMAKE_PREFIX_PATH=/opt/ros/humble WSLENV=ELECTRON_RUN_AS_NODE/w:BASH_ENV/u /usr/bin/cmake --install /home/c/weston_ws/MPC_planner/build/obs_param
[19.676s] -- Install configuration: ""
[19.677s] -- Installing: /home/c/weston_ws/MPC_planner/install/obs_param/lib/obs_param/obs_kf
[19.683s] -- Set runtime path of "/home/c/weston_ws/MPC_planner/install/obs_param/lib/obs_param/obs_kf" to ""
[19.685s] -- Installing: /home/c/weston_ws/MPC_planner/install/obs_param/share/ament_index/resource_index/package_run_dependencies/obs_param
[19.685s] -- Installing: /home/c/weston_ws/MPC_planner/install/obs_param/share/ament_index/resource_index/parent_prefix_path/obs_param
[19.686s] -- Installing: /home/c/weston_ws/MPC_planner/install/obs_param/share/obs_param/environment/ament_prefix_path.sh
[19.686s] -- Installing: /home/c/weston_ws/MPC_planner/install/obs_param/share/obs_param/environment/ament_prefix_path.dsv
[19.687s] -- Installing: /home/c/weston_ws/MPC_planner/install/obs_param/share/obs_param/environment/path.sh
[19.687s] -- Installing: /home/c/weston_ws/MPC_planner/install/obs_param/share/obs_param/environment/path.dsv
[19.687s] -- Installing: /home/c/weston_ws/MPC_planner/install/obs_param/share/obs_param/local_setup.bash
[19.687s] -- Installing: /home/c/weston_ws/MPC_planner/install/obs_param/share/obs_param/local_setup.sh
[19.687s] -- Installing: /home/c/weston_ws/MPC_planner/install/obs_param/share/obs_param/local_setup.zsh
[19.688s] -- Installing: /home/c/weston_ws/MPC_planner/install/obs_param/share/obs_param/local_setup.dsv
[19.688s] -- Installing: /home/c/weston_ws/MPC_planner/install/obs_param/share/obs_param/package.dsv
[19.688s] -- Installing: /home/c/weston_ws/MPC_planner/install/obs_param/share/ament_index/resource_index/packages/obs_param
[19.688s] -- Installing: /home/c/weston_ws/MPC_planner/install/obs_param/share/obs_param/cmake/obs_paramConfig.cmake
[19.688s] -- Installing: /home/c/weston_ws/MPC_planner/install/obs_param/share/obs_param/cmake/obs_paramConfig-version.cmake
[19.689s] -- Installing: /home/c/weston_ws/MPC_planner/install/obs_param/share/obs_param/package.xml
[19.691s] Invoked command in '/home/c/weston_ws/MPC_planner/build/obs_param' returned '0': CMAKE_PREFIX_PATH=/opt/ros/humble WSLENV=ELECTRON_RUN_AS_NODE/w:BASH_ENV/u /usr/bin/cmake --install /home/c/weston_ws/MPC_planner/build/obs_param
