[0.215s] Invoking command in '/home/c/weston_ws/MPC_planner/build/obs_param': CMAKE_PREFIX_PATH=/opt/ros/humble WSLENV=ELECTRON_RUN_AS_NODE/w:BASH_ENV/u /usr/bin/cmake --build /home/c/weston_ws/MPC_planner/build/obs_param -- -j12 -l12
[0.380s] [ 33%] [32mBuilding CXX object CMakeFiles/obs_kf.dir/src/obs_kf.cpp.o[0m
[7.206s] [ 66%] [32m[1mLinking CXX executable obs_kf[0m
[8.042s] [100%] Built target obs_kf
[8.050s] Invoked command in '/home/c/weston_ws/MPC_planner/build/obs_param' returned '0': CMAKE_PREFIX_PATH=/opt/ros/humble WSLENV=ELECTRON_RUN_AS_NODE/w:BASH_ENV/u /usr/bin/cmake --build /home/c/weston_ws/MPC_planner/build/obs_param -- -j12 -l12
[8.073s] Invoking command in '/home/c/weston_ws/MPC_planner/build/obs_param': CMAKE_PREFIX_PATH=/opt/ros/humble WSLENV=ELECTRON_RUN_AS_NODE/w:BASH_ENV/u /usr/bin/cmake --install /home/c/weston_ws/MPC_planner/build/obs_param
[8.076s] -- Install configuration: ""
[8.076s] -- Installing: /home/c/weston_ws/MPC_planner/install/obs_param/lib/obs_param/obs_kf
[8.081s] -- Set runtime path of "/home/c/weston_ws/MPC_planner/install/obs_param/lib/obs_param/obs_kf" to ""
[8.081s] -- Up-to-date: /home/c/weston_ws/MPC_planner/install/obs_param/share/ament_index/resource_index/package_run_dependencies/obs_param
[8.081s] -- Up-to-date: /home/c/weston_ws/MPC_planner/install/obs_param/share/ament_index/resource_index/parent_prefix_path/obs_param
[8.081s] -- Up-to-date: /home/c/weston_ws/MPC_planner/install/obs_param/share/obs_param/environment/ament_prefix_path.sh
[8.081s] -- Up-to-date: /home/c/weston_ws/MPC_planner/install/obs_param/share/obs_param/environment/ament_prefix_path.dsv
[8.082s] -- Up-to-date: /home/c/weston_ws/MPC_planner/install/obs_param/share/obs_param/environment/path.sh
[8.082s] -- Up-to-date: /home/c/weston_ws/MPC_planner/install/obs_param/share/obs_param/environment/path.dsv
[8.082s] -- Up-to-date: /home/c/weston_ws/MPC_planner/install/obs_param/share/obs_param/local_setup.bash
[8.082s] -- Up-to-date: /home/c/weston_ws/MPC_planner/install/obs_param/share/obs_param/local_setup.sh
[8.082s] -- Up-to-date: /home/c/weston_ws/MPC_planner/install/obs_param/share/obs_param/local_setup.zsh
[8.082s] -- Up-to-date: /home/c/weston_ws/MPC_planner/install/obs_param/share/obs_param/local_setup.dsv
[8.082s] -- Installing: /home/c/weston_ws/MPC_planner/install/obs_param/share/obs_param/package.dsv
[8.083s] -- Up-to-date: /home/c/weston_ws/MPC_planner/install/obs_param/share/ament_index/resource_index/packages/obs_param
[8.083s] -- Up-to-date: /home/c/weston_ws/MPC_planner/install/obs_param/share/obs_param/cmake/obs_paramConfig.cmake
[8.083s] -- Up-to-date: /home/c/weston_ws/MPC_planner/install/obs_param/share/obs_param/cmake/obs_paramConfig-version.cmake
[8.084s] -- Up-to-date: /home/c/weston_ws/MPC_planner/install/obs_param/share/obs_param/package.xml
[8.084s] Invoked command in '/home/c/weston_ws/MPC_planner/build/obs_param' returned '0': CMAKE_PREFIX_PATH=/opt/ros/humble WSLENV=ELECTRON_RUN_AS_NODE/w:BASH_ENV/u /usr/bin/cmake --install /home/c/weston_ws/MPC_planner/build/obs_param
