[3.192s] Invoking command in '/home/c/weston_ws/MPC_planner/src/samplelaunch': PYTHONPATH=/home/c/weston_ws/MPC_planner/build/samplelaunch/prefix_override:/home/c/weston_ws/MPC_planner/install/samplelaunch/lib/python3.10/site-packages:${PYTHONPATH} WSLENV=ELECTRON_RUN_AS_NODE/w:BASH_ENV/u /usr/bin/python3 -W ignore:setup.py install is deprecated setup.py egg_info --egg-base ../../build/samplelaunch build --build-base /home/c/weston_ws/MPC_planner/build/samplelaunch/build install --record /home/c/weston_ws/MPC_planner/build/samplelaunch/install.log --single-version-externally-managed install_data
[3.911s] running egg_info
[3.911s] writing ../../build/samplelaunch/samplelaunch.egg-info/PKG-INFO
[3.911s] writing dependency_links to ../../build/samplelaunch/samplelaunch.egg-info/dependency_links.txt
[3.911s] writing entry points to ../../build/samplelaunch/samplelaunch.egg-info/entry_points.txt
[3.911s] writing requirements to ../../build/samplelaunch/samplelaunch.egg-info/requires.txt
[3.912s] writing top-level names to ../../build/samplelaunch/samplelaunch.egg-info/top_level.txt
[3.913s] reading manifest file '../../build/samplelaunch/samplelaunch.egg-info/SOURCES.txt'
[3.981s] adding license file 'LICENSE'
[3.981s] writing manifest file '../../build/samplelaunch/samplelaunch.egg-info/SOURCES.txt'
[3.981s] running build
[3.981s] running build_py
[3.981s] running install
[3.981s] running install_lib
[3.981s] running install_data
[3.981s] running install_egg_info
[3.981s] removing '/home/c/weston_ws/MPC_planner/install/samplelaunch/lib/python3.10/site-packages/samplelaunch-0.0.0-py3.10.egg-info' (and everything under it)
[3.981s] Copying ../../build/samplelaunch/samplelaunch.egg-info to /home/c/weston_ws/MPC_planner/install/samplelaunch/lib/python3.10/site-packages/samplelaunch-0.0.0-py3.10.egg-info
[3.981s] running install_scripts
[3.984s] writing list of installed files to '/home/c/weston_ws/MPC_planner/build/samplelaunch/install.log'
[4.160s] Invoked command in '/home/c/weston_ws/MPC_planner/src/samplelaunch' returned '0': PYTHONPATH=/home/c/weston_ws/MPC_planner/build/samplelaunch/prefix_override:/home/c/weston_ws/MPC_planner/install/samplelaunch/lib/python3.10/site-packages:${PYTHONPATH} WSLENV=ELECTRON_RUN_AS_NODE/w:BASH_ENV/u /usr/bin/python3 -W ignore:setup.py install is deprecated setup.py egg_info --egg-base ../../build/samplelaunch build --build-base /home/c/weston_ws/MPC_planner/build/samplelaunch/build install --record /home/c/weston_ws/MPC_planner/build/samplelaunch/install.log --single-version-externally-managed install_data
