[2.179s] Invoking command in '/home/c/weston_ws/MPC_planner/src/samplelaunch': PYTHONPATH=/home/c/weston_ws/MPC_planner/build/samplelaunch/prefix_override:/home/c/weston_ws/MPC_planner/install/samplelaunch/lib/python3.10/site-packages:${PYTHONPATH} WSLENV=ELECTRON_RUN_AS_NODE/w:BASH_ENV/u /usr/bin/python3 -W ignore:setup.py install is deprecated setup.py egg_info --egg-base ../../build/samplelaunch build --build-base /home/c/weston_ws/MPC_planner/build/samplelaunch/build install --record /home/c/weston_ws/MPC_planner/build/samplelaunch/install.log --single-version-externally-managed install_data
[2.758s] running egg_info
[2.759s] writing ../../build/samplelaunch/samplelaunch.egg-info/PKG-INFO
[2.760s] writing dependency_links to ../../build/samplelaunch/samplelaunch.egg-info/dependency_links.txt
[2.760s] writing entry points to ../../build/samplelaunch/samplelaunch.egg-info/entry_points.txt
[2.761s] writing requirements to ../../build/samplelaunch/samplelaunch.egg-info/requires.txt
[2.761s] writing top-level names to ../../build/samplelaunch/samplelaunch.egg-info/top_level.txt
[2.763s] reading manifest file '../../build/samplelaunch/samplelaunch.egg-info/SOURCES.txt'
[2.764s] adding license file 'LICENSE'
[2.764s] writing manifest file '../../build/samplelaunch/samplelaunch.egg-info/SOURCES.txt'
[2.768s] running build
[2.771s] running build_py
[2.771s] running install
[2.772s] running install_lib
[2.774s] running install_data
[2.778s] running install_egg_info
[2.783s] removing '/home/c/weston_ws/MPC_planner/install/samplelaunch/lib/python3.10/site-packages/samplelaunch-0.0.0-py3.10.egg-info' (and everything under it)
[2.783s] Copying ../../build/samplelaunch/samplelaunch.egg-info to /home/c/weston_ws/MPC_planner/install/samplelaunch/lib/python3.10/site-packages/samplelaunch-0.0.0-py3.10.egg-info
[2.783s] running install_scripts
[2.840s] writing list of installed files to '/home/c/weston_ws/MPC_planner/build/samplelaunch/install.log'
[2.922s] Invoked command in '/home/c/weston_ws/MPC_planner/src/samplelaunch' returned '0': PYTHONPATH=/home/c/weston_ws/MPC_planner/build/samplelaunch/prefix_override:/home/c/weston_ws/MPC_planner/install/samplelaunch/lib/python3.10/site-packages:${PYTHONPATH} WSLENV=ELECTRON_RUN_AS_NODE/w:BASH_ENV/u /usr/bin/python3 -W ignore:setup.py install is deprecated setup.py egg_info --egg-base ../../build/samplelaunch build --build-base /home/c/weston_ws/MPC_planner/build/samplelaunch/build install --record /home/c/weston_ws/MPC_planner/build/samplelaunch/install.log --single-version-externally-managed install_data
