[0.059s] Invoking command in '/home/c/weston_ws/MPC_planner/build/velodyne_gazebo_plugins': CMAKE_PREFIX_PATH=/opt/ros/humble WSLENV=ELECTRON_RUN_AS_NODE/w:BASH_ENV/u /usr/bin/cmake --build /home/c/weston_ws/MPC_planner/build/velodyne_gazebo_plugins -- -j12 -l12
[0.419s] [100%] Built target gazebo_ros_velodyne_laser
[0.442s] Invoked command in '/home/c/weston_ws/MPC_planner/build/velodyne_gazebo_plugins' returned '0': CMAKE_PREFIX_PATH=/opt/ros/humble WSLENV=ELECTRON_RUN_AS_NODE/w:BASH_ENV/u /usr/bin/cmake --build /home/c/weston_ws/MPC_planner/build/velodyne_gazebo_plugins -- -j12 -l12
[0.474s] Invoking command in '/home/c/weston_ws/MPC_planner/build/velodyne_gazebo_plugins': CMAKE_PREFIX_PATH=/opt/ros/humble WSLENV=ELECTRON_RUN_AS_NODE/w:BASH_ENV/u /usr/bin/cmake --install /home/c/weston_ws/MPC_planner/build/velodyne_gazebo_plugins
[0.488s] -- Install configuration: ""
[0.489s] -- Up-to-date: /home/c/weston_ws/MPC_planner/install/velodyne_gazebo_plugins/lib/libgazebo_ros_velodyne_laser.so
[0.489s] -- Up-to-date: /home/c/weston_ws/MPC_planner/install/velodyne_gazebo_plugins/include/velodyne_gazebo_plugins
[0.489s] -- Up-to-date: /home/c/weston_ws/MPC_planner/install/velodyne_gazebo_plugins/include/velodyne_gazebo_plugins/GazeboRosVelodyneLaser.hpp
[0.493s] -- Up-to-date: /home/c/weston_ws/MPC_planner/install/velodyne_gazebo_plugins/share/velodyne_gazebo_plugins/environment/library_path.sh
[0.494s] -- Up-to-date: /home/c/weston_ws/MPC_planner/install/velodyne_gazebo_plugins/share/velodyne_gazebo_plugins/environment/library_path.dsv
[0.495s] -- Up-to-date: /home/c/weston_ws/MPC_planner/install/velodyne_gazebo_plugins/share/ament_index/resource_index/package_run_dependencies/velodyne_gazebo_plugins
[0.496s] -- Up-to-date: /home/c/weston_ws/MPC_planner/install/velodyne_gazebo_plugins/share/ament_index/resource_index/parent_prefix_path/velodyne_gazebo_plugins
[0.497s] -- Up-to-date: /home/c/weston_ws/MPC_planner/install/velodyne_gazebo_plugins/share/velodyne_gazebo_plugins/environment/ament_prefix_path.sh
[0.499s] -- Up-to-date: /home/c/weston_ws/MPC_planner/install/velodyne_gazebo_plugins/share/velodyne_gazebo_plugins/environment/ament_prefix_path.dsv
[0.499s] -- Up-to-date: /home/c/weston_ws/MPC_planner/install/velodyne_gazebo_plugins/share/velodyne_gazebo_plugins/environment/path.sh
[0.499s] -- Up-to-date: /home/c/weston_ws/MPC_planner/install/velodyne_gazebo_plugins/share/velodyne_gazebo_plugins/environment/path.dsv
[0.499s] -- Up-to-date: /home/c/weston_ws/MPC_planner/install/velodyne_gazebo_plugins/share/velodyne_gazebo_plugins/local_setup.bash
[0.500s] -- Up-to-date: /home/c/weston_ws/MPC_planner/install/velodyne_gazebo_plugins/share/velodyne_gazebo_plugins/local_setup.sh
[0.500s] -- Up-to-date: /home/c/weston_ws/MPC_planner/install/velodyne_gazebo_plugins/share/velodyne_gazebo_plugins/local_setup.zsh
[0.501s] -- Up-to-date: /home/c/weston_ws/MPC_planner/install/velodyne_gazebo_plugins/share/velodyne_gazebo_plugins/local_setup.dsv
[0.501s] -- Installing: /home/c/weston_ws/MPC_planner/install/velodyne_gazebo_plugins/share/velodyne_gazebo_plugins/package.dsv
[0.502s] -- Up-to-date: /home/c/weston_ws/MPC_planner/install/velodyne_gazebo_plugins/share/ament_index/resource_index/packages/velodyne_gazebo_plugins
[0.502s] -- Up-to-date: /home/c/weston_ws/MPC_planner/install/velodyne_gazebo_plugins/share/velodyne_gazebo_plugins/cmake/ament_cmake_export_include_directories-extras.cmake
[0.502s] -- Up-to-date: /home/c/weston_ws/MPC_planner/install/velodyne_gazebo_plugins/share/velodyne_gazebo_plugins/cmake/ament_cmake_export_libraries-extras.cmake
[0.502s] -- Up-to-date: /home/c/weston_ws/MPC_planner/install/velodyne_gazebo_plugins/share/velodyne_gazebo_plugins/cmake/ament_cmake_export_dependencies-extras.cmake
[0.502s] -- Up-to-date: /home/c/weston_ws/MPC_planner/install/velodyne_gazebo_plugins/share/velodyne_gazebo_plugins/cmake/velodyne_gazebo_pluginsConfig.cmake
[0.502s] -- Up-to-date: /home/c/weston_ws/MPC_planner/install/velodyne_gazebo_plugins/share/velodyne_gazebo_plugins/cmake/velodyne_gazebo_pluginsConfig-version.cmake
[0.503s] -- Up-to-date: /home/c/weston_ws/MPC_planner/install/velodyne_gazebo_plugins/share/velodyne_gazebo_plugins/package.xml
[0.522s] Invoked command in '/home/c/weston_ws/MPC_planner/build/velodyne_gazebo_plugins' returned '0': CMAKE_PREFIX_PATH=/opt/ros/humble WSLENV=ELECTRON_RUN_AS_NODE/w:BASH_ENV/u /usr/bin/cmake --install /home/c/weston_ws/MPC_planner/build/velodyne_gazebo_plugins
