[0.178s] Invoking command in '/home/c/weston_ws/MPC_planner/build/linear_path_publisher': CMAKE_PREFIX_PATH=/opt/ros/humble WSLENV=ELECTRON_RUN_AS_NODE/w:BASH_ENV/u /usr/bin/cmake --build /home/c/weston_ws/MPC_planner/build/linear_path_publisher -- -j12 -l12
[1.259s] [100%] Built target linear_path_publisher
[1.378s] Invoked command in '/home/c/weston_ws/MPC_planner/build/linear_path_publisher' returned '0': CMAKE_PREFIX_PATH=/opt/ros/humble WSLENV=ELECTRON_RUN_AS_NODE/w:BASH_ENV/u /usr/bin/cmake --build /home/c/weston_ws/MPC_planner/build/linear_path_publisher -- -j12 -l12
[1.719s] Invoking command in '/home/c/weston_ws/MPC_planner/build/linear_path_publisher': CMAKE_PREFIX_PATH=/opt/ros/humble WSLENV=ELECTRON_RUN_AS_NODE/w:BASH_ENV/u /usr/bin/cmake --install /home/c/weston_ws/MPC_planner/build/linear_path_publisher
[1.997s] -- Install configuration: ""
[1.997s] -- Up-to-date: /home/c/weston_ws/MPC_planner/install/linear_path_publisher/lib/linear_path_publisher/linear_path_publisher
[1.997s] -- Up-to-date: /home/c/weston_ws/MPC_planner/install/linear_path_publisher/share/linear_path_publisher//launch
[1.998s] -- Up-to-date: /home/c/weston_ws/MPC_planner/install/linear_path_publisher/share/linear_path_publisher//launch/linear_path_publisher.launch.py
[1.998s] -- Up-to-date: /home/c/weston_ws/MPC_planner/install/linear_path_publisher/share/ament_index/resource_index/package_run_dependencies/linear_path_publisher
[1.998s] -- Up-to-date: /home/c/weston_ws/MPC_planner/install/linear_path_publisher/share/ament_index/resource_index/parent_prefix_path/linear_path_publisher
[1.998s] -- Up-to-date: /home/c/weston_ws/MPC_planner/install/linear_path_publisher/share/linear_path_publisher/environment/ament_prefix_path.sh
[1.998s] -- Up-to-date: /home/c/weston_ws/MPC_planner/install/linear_path_publisher/share/linear_path_publisher/environment/ament_prefix_path.dsv
[1.999s] -- Up-to-date: /home/c/weston_ws/MPC_planner/install/linear_path_publisher/share/linear_path_publisher/environment/path.sh
[1.999s] -- Up-to-date: /home/c/weston_ws/MPC_planner/install/linear_path_publisher/share/linear_path_publisher/environment/path.dsv
[1.999s] -- Up-to-date: /home/c/weston_ws/MPC_planner/install/linear_path_publisher/share/linear_path_publisher/local_setup.bash
[1.999s] -- Up-to-date: /home/c/weston_ws/MPC_planner/install/linear_path_publisher/share/linear_path_publisher/local_setup.sh
[1.999s] -- Up-to-date: /home/c/weston_ws/MPC_planner/install/linear_path_publisher/share/linear_path_publisher/local_setup.zsh
[1.999s] -- Up-to-date: /home/c/weston_ws/MPC_planner/install/linear_path_publisher/share/linear_path_publisher/local_setup.dsv
[1.999s] -- Installing: /home/c/weston_ws/MPC_planner/install/linear_path_publisher/share/linear_path_publisher/package.dsv
[1.999s] -- Up-to-date: /home/c/weston_ws/MPC_planner/install/linear_path_publisher/share/ament_index/resource_index/packages/linear_path_publisher
[1.999s] -- Up-to-date: /home/c/weston_ws/MPC_planner/install/linear_path_publisher/share/linear_path_publisher/cmake/linear_path_publisherConfig.cmake
[1.999s] -- Up-to-date: /home/c/weston_ws/MPC_planner/install/linear_path_publisher/share/linear_path_publisher/cmake/linear_path_publisherConfig-version.cmake
[2.000s] -- Up-to-date: /home/c/weston_ws/MPC_planner/install/linear_path_publisher/share/linear_path_publisher/package.xml
[2.117s] Invoked command in '/home/c/weston_ws/MPC_planner/build/linear_path_publisher' returned '0': CMAKE_PREFIX_PATH=/opt/ros/humble WSLENV=ELECTRON_RUN_AS_NODE/w:BASH_ENV/u /usr/bin/cmake --install /home/c/weston_ws/MPC_planner/build/linear_path_publisher
