[2.466s] Invoking command in '/home/c/weston_ws/MPC_planner/src/local_planner': PYTHONPATH=/home/c/weston_ws/MPC_planner/build/local_planner/prefix_override:/home/c/weston_ws/MPC_planner/install/local_planner/lib/python3.10/site-packages:${PYTHONPATH} WSLENV=ELECTRON_RUN_AS_NODE/w:BASH_ENV/u /usr/bin/python3 -W ignore:setup.py install is deprecated setup.py egg_info --egg-base ../../build/local_planner build --build-base /home/c/weston_ws/MPC_planner/build/local_planner/build install --record /home/c/weston_ws/MPC_planner/build/local_planner/install.log --single-version-externally-managed install_data
[3.010s] running egg_info
[3.011s] writing ../../build/local_planner/local_planner.egg-info/PKG-INFO
[3.016s] writing dependency_links to ../../build/local_planner/local_planner.egg-info/dependency_links.txt
[3.016s] writing entry points to ../../build/local_planner/local_planner.egg-info/entry_points.txt
[3.016s] writing requirements to ../../build/local_planner/local_planner.egg-info/requires.txt
[3.016s] writing top-level names to ../../build/local_planner/local_planner.egg-info/top_level.txt
[3.019s] reading manifest file '../../build/local_planner/local_planner.egg-info/SOURCES.txt'
[3.020s] writing manifest file '../../build/local_planner/local_planner.egg-info/SOURCES.txt'
[3.020s] running build
[3.020s] running build_py
[3.020s] copying local_planner/local_planner.py -> /home/c/weston_ws/MPC_planner/build/local_planner/build/lib/local_planner
[3.021s] running install
[3.026s] running install_lib
[3.027s] copying /home/c/weston_ws/MPC_planner/build/local_planner/build/lib/local_planner/local_planner.py -> /home/c/weston_ws/MPC_planner/install/local_planner/lib/python3.10/site-packages/local_planner
[3.028s] byte-compiling /home/c/weston_ws/MPC_planner/install/local_planner/lib/python3.10/site-packages/local_planner/local_planner.py to local_planner.cpython-310.pyc
[3.036s] running install_data
[3.036s] running install_egg_info
[3.040s] removing '/home/c/weston_ws/MPC_planner/install/local_planner/lib/python3.10/site-packages/local_planner-0.0.0-py3.10.egg-info' (and everything under it)
[3.040s] Copying ../../build/local_planner/local_planner.egg-info to /home/c/weston_ws/MPC_planner/install/local_planner/lib/python3.10/site-packages/local_planner-0.0.0-py3.10.egg-info
[3.048s] running install_scripts
[3.101s] Installing controller_node script to /home/c/weston_ws/MPC_planner/install/local_planner/lib/local_planner
[3.101s] Installing local_planner_node script to /home/c/weston_ws/MPC_planner/install/local_planner/lib/local_planner
[3.107s] writing list of installed files to '/home/c/weston_ws/MPC_planner/build/local_planner/install.log'
[3.216s] Invoked command in '/home/c/weston_ws/MPC_planner/src/local_planner' returned '0': PYTHONPATH=/home/c/weston_ws/MPC_planner/build/local_planner/prefix_override:/home/c/weston_ws/MPC_planner/install/local_planner/lib/python3.10/site-packages:${PYTHONPATH} WSLENV=ELECTRON_RUN_AS_NODE/w:BASH_ENV/u /usr/bin/python3 -W ignore:setup.py install is deprecated setup.py egg_info --egg-base ../../build/local_planner build --build-base /home/c/weston_ws/MPC_planner/build/local_planner/build install --record /home/c/weston_ws/MPC_planner/build/local_planner/install.log --single-version-externally-managed install_data
