[0.560s] Invoking command in '/home/c/weston_ws/MPC_planner/build/turtlebot3_gazebo': CMAKE_PREFIX_PATH=/opt/ros/humble WSLENV=ELECTRON_RUN_AS_NODE/w:BASH_ENV/u /usr/bin/cmake --build /home/c/weston_ws/MPC_planner/build/turtlebot3_gazebo -- -j12 -l12
[2.179s] [ 25%] Built target turtlebot3_drive
[2.180s] [ 50%] Built target obstacle1
[2.180s] [ 75%] Built target obstacle2
[2.180s] [100%] Built target obstacles
[2.860s] Invoked command in '/home/c/weston_ws/MPC_planner/build/turtlebot3_gazebo' returned '0': CMAKE_PREFIX_PATH=/opt/ros/humble WSLENV=ELECTRON_RUN_AS_NODE/w:BASH_ENV/u /usr/bin/cmake --build /home/c/weston_ws/MPC_planner/build/turtlebot3_gazebo -- -j12 -l12
[3.220s] Invoking command in '/home/c/weston_ws/MPC_planner/build/turtlebot3_gazebo': CMAKE_PREFIX_PATH=/opt/ros/humble WSLENV=ELECTRON_RUN_AS_NODE/w:BASH_ENV/u /usr/bin/cmake --install /home/c/weston_ws/MPC_planner/build/turtlebot3_gazebo
[3.440s] -- Install configuration: ""
[3.440s] -- Up-to-date: /home/c/weston_ws/MPC_planner/install/turtlebot3_gazebo/lib/turtlebot3_gazebo/turtlebot3_drive
[3.440s] -- Up-to-date: /home/c/weston_ws/MPC_planner/install/turtlebot3_gazebo/share/turtlebot3_gazebo//launch
[3.440s] -- Up-to-date: /home/c/weston_ws/MPC_planner/install/turtlebot3_gazebo/share/turtlebot3_gazebo//launch/robot_state_publisher.launch.py
[3.440s] -- Up-to-date: /home/c/weston_ws/MPC_planner/install/turtlebot3_gazebo/share/turtlebot3_gazebo//launch/empty_world.launch.py
[3.440s] -- Up-to-date: /home/c/weston_ws/MPC_planner/install/turtlebot3_gazebo/share/turtlebot3_gazebo//launch/turtlebot3_dqn_stage3.launch.py
[3.440s] -- Up-to-date: /home/c/weston_ws/MPC_planner/install/turtlebot3_gazebo/share/turtlebot3_gazebo//launch/spawn_turtlebot3.launch.py
[3.440s] -- Up-to-date: /home/c/weston_ws/MPC_planner/install/turtlebot3_gazebo/share/turtlebot3_gazebo//launch/turtlebot3_dqn_stage4.launch.py
[3.440s] -- Up-to-date: /home/c/weston_ws/MPC_planner/install/turtlebot3_gazebo/share/turtlebot3_gazebo//launch/turtlebot3_dqn_stage2.launch.py
[3.440s] -- Up-to-date: /home/c/weston_ws/MPC_planner/install/turtlebot3_gazebo/share/turtlebot3_gazebo//launch/turtlebot3_world.launch.py
[3.440s] -- Up-to-date: /home/c/weston_ws/MPC_planner/install/turtlebot3_gazebo/share/turtlebot3_gazebo//launch/turtlebot3_dqn_stage1.launch.py
[3.441s] -- Up-to-date: /home/c/weston_ws/MPC_planner/install/turtlebot3_gazebo/share/turtlebot3_gazebo//launch/turtlebot3_house.launch.py
[3.441s] -- Up-to-date: /home/c/weston_ws/MPC_planner/install/turtlebot3_gazebo/share/turtlebot3_gazebo//models
[3.441s] -- Up-to-date: /home/c/weston_ws/MPC_planner/install/turtlebot3_gazebo/share/turtlebot3_gazebo//models/turtlebot3_house
[3.441s] -- Up-to-date: /home/c/weston_ws/MPC_planner/install/turtlebot3_gazebo/share/turtlebot3_gazebo//models/turtlebot3_house/model.sdf
[3.441s] -- Up-to-date: /home/c/weston_ws/MPC_planner/install/turtlebot3_gazebo/share/turtlebot3_gazebo//models/turtlebot3_house/model.config
[3.441s] -- Up-to-date: /home/c/weston_ws/MPC_planner/install/turtlebot3_gazebo/share/turtlebot3_gazebo//models/velodyne_VLP16
[3.441s] -- Up-to-date: /home/c/weston_ws/MPC_planner/install/turtlebot3_gazebo/share/turtlebot3_gazebo//models/velodyne_VLP16/vlp16_spawn.urdf.xacro
[3.441s] -- Up-to-date: /home/c/weston_ws/MPC_planner/install/turtlebot3_gazebo/share/turtlebot3_gazebo//models/velodyne_VLP16/model.sdf
[3.441s] -- Up-to-date: /home/c/weston_ws/MPC_planner/install/turtlebot3_gazebo/share/turtlebot3_gazebo//models/velodyne_VLP16/meshes
[3.442s] -- Up-to-date: /home/c/weston_ws/MPC_planner/install/turtlebot3_gazebo/share/turtlebot3_gazebo//models/velodyne_VLP16/meshes/VLP16_base_2.dae
[3.442s] -- Up-to-date: /home/c/weston_ws/MPC_planner/install/turtlebot3_gazebo/share/turtlebot3_gazebo//models/velodyne_VLP16/meshes/VLP16_base_1.dae
[3.442s] -- Up-to-date: /home/c/weston_ws/MPC_planner/install/turtlebot3_gazebo/share/turtlebot3_gazebo//models/velodyne_VLP16/meshes/VLP16_scan.dae
[3.442s] -- Up-to-date: /home/c/weston_ws/MPC_planner/install/turtlebot3_gazebo/share/turtlebot3_gazebo//models/velodyne_VLP16/meshes/VLP16_base_1.stl
[3.442s] -- Up-to-date: /home/c/weston_ws/MPC_planner/install/turtlebot3_gazebo/share/turtlebot3_gazebo//models/velodyne_VLP16/meshes/VLP16_base_2.stl
[3.442s] -- Up-to-date: /home/c/weston_ws/MPC_planner/install/turtlebot3_gazebo/share/turtlebot3_gazebo//models/velodyne_VLP16/meshes/VLP16_scan.stl
[3.442s] -- Up-to-date: /home/c/weston_ws/MPC_planner/install/turtlebot3_gazebo/share/turtlebot3_gazebo//models/velodyne_VLP16/vlp16.urdf.xacro
[3.442s] -- Up-to-date: /home/c/weston_ws/MPC_planner/install/turtlebot3_gazebo/share/turtlebot3_gazebo//models/velodyne_VLP16/model.config
[3.442s] -- Up-to-date: /home/c/weston_ws/MPC_planner/install/turtlebot3_gazebo/share/turtlebot3_gazebo//models/turtlebot3_waffle
[3.442s] -- Up-to-date: /home/c/weston_ws/MPC_planner/install/turtlebot3_gazebo/share/turtlebot3_gazebo//models/turtlebot3_waffle/model.sdf
[3.442s] -- Up-to-date: /home/c/weston_ws/MPC_planner/install/turtlebot3_gazebo/share/turtlebot3_gazebo//models/turtlebot3_waffle/model-1_4.sdf
[3.442s] -- Up-to-date: /home/c/weston_ws/MPC_planner/install/turtlebot3_gazebo/share/turtlebot3_gazebo//models/turtlebot3_waffle/model.config
[3.442s] -- Up-to-date: /home/c/weston_ws/MPC_planner/install/turtlebot3_gazebo/share/turtlebot3_gazebo//models/turtlebot3_dqn_world
[3.442s] -- Up-to-date: /home/c/weston_ws/MPC_planner/install/turtlebot3_gazebo/share/turtlebot3_gazebo//models/turtlebot3_dqn_world/inner_walls
[3.442s] -- Up-to-date: /home/c/weston_ws/MPC_planner/install/turtlebot3_gazebo/share/turtlebot3_gazebo//models/turtlebot3_dqn_world/inner_walls/model.sdf
[3.442s] -- Up-to-date: /home/c/weston_ws/MPC_planner/install/turtlebot3_gazebo/share/turtlebot3_gazebo//models/turtlebot3_dqn_world/inner_walls/model.config
[3.442s] -- Up-to-date: /home/c/weston_ws/MPC_planner/install/turtlebot3_gazebo/share/turtlebot3_gazebo//models/turtlebot3_dqn_world/model.sdf
[3.442s] -- Up-to-date: /home/c/weston_ws/MPC_planner/install/turtlebot3_gazebo/share/turtlebot3_gazebo//models/turtlebot3_dqn_world/goal_box
[3.442s] -- Up-to-date: /home/c/weston_ws/MPC_planner/install/turtlebot3_gazebo/share/turtlebot3_gazebo//models/turtlebot3_dqn_world/goal_box/model.sdf
[3.442s] -- Up-to-date: /home/c/weston_ws/MPC_planner/install/turtlebot3_gazebo/share/turtlebot3_gazebo//models/turtlebot3_dqn_world/goal_box/model.config
[3.442s] -- Up-to-date: /home/c/weston_ws/MPC_planner/install/turtlebot3_gazebo/share/turtlebot3_gazebo//models/turtlebot3_dqn_world/obstacle2
[3.443s] -- Up-to-date: /home/c/weston_ws/MPC_planner/install/turtlebot3_gazebo/share/turtlebot3_gazebo//models/turtlebot3_dqn_world/obstacle2/model.sdf
[3.443s] -- Up-to-date: /home/c/weston_ws/MPC_planner/install/turtlebot3_gazebo/share/turtlebot3_gazebo//models/turtlebot3_dqn_world/obstacle2/model.config
[3.443s] -- Up-to-date: /home/c/weston_ws/MPC_planner/install/turtlebot3_gazebo/share/turtlebot3_gazebo//models/turtlebot3_dqn_world/obstacles
[3.443s] -- Up-to-date: /home/c/weston_ws/MPC_planner/install/turtlebot3_gazebo/share/turtlebot3_gazebo//models/turtlebot3_dqn_world/obstacles/model.sdf
[3.443s] -- Up-to-date: /home/c/weston_ws/MPC_planner/install/turtlebot3_gazebo/share/turtlebot3_gazebo//models/turtlebot3_dqn_world/obstacles/model.config
[3.443s] -- Up-to-date: /home/c/weston_ws/MPC_planner/install/turtlebot3_gazebo/share/turtlebot3_gazebo//models/turtlebot3_dqn_world/obstacle1
[3.443s] -- Up-to-date: /home/c/weston_ws/MPC_planner/install/turtlebot3_gazebo/share/turtlebot3_gazebo//models/turtlebot3_dqn_world/obstacle1/model.sdf
[3.443s] -- Up-to-date: /home/c/weston_ws/MPC_planner/install/turtlebot3_gazebo/share/turtlebot3_gazebo//models/turtlebot3_dqn_world/obstacle1/model.config
[3.443s] -- Up-to-date: /home/c/weston_ws/MPC_planner/install/turtlebot3_gazebo/share/turtlebot3_gazebo//models/turtlebot3_dqn_world/obstacle_plugin
[3.443s] -- Up-to-date: /home/c/weston_ws/MPC_planner/install/turtlebot3_gazebo/share/turtlebot3_gazebo//models/turtlebot3_dqn_world/obstacle_plugin/obstacles.cc
[3.443s] -- Up-to-date: /home/c/weston_ws/MPC_planner/install/turtlebot3_gazebo/share/turtlebot3_gazebo//models/turtlebot3_dqn_world/obstacle_plugin/obstacle1.cc
[3.443s] -- Up-to-date: /home/c/weston_ws/MPC_planner/install/turtlebot3_gazebo/share/turtlebot3_gazebo//models/turtlebot3_dqn_world/obstacle_plugin/CMakeLists.txt
[3.443s] -- Up-to-date: /home/c/weston_ws/MPC_planner/install/turtlebot3_gazebo/share/turtlebot3_gazebo//models/turtlebot3_dqn_world/obstacle_plugin/obstacle2.cc
[3.443s] -- Up-to-date: /home/c/weston_ws/MPC_planner/install/turtlebot3_gazebo/share/turtlebot3_gazebo//models/turtlebot3_dqn_world/model.config
[3.443s] -- Up-to-date: /home/c/weston_ws/MPC_planner/install/turtlebot3_gazebo/share/turtlebot3_gazebo//models/turtlebot3_common
[3.443s] -- Up-to-date: /home/c/weston_ws/MPC_planner/install/turtlebot3_gazebo/share/turtlebot3_gazebo//models/turtlebot3_common/meshes
[3.443s] -- Up-to-date: /home/c/weston_ws/MPC_planner/install/turtlebot3_gazebo/share/turtlebot3_gazebo//models/turtlebot3_common/meshes/r200.dae
[3.443s] -- Up-to-date: /home/c/weston_ws/MPC_planner/install/turtlebot3_gazebo/share/turtlebot3_gazebo//models/turtlebot3_common/meshes/burger_base.dae
[3.443s] -- Up-to-date: /home/c/weston_ws/MPC_planner/install/turtlebot3_gazebo/share/turtlebot3_gazebo//models/turtlebot3_common/meshes/tire.dae
[3.443s] -- Up-to-date: /home/c/weston_ws/MPC_planner/install/turtlebot3_gazebo/share/turtlebot3_gazebo//models/turtlebot3_common/meshes/waffle_base.dae
[3.443s] -- Up-to-date: /home/c/weston_ws/MPC_planner/install/turtlebot3_gazebo/share/turtlebot3_gazebo//models/turtlebot3_common/meshes/lds.dae
[3.443s] -- Up-to-date: /home/c/weston_ws/MPC_planner/install/turtlebot3_gazebo/share/turtlebot3_gazebo//models/turtlebot3_common/meshes/waffle_pi_base.dae
[3.459s] -- Up-to-date: /home/c/weston_ws/MPC_planner/install/turtlebot3_gazebo/share/turtlebot3_gazebo//models/turtlebot3_common/model.config
[3.492s] -- Up-to-date: /home/c/weston_ws/MPC_planner/install/turtlebot3_gazebo/share/turtlebot3_gazebo//models/turtlebot3_burger
[3.492s] -- Up-to-date: /home/c/weston_ws/MPC_planner/install/turtlebot3_gazebo/share/turtlebot3_gazebo//models/turtlebot3_burger/model.sdf
[3.492s] -- Up-to-date: /home/c/weston_ws/MPC_planner/install/turtlebot3_gazebo/share/turtlebot3_gazebo//models/turtlebot3_burger/model-1_4.sdf
[3.492s] -- Up-to-date: /home/c/weston_ws/MPC_planner/install/turtlebot3_gazebo/share/turtlebot3_gazebo//models/turtlebot3_burger/model.config
[3.492s] -- Up-to-date: /home/c/weston_ws/MPC_planner/install/turtlebot3_gazebo/share/turtlebot3_gazebo//models/turtlebot3_world
[3.492s] -- Up-to-date: /home/c/weston_ws/MPC_planner/install/turtlebot3_gazebo/share/turtlebot3_gazebo//models/turtlebot3_world/model.sdf
[3.492s] -- Up-to-date: /home/c/weston_ws/MPC_planner/install/turtlebot3_gazebo/share/turtlebot3_gazebo//models/turtlebot3_world/meshes
[3.510s] -- Up-to-date: /home/c/weston_ws/MPC_planner/install/turtlebot3_gazebo/share/turtlebot3_gazebo//models/turtlebot3_world/meshes/hexagon.dae
[3.580s] -- Up-to-date: /home/c/weston_ws/MPC_planner/install/turtlebot3_gazebo/share/turtlebot3_gazebo//models/turtlebot3_world/meshes/wall.dae
[3.630s] -- Up-to-date: /home/c/weston_ws/MPC_planner/install/turtlebot3_gazebo/share/turtlebot3_gazebo//models/turtlebot3_world/model-1_4.sdf
[3.640s] -- Up-to-date: /home/c/weston_ws/MPC_planner/install/turtlebot3_gazebo/share/turtlebot3_gazebo//models/turtlebot3_world/model.config
[3.640s] -- Up-to-date: /home/c/weston_ws/MPC_planner/install/turtlebot3_gazebo/share/turtlebot3_gazebo//models/turtlebot3_waffle_pi
[3.640s] -- Up-to-date: /home/c/weston_ws/MPC_planner/install/turtlebot3_gazebo/share/turtlebot3_gazebo//models/turtlebot3_waffle_pi/model.sdf
[3.640s] -- Up-to-date: /home/c/weston_ws/MPC_planner/install/turtlebot3_gazebo/share/turtlebot3_gazebo//models/turtlebot3_waffle_pi/model-1_4_.sdf
[3.641s] -- Up-to-date: /home/c/weston_ws/MPC_planner/install/turtlebot3_gazebo/share/turtlebot3_gazebo//models/turtlebot3_waffle_pi/model.config
[3.641s] -- Up-to-date: /home/c/weston_ws/MPC_planner/install/turtlebot3_gazebo/share/turtlebot3_gazebo//models/turtlebot3_burger_velodyne
[3.641s] -- Up-to-date: /home/c/weston_ws/MPC_planner/install/turtlebot3_gazebo/share/turtlebot3_gazebo//models/turtlebot3_burger_velodyne/model.sdf
[3.641s] -- Up-to-date: /home/c/weston_ws/MPC_planner/install/turtlebot3_gazebo/share/turtlebot3_gazebo//models/turtlebot3_burger_velodyne/meshes
[3.641s] -- Up-to-date: /home/c/weston_ws/MPC_planner/install/turtlebot3_gazebo/share/turtlebot3_gazebo//models/turtlebot3_burger_velodyne/meshes/lds.stl
[3.641s] -- Up-to-date: /home/c/weston_ws/MPC_planner/install/turtlebot3_gazebo/share/turtlebot3_gazebo//models/turtlebot3_burger_velodyne/meshes/right_tire.stl
[3.641s] -- Up-to-date: /home/c/weston_ws/MPC_planner/install/turtlebot3_gazebo/share/turtlebot3_gazebo//models/turtlebot3_burger_velodyne/meshes/left_tire.stl
[3.641s] -- Up-to-date: /home/c/weston_ws/MPC_planner/install/turtlebot3_gazebo/share/turtlebot3_gazebo//models/turtlebot3_burger_velodyne/meshes/burger_base.stl
[3.641s] -- Up-to-date: /home/c/weston_ws/MPC_planner/install/turtlebot3_gazebo/share/turtlebot3_gazebo//models/turtlebot3_burger_velodyne/meshes_dae
[3.641s] -- Up-to-date: /home/c/weston_ws/MPC_planner/install/turtlebot3_gazebo/share/turtlebot3_gazebo//models/turtlebot3_burger_velodyne/meshes_dae/left_tire.dae
[3.641s] -- Up-to-date: /home/c/weston_ws/MPC_planner/install/turtlebot3_gazebo/share/turtlebot3_gazebo//models/turtlebot3_burger_velodyne/meshes_dae/burger_base.dae
[3.642s] -- Up-to-date: /home/c/weston_ws/MPC_planner/install/turtlebot3_gazebo/share/turtlebot3_gazebo//models/turtlebot3_burger_velodyne/meshes_dae/lds.dae
[3.642s] -- Up-to-date: /home/c/weston_ws/MPC_planner/install/turtlebot3_gazebo/share/turtlebot3_gazebo//models/turtlebot3_burger_velodyne/meshes_dae/right_tire.dae
[3.642s] -- Up-to-date: /home/c/weston_ws/MPC_planner/install/turtlebot3_gazebo/share/turtlebot3_gazebo//models/turtlebot3_burger_velodyne/model.config
[3.642s] -- Up-to-date: /home/c/weston_ws/MPC_planner/install/turtlebot3_gazebo/share/turtlebot3_gazebo//rviz
[3.642s] -- Up-to-date: /home/c/weston_ws/MPC_planner/install/turtlebot3_gazebo/share/turtlebot3_gazebo//rviz/tb3_gazebo.rviz
[3.642s] -- Up-to-date: /home/c/weston_ws/MPC_planner/install/turtlebot3_gazebo/share/turtlebot3_gazebo//urdf
[3.642s] -- Up-to-date: /home/c/weston_ws/MPC_planner/install/turtlebot3_gazebo/share/turtlebot3_gazebo//urdf/common_properties.urdf
[3.642s] -- Up-to-date: /home/c/weston_ws/MPC_planner/install/turtlebot3_gazebo/share/turtlebot3_gazebo//urdf/turtlebot3_burger.urdf
[3.642s] -- Up-to-date: /home/c/weston_ws/MPC_planner/install/turtlebot3_gazebo/share/turtlebot3_gazebo//urdf/turtlebot3_waffle_pi.urdf
[3.642s] -- Up-to-date: /home/c/weston_ws/MPC_planner/install/turtlebot3_gazebo/share/turtlebot3_gazebo//urdf/turtlebot3_waffle.urdf
[3.642s] -- Up-to-date: /home/c/weston_ws/MPC_planner/install/turtlebot3_gazebo/share/turtlebot3_gazebo//worlds
[3.642s] -- Up-to-date: /home/c/weston_ws/MPC_planner/install/turtlebot3_gazebo/share/turtlebot3_gazebo//worlds/turtlebot3_house.world
[3.643s] -- Up-to-date: /home/c/weston_ws/MPC_planner/install/turtlebot3_gazebo/share/turtlebot3_gazebo//worlds/turtlebot3_dqn_stage1.world
[3.643s] -- Up-to-date: /home/c/weston_ws/MPC_planner/install/turtlebot3_gazebo/share/turtlebot3_gazebo//worlds/selworld
[3.643s] -- Up-to-date: /home/c/weston_ws/MPC_planner/install/turtlebot3_gazebo/share/turtlebot3_gazebo//worlds/empty_world.world
[3.643s] -- Up-to-date: /home/c/weston_ws/MPC_planner/install/turtlebot3_gazebo/share/turtlebot3_gazebo//worlds/turtlebot3_dqn_stage3.world
[3.643s] -- Up-to-date: /home/c/weston_ws/MPC_planner/install/turtlebot3_gazebo/share/turtlebot3_gazebo//worlds/turtlebot3_dqn_stage2.world
[3.649s] -- Up-to-date: /home/c/weston_ws/MPC_planner/install/turtlebot3_gazebo/share/turtlebot3_gazebo//worlds/turtlebot3_dqn_stage4.world
[3.649s] -- Up-to-date: /home/c/weston_ws/MPC_planner/install/turtlebot3_gazebo/share/turtlebot3_gazebo//worlds/turtlebot3_world.world
[3.649s] -- Up-to-date: /home/c/weston_ws/MPC_planner/install/turtlebot3_gazebo/include/
[3.649s] -- Up-to-date: /home/c/weston_ws/MPC_planner/install/turtlebot3_gazebo/include//turtlebot3_gazebo
[3.650s] -- Up-to-date: /home/c/weston_ws/MPC_planner/install/turtlebot3_gazebo/include//turtlebot3_gazebo/turtlebot3_drive.hpp
[3.650s] -- Up-to-date: /home/c/weston_ws/MPC_planner/install/turtlebot3_gazebo/share/ament_index/resource_index/package_run_dependencies/turtlebot3_gazebo
[3.650s] -- Up-to-date: /home/c/weston_ws/MPC_planner/install/turtlebot3_gazebo/share/ament_index/resource_index/parent_prefix_path/turtlebot3_gazebo
[3.650s] -- Up-to-date: /home/c/weston_ws/MPC_planner/install/turtlebot3_gazebo/share/turtlebot3_gazebo/environment/ament_prefix_path.sh
[3.650s] -- Up-to-date: /home/c/weston_ws/MPC_planner/install/turtlebot3_gazebo/share/turtlebot3_gazebo/environment/ament_prefix_path.dsv
[3.650s] -- Up-to-date: /home/c/weston_ws/MPC_planner/install/turtlebot3_gazebo/share/turtlebot3_gazebo/environment/path.sh
[3.650s] -- Up-to-date: /home/c/weston_ws/MPC_planner/install/turtlebot3_gazebo/share/turtlebot3_gazebo/environment/path.dsv
[3.650s] -- Up-to-date: /home/c/weston_ws/MPC_planner/install/turtlebot3_gazebo/share/turtlebot3_gazebo/local_setup.bash
[3.650s] -- Up-to-date: /home/c/weston_ws/MPC_planner/install/turtlebot3_gazebo/share/turtlebot3_gazebo/local_setup.sh
[3.650s] -- Up-to-date: /home/c/weston_ws/MPC_planner/install/turtlebot3_gazebo/share/turtlebot3_gazebo/local_setup.zsh
[3.650s] -- Up-to-date: /home/c/weston_ws/MPC_planner/install/turtlebot3_gazebo/share/turtlebot3_gazebo/local_setup.dsv
[3.650s] -- Installing: /home/c/weston_ws/MPC_planner/install/turtlebot3_gazebo/share/turtlebot3_gazebo/package.dsv
[3.650s] -- Up-to-date: /home/c/weston_ws/MPC_planner/install/turtlebot3_gazebo/share/ament_index/resource_index/packages/turtlebot3_gazebo
[3.650s] -- Up-to-date: /home/c/weston_ws/MPC_planner/install/turtlebot3_gazebo/share/turtlebot3_gazebo/cmake/ament_cmake_export_include_directories-extras.cmake
[3.650s] -- Up-to-date: /home/c/weston_ws/MPC_planner/install/turtlebot3_gazebo/share/turtlebot3_gazebo/cmake/ament_cmake_export_dependencies-extras.cmake
[3.651s] -- Up-to-date: /home/c/weston_ws/MPC_planner/install/turtlebot3_gazebo/share/turtlebot3_gazebo/cmake/turtlebot3_gazeboConfig.cmake
[3.651s] -- Up-to-date: /home/c/weston_ws/MPC_planner/install/turtlebot3_gazebo/share/turtlebot3_gazebo/cmake/turtlebot3_gazeboConfig-version.cmake
[3.652s] -- Up-to-date: /home/c/weston_ws/MPC_planner/install/turtlebot3_gazebo/share/turtlebot3_gazebo/package.xml
[3.902s] Invoked command in '/home/c/weston_ws/MPC_planner/build/turtlebot3_gazebo' returned '0': CMAKE_PREFIX_PATH=/opt/ros/humble WSLENV=ELECTRON_RUN_AS_NODE/w:BASH_ENV/u /usr/bin/cmake --install /home/c/weston_ws/MPC_planner/build/turtlebot3_gazebo
