[0.061s] Invoking command in '/home/c/weston_ws/MPC_planner/build/turtlebot3_gazebo': CMAKE_PREFIX_PATH=/opt/ros/humble WSLENV=ELECTRON_RUN_AS_NODE/w:BASH_ENV/u /usr/bin/cmake --build /home/c/weston_ws/MPC_planner/build/turtlebot3_gazebo -- -j12 -l12
[0.651s] [ 25%] Built target turtlebot3_drive
[0.656s] [ 50%] Built target obstacle1
[0.656s] [ 75%] Built target obstacle2
[0.657s] [100%] Built target obstacles
[0.693s] Invoked command in '/home/c/weston_ws/MPC_planner/build/turtlebot3_gazebo' returned '0': CMAKE_PREFIX_PATH=/opt/ros/humble WSLENV=ELECTRON_RUN_AS_NODE/w:BASH_ENV/u /usr/bin/cmake --build /home/c/weston_ws/MPC_planner/build/turtlebot3_gazebo -- -j12 -l12
[0.879s] Invoking command in '/home/c/weston_ws/MPC_planner/build/turtlebot3_gazebo': CMAKE_PREFIX_PATH=/opt/ros/humble WSLENV=ELECTRON_RUN_AS_NODE/w:BASH_ENV/u /usr/bin/cmake --install /home/c/weston_ws/MPC_planner/build/turtlebot3_gazebo
[0.897s] -- Install configuration: ""
[0.897s] -- Up-to-date: /home/c/weston_ws/MPC_planner/install/turtlebot3_gazebo/lib/turtlebot3_gazebo/turtlebot3_drive
[0.897s] -- Up-to-date: /home/c/weston_ws/MPC_planner/install/turtlebot3_gazebo/share/turtlebot3_gazebo//launch
[0.897s] -- Up-to-date: /home/c/weston_ws/MPC_planner/install/turtlebot3_gazebo/share/turtlebot3_gazebo//launch/robot_state_publisher.launch.py
[0.897s] -- Up-to-date: /home/c/weston_ws/MPC_planner/install/turtlebot3_gazebo/share/turtlebot3_gazebo//launch/empty_world.launch.py
[0.897s] -- Up-to-date: /home/c/weston_ws/MPC_planner/install/turtlebot3_gazebo/share/turtlebot3_gazebo//launch/turtlebot3_dqn_stage3.launch.py
[0.898s] -- Up-to-date: /home/c/weston_ws/MPC_planner/install/turtlebot3_gazebo/share/turtlebot3_gazebo//launch/spawn_turtlebot3.launch.py
[0.899s] -- Up-to-date: /home/c/weston_ws/MPC_planner/install/turtlebot3_gazebo/share/turtlebot3_gazebo//launch/turtlebot3_dqn_stage4.launch.py
[0.899s] -- Up-to-date: /home/c/weston_ws/MPC_planner/install/turtlebot3_gazebo/share/turtlebot3_gazebo//launch/turtlebot3_dqn_stage2.launch.py
[0.900s] -- Up-to-date: /home/c/weston_ws/MPC_planner/install/turtlebot3_gazebo/share/turtlebot3_gazebo//launch/turtlebot3_world.launch.py
[0.900s] -- Up-to-date: /home/c/weston_ws/MPC_planner/install/turtlebot3_gazebo/share/turtlebot3_gazebo//launch/turtlebot3_dqn_stage1.launch.py
[0.900s] -- Up-to-date: /home/c/weston_ws/MPC_planner/install/turtlebot3_gazebo/share/turtlebot3_gazebo//launch/turtlebot3_house.launch.py
[0.901s] -- Up-to-date: /home/c/weston_ws/MPC_planner/install/turtlebot3_gazebo/share/turtlebot3_gazebo//models
[0.901s] -- Up-to-date: /home/c/weston_ws/MPC_planner/install/turtlebot3_gazebo/share/turtlebot3_gazebo//models/turtlebot3_house
[0.902s] -- Up-to-date: /home/c/weston_ws/MPC_planner/install/turtlebot3_gazebo/share/turtlebot3_gazebo//models/turtlebot3_house/model.sdf
[0.902s] -- Up-to-date: /home/c/weston_ws/MPC_planner/install/turtlebot3_gazebo/share/turtlebot3_gazebo//models/turtlebot3_house/model.config
[0.902s] -- Up-to-date: /home/c/weston_ws/MPC_planner/install/turtlebot3_gazebo/share/turtlebot3_gazebo//models/velodyne_VLP16
[0.903s] -- Up-to-date: /home/c/weston_ws/MPC_planner/install/turtlebot3_gazebo/share/turtlebot3_gazebo//models/velodyne_VLP16/vlp16_spawn.urdf.xacro
[0.903s] -- Up-to-date: /home/c/weston_ws/MPC_planner/install/turtlebot3_gazebo/share/turtlebot3_gazebo//models/velodyne_VLP16/model.sdf
[0.903s] -- Up-to-date: /home/c/weston_ws/MPC_planner/install/turtlebot3_gazebo/share/turtlebot3_gazebo//models/velodyne_VLP16/meshes
[0.903s] -- Up-to-date: /home/c/weston_ws/MPC_planner/install/turtlebot3_gazebo/share/turtlebot3_gazebo//models/velodyne_VLP16/meshes/VLP16_base_2.dae
[0.906s] -- Up-to-date: /home/c/weston_ws/MPC_planner/install/turtlebot3_gazebo/share/turtlebot3_gazebo//models/velodyne_VLP16/meshes/VLP16_base_1.dae
[0.907s] -- Up-to-date: /home/c/weston_ws/MPC_planner/install/turtlebot3_gazebo/share/turtlebot3_gazebo//models/velodyne_VLP16/meshes/VLP16_scan.dae
[0.908s] -- Up-to-date: /home/c/weston_ws/MPC_planner/install/turtlebot3_gazebo/share/turtlebot3_gazebo//models/velodyne_VLP16/meshes/VLP16_base_1.stl
[0.909s] -- Up-to-date: /home/c/weston_ws/MPC_planner/install/turtlebot3_gazebo/share/turtlebot3_gazebo//models/velodyne_VLP16/meshes/VLP16_base_2.stl
[0.910s] -- Up-to-date: /home/c/weston_ws/MPC_planner/install/turtlebot3_gazebo/share/turtlebot3_gazebo//models/velodyne_VLP16/meshes/VLP16_scan.stl
[0.910s] -- Up-to-date: /home/c/weston_ws/MPC_planner/install/turtlebot3_gazebo/share/turtlebot3_gazebo//models/velodyne_VLP16/vlp16.urdf.xacro
[0.910s] -- Up-to-date: /home/c/weston_ws/MPC_planner/install/turtlebot3_gazebo/share/turtlebot3_gazebo//models/velodyne_VLP16/model.config
[0.910s] -- Up-to-date: /home/c/weston_ws/MPC_planner/install/turtlebot3_gazebo/share/turtlebot3_gazebo//models/turtlebot3_waffle
[0.911s] -- Up-to-date: /home/c/weston_ws/MPC_planner/install/turtlebot3_gazebo/share/turtlebot3_gazebo//models/turtlebot3_waffle/model.sdf
[0.913s] -- Up-to-date: /home/c/weston_ws/MPC_planner/install/turtlebot3_gazebo/share/turtlebot3_gazebo//models/turtlebot3_waffle/model-1_4.sdf
[0.919s] -- Up-to-date: /home/c/weston_ws/MPC_planner/install/turtlebot3_gazebo/share/turtlebot3_gazebo//models/turtlebot3_waffle/model.config
[0.919s] -- Up-to-date: /home/c/weston_ws/MPC_planner/install/turtlebot3_gazebo/share/turtlebot3_gazebo//models/turtlebot3_dqn_world
[0.919s] -- Up-to-date: /home/c/weston_ws/MPC_planner/install/turtlebot3_gazebo/share/turtlebot3_gazebo//models/turtlebot3_dqn_world/inner_walls
[0.919s] -- Up-to-date: /home/c/weston_ws/MPC_planner/install/turtlebot3_gazebo/share/turtlebot3_gazebo//models/turtlebot3_dqn_world/inner_walls/model.sdf
[0.920s] -- Up-to-date: /home/c/weston_ws/MPC_planner/install/turtlebot3_gazebo/share/turtlebot3_gazebo//models/turtlebot3_dqn_world/inner_walls/model.config
[0.920s] -- Up-to-date: /home/c/weston_ws/MPC_planner/install/turtlebot3_gazebo/share/turtlebot3_gazebo//models/turtlebot3_dqn_world/model.sdf
[0.920s] -- Up-to-date: /home/c/weston_ws/MPC_planner/install/turtlebot3_gazebo/share/turtlebot3_gazebo//models/turtlebot3_dqn_world/goal_box
[0.920s] -- Up-to-date: /home/c/weston_ws/MPC_planner/install/turtlebot3_gazebo/share/turtlebot3_gazebo//models/turtlebot3_dqn_world/goal_box/model.sdf
[0.920s] -- Up-to-date: /home/c/weston_ws/MPC_planner/install/turtlebot3_gazebo/share/turtlebot3_gazebo//models/turtlebot3_dqn_world/goal_box/model.config
[0.921s] -- Up-to-date: /home/c/weston_ws/MPC_planner/install/turtlebot3_gazebo/share/turtlebot3_gazebo//models/turtlebot3_dqn_world/obstacle2
[0.921s] -- Up-to-date: /home/c/weston_ws/MPC_planner/install/turtlebot3_gazebo/share/turtlebot3_gazebo//models/turtlebot3_dqn_world/obstacle2/model.sdf
[0.921s] -- Up-to-date: /home/c/weston_ws/MPC_planner/install/turtlebot3_gazebo/share/turtlebot3_gazebo//models/turtlebot3_dqn_world/obstacle2/model.config
[0.922s] -- Up-to-date: /home/c/weston_ws/MPC_planner/install/turtlebot3_gazebo/share/turtlebot3_gazebo//models/turtlebot3_dqn_world/obstacles
[0.922s] -- Up-to-date: /home/c/weston_ws/MPC_planner/install/turtlebot3_gazebo/share/turtlebot3_gazebo//models/turtlebot3_dqn_world/obstacles/model.sdf
[0.922s] -- Up-to-date: /home/c/weston_ws/MPC_planner/install/turtlebot3_gazebo/share/turtlebot3_gazebo//models/turtlebot3_dqn_world/obstacles/model.config
[0.922s] -- Up-to-date: /home/c/weston_ws/MPC_planner/install/turtlebot3_gazebo/share/turtlebot3_gazebo//models/turtlebot3_dqn_world/obstacle1
[0.922s] -- Up-to-date: /home/c/weston_ws/MPC_planner/install/turtlebot3_gazebo/share/turtlebot3_gazebo//models/turtlebot3_dqn_world/obstacle1/model.sdf
[0.924s] -- Up-to-date: /home/c/weston_ws/MPC_planner/install/turtlebot3_gazebo/share/turtlebot3_gazebo//models/turtlebot3_dqn_world/obstacle1/model.config
[0.925s] -- Up-to-date: /home/c/weston_ws/MPC_planner/install/turtlebot3_gazebo/share/turtlebot3_gazebo//models/turtlebot3_dqn_world/obstacle_plugin
[0.925s] -- Up-to-date: /home/c/weston_ws/MPC_planner/install/turtlebot3_gazebo/share/turtlebot3_gazebo//models/turtlebot3_dqn_world/obstacle_plugin/obstacles.cc
[0.926s] -- Up-to-date: /home/c/weston_ws/MPC_planner/install/turtlebot3_gazebo/share/turtlebot3_gazebo//models/turtlebot3_dqn_world/obstacle_plugin/obstacle1.cc
[0.926s] -- Up-to-date: /home/c/weston_ws/MPC_planner/install/turtlebot3_gazebo/share/turtlebot3_gazebo//models/turtlebot3_dqn_world/obstacle_plugin/CMakeLists.txt
[0.926s] -- Up-to-date: /home/c/weston_ws/MPC_planner/install/turtlebot3_gazebo/share/turtlebot3_gazebo//models/turtlebot3_dqn_world/obstacle_plugin/obstacle2.cc
[0.926s] -- Up-to-date: /home/c/weston_ws/MPC_planner/install/turtlebot3_gazebo/share/turtlebot3_gazebo//models/turtlebot3_dqn_world/model.config
[0.927s] -- Up-to-date: /home/c/weston_ws/MPC_planner/install/turtlebot3_gazebo/share/turtlebot3_gazebo//models/turtlebot3_common
[0.927s] -- Up-to-date: /home/c/weston_ws/MPC_planner/install/turtlebot3_gazebo/share/turtlebot3_gazebo//models/turtlebot3_common/meshes
[0.930s] -- Up-to-date: /home/c/weston_ws/MPC_planner/install/turtlebot3_gazebo/share/turtlebot3_gazebo//models/turtlebot3_common/meshes/r200.dae
[0.931s] -- Up-to-date: /home/c/weston_ws/MPC_planner/install/turtlebot3_gazebo/share/turtlebot3_gazebo//models/turtlebot3_common/meshes/burger_base.dae
[0.931s] -- Up-to-date: /home/c/weston_ws/MPC_planner/install/turtlebot3_gazebo/share/turtlebot3_gazebo//models/turtlebot3_common/meshes/tire.dae
[0.931s] -- Up-to-date: /home/c/weston_ws/MPC_planner/install/turtlebot3_gazebo/share/turtlebot3_gazebo//models/turtlebot3_common/meshes/waffle_base.dae
[0.931s] -- Up-to-date: /home/c/weston_ws/MPC_planner/install/turtlebot3_gazebo/share/turtlebot3_gazebo//models/turtlebot3_common/meshes/lds.dae
[0.932s] -- Up-to-date: /home/c/weston_ws/MPC_planner/install/turtlebot3_gazebo/share/turtlebot3_gazebo//models/turtlebot3_common/meshes/waffle_pi_base.dae
[0.932s] -- Up-to-date: /home/c/weston_ws/MPC_planner/install/turtlebot3_gazebo/share/turtlebot3_gazebo//models/turtlebot3_common/model.config
[0.932s] -- Up-to-date: /home/c/weston_ws/MPC_planner/install/turtlebot3_gazebo/share/turtlebot3_gazebo//models/turtlebot3_burger
[0.933s] -- Up-to-date: /home/c/weston_ws/MPC_planner/install/turtlebot3_gazebo/share/turtlebot3_gazebo//models/turtlebot3_burger/model.sdf
[0.934s] -- Up-to-date: /home/c/weston_ws/MPC_planner/install/turtlebot3_gazebo/share/turtlebot3_gazebo//models/turtlebot3_burger/model-1_4.sdf
[0.934s] -- Up-to-date: /home/c/weston_ws/MPC_planner/install/turtlebot3_gazebo/share/turtlebot3_gazebo//models/turtlebot3_burger/model.config
[0.937s] -- Up-to-date: /home/c/weston_ws/MPC_planner/install/turtlebot3_gazebo/share/turtlebot3_gazebo//models/turtlebot3_world
[0.939s] -- Up-to-date: /home/c/weston_ws/MPC_planner/install/turtlebot3_gazebo/share/turtlebot3_gazebo//models/turtlebot3_world/model.sdf
[0.941s] -- Up-to-date: /home/c/weston_ws/MPC_planner/install/turtlebot3_gazebo/share/turtlebot3_gazebo//models/turtlebot3_world/meshes
[0.941s] -- Up-to-date: /home/c/weston_ws/MPC_planner/install/turtlebot3_gazebo/share/turtlebot3_gazebo//models/turtlebot3_world/meshes/hexagon.dae
[0.941s] -- Up-to-date: /home/c/weston_ws/MPC_planner/install/turtlebot3_gazebo/share/turtlebot3_gazebo//models/turtlebot3_world/meshes/wall.dae
[0.941s] -- Up-to-date: /home/c/weston_ws/MPC_planner/install/turtlebot3_gazebo/share/turtlebot3_gazebo//models/turtlebot3_world/model-1_4.sdf
[0.942s] -- Up-to-date: /home/c/weston_ws/MPC_planner/install/turtlebot3_gazebo/share/turtlebot3_gazebo//models/turtlebot3_world/model.config
[0.942s] -- Up-to-date: /home/c/weston_ws/MPC_planner/install/turtlebot3_gazebo/share/turtlebot3_gazebo//models/turtlebot3_waffle_pi
[0.942s] -- Up-to-date: /home/c/weston_ws/MPC_planner/install/turtlebot3_gazebo/share/turtlebot3_gazebo//models/turtlebot3_waffle_pi/model.sdf
[0.942s] -- Up-to-date: /home/c/weston_ws/MPC_planner/install/turtlebot3_gazebo/share/turtlebot3_gazebo//models/turtlebot3_waffle_pi/model-1_4_.sdf
[0.942s] -- Up-to-date: /home/c/weston_ws/MPC_planner/install/turtlebot3_gazebo/share/turtlebot3_gazebo//models/turtlebot3_waffle_pi/model.config
[0.943s] -- Up-to-date: /home/c/weston_ws/MPC_planner/install/turtlebot3_gazebo/share/turtlebot3_gazebo//models/turtlebot3_burger_velodyne
[0.943s] -- Up-to-date: /home/c/weston_ws/MPC_planner/install/turtlebot3_gazebo/share/turtlebot3_gazebo//models/turtlebot3_burger_velodyne/model.sdf
[0.943s] -- Up-to-date: /home/c/weston_ws/MPC_planner/install/turtlebot3_gazebo/share/turtlebot3_gazebo//models/turtlebot3_burger_velodyne/meshes
[0.943s] -- Up-to-date: /home/c/weston_ws/MPC_planner/install/turtlebot3_gazebo/share/turtlebot3_gazebo//models/turtlebot3_burger_velodyne/meshes/lds.stl
[0.943s] -- Up-to-date: /home/c/weston_ws/MPC_planner/install/turtlebot3_gazebo/share/turtlebot3_gazebo//models/turtlebot3_burger_velodyne/meshes/right_tire.stl
[0.943s] -- Up-to-date: /home/c/weston_ws/MPC_planner/install/turtlebot3_gazebo/share/turtlebot3_gazebo//models/turtlebot3_burger_velodyne/meshes/left_tire.stl
[0.943s] -- Up-to-date: /home/c/weston_ws/MPC_planner/install/turtlebot3_gazebo/share/turtlebot3_gazebo//models/turtlebot3_burger_velodyne/meshes/burger_base.stl
[0.943s] -- Up-to-date: /home/c/weston_ws/MPC_planner/install/turtlebot3_gazebo/share/turtlebot3_gazebo//models/turtlebot3_burger_velodyne/meshes_dae
[0.943s] -- Up-to-date: /home/c/weston_ws/MPC_planner/install/turtlebot3_gazebo/share/turtlebot3_gazebo//models/turtlebot3_burger_velodyne/meshes_dae/left_tire.dae
[0.944s] -- Up-to-date: /home/c/weston_ws/MPC_planner/install/turtlebot3_gazebo/share/turtlebot3_gazebo//models/turtlebot3_burger_velodyne/meshes_dae/burger_base.dae
[0.944s] -- Up-to-date: /home/c/weston_ws/MPC_planner/install/turtlebot3_gazebo/share/turtlebot3_gazebo//models/turtlebot3_burger_velodyne/meshes_dae/lds.dae
[0.945s] -- Up-to-date: /home/c/weston_ws/MPC_planner/install/turtlebot3_gazebo/share/turtlebot3_gazebo//models/turtlebot3_burger_velodyne/meshes_dae/right_tire.dae
[0.945s] -- Up-to-date: /home/c/weston_ws/MPC_planner/install/turtlebot3_gazebo/share/turtlebot3_gazebo//models/turtlebot3_burger_velodyne/model.config
[0.945s] -- Up-to-date: /home/c/weston_ws/MPC_planner/install/turtlebot3_gazebo/share/turtlebot3_gazebo//rviz
[0.945s] -- Up-to-date: /home/c/weston_ws/MPC_planner/install/turtlebot3_gazebo/share/turtlebot3_gazebo//rviz/tb3_gazebo.rviz
[0.945s] -- Up-to-date: /home/c/weston_ws/MPC_planner/install/turtlebot3_gazebo/share/turtlebot3_gazebo//urdf
[0.946s] -- Up-to-date: /home/c/weston_ws/MPC_planner/install/turtlebot3_gazebo/share/turtlebot3_gazebo//urdf/common_properties.urdf
[0.946s] -- Up-to-date: /home/c/weston_ws/MPC_planner/install/turtlebot3_gazebo/share/turtlebot3_gazebo//urdf/turtlebot3_burger.urdf
[0.947s] -- Up-to-date: /home/c/weston_ws/MPC_planner/install/turtlebot3_gazebo/share/turtlebot3_gazebo//urdf/turtlebot3_waffle_pi.urdf
[0.947s] -- Up-to-date: /home/c/weston_ws/MPC_planner/install/turtlebot3_gazebo/share/turtlebot3_gazebo//urdf/turtlebot3_waffle.urdf
[0.947s] -- Up-to-date: /home/c/weston_ws/MPC_planner/install/turtlebot3_gazebo/share/turtlebot3_gazebo//worlds
[0.947s] -- Up-to-date: /home/c/weston_ws/MPC_planner/install/turtlebot3_gazebo/share/turtlebot3_gazebo//worlds/turtlebot3_house.world
[0.947s] -- Up-to-date: /home/c/weston_ws/MPC_planner/install/turtlebot3_gazebo/share/turtlebot3_gazebo//worlds/turtlebot3_dqn_stage1.world
[0.948s] -- Up-to-date: /home/c/weston_ws/MPC_planner/install/turtlebot3_gazebo/share/turtlebot3_gazebo//worlds/selworld
[0.948s] -- Up-to-date: /home/c/weston_ws/MPC_planner/install/turtlebot3_gazebo/share/turtlebot3_gazebo//worlds/empty_world.world
[0.948s] -- Up-to-date: /home/c/weston_ws/MPC_planner/install/turtlebot3_gazebo/share/turtlebot3_gazebo//worlds/turtlebot3_dqn_stage3.world
[0.948s] -- Up-to-date: /home/c/weston_ws/MPC_planner/install/turtlebot3_gazebo/share/turtlebot3_gazebo//worlds/turtlebot3_dqn_stage2.world
[0.949s] -- Up-to-date: /home/c/weston_ws/MPC_planner/install/turtlebot3_gazebo/share/turtlebot3_gazebo//worlds/turtlebot3_dqn_stage4.world
[0.949s] -- Up-to-date: /home/c/weston_ws/MPC_planner/install/turtlebot3_gazebo/share/turtlebot3_gazebo//worlds/turtlebot3_world.world
[0.950s] -- Up-to-date: /home/c/weston_ws/MPC_planner/install/turtlebot3_gazebo/include/
[0.951s] -- Up-to-date: /home/c/weston_ws/MPC_planner/install/turtlebot3_gazebo/include//turtlebot3_gazebo
[0.952s] -- Up-to-date: /home/c/weston_ws/MPC_planner/install/turtlebot3_gazebo/include//turtlebot3_gazebo/turtlebot3_drive.hpp
[0.952s] -- Up-to-date: /home/c/weston_ws/MPC_planner/install/turtlebot3_gazebo/share/ament_index/resource_index/package_run_dependencies/turtlebot3_gazebo
[0.952s] -- Up-to-date: /home/c/weston_ws/MPC_planner/install/turtlebot3_gazebo/share/ament_index/resource_index/parent_prefix_path/turtlebot3_gazebo
[0.952s] -- Up-to-date: /home/c/weston_ws/MPC_planner/install/turtlebot3_gazebo/share/turtlebot3_gazebo/environment/ament_prefix_path.sh
[0.953s] -- Up-to-date: /home/c/weston_ws/MPC_planner/install/turtlebot3_gazebo/share/turtlebot3_gazebo/environment/ament_prefix_path.dsv
[0.954s] -- Up-to-date: /home/c/weston_ws/MPC_planner/install/turtlebot3_gazebo/share/turtlebot3_gazebo/environment/path.sh
[0.954s] -- Up-to-date: /home/c/weston_ws/MPC_planner/install/turtlebot3_gazebo/share/turtlebot3_gazebo/environment/path.dsv
[0.954s] -- Up-to-date: /home/c/weston_ws/MPC_planner/install/turtlebot3_gazebo/share/turtlebot3_gazebo/local_setup.bash
[0.955s] -- Up-to-date: /home/c/weston_ws/MPC_planner/install/turtlebot3_gazebo/share/turtlebot3_gazebo/local_setup.sh
[0.955s] -- Up-to-date: /home/c/weston_ws/MPC_planner/install/turtlebot3_gazebo/share/turtlebot3_gazebo/local_setup.zsh
[0.955s] -- Up-to-date: /home/c/weston_ws/MPC_planner/install/turtlebot3_gazebo/share/turtlebot3_gazebo/local_setup.dsv
[0.956s] -- Installing: /home/c/weston_ws/MPC_planner/install/turtlebot3_gazebo/share/turtlebot3_gazebo/package.dsv
[0.956s] -- Up-to-date: /home/c/weston_ws/MPC_planner/install/turtlebot3_gazebo/share/ament_index/resource_index/packages/turtlebot3_gazebo
[0.956s] -- Up-to-date: /home/c/weston_ws/MPC_planner/install/turtlebot3_gazebo/share/turtlebot3_gazebo/cmake/ament_cmake_export_include_directories-extras.cmake
[0.956s] -- Up-to-date: /home/c/weston_ws/MPC_planner/install/turtlebot3_gazebo/share/turtlebot3_gazebo/cmake/ament_cmake_export_dependencies-extras.cmake
[0.957s] -- Up-to-date: /home/c/weston_ws/MPC_planner/install/turtlebot3_gazebo/share/turtlebot3_gazebo/cmake/turtlebot3_gazeboConfig.cmake
[0.957s] -- Up-to-date: /home/c/weston_ws/MPC_planner/install/turtlebot3_gazebo/share/turtlebot3_gazebo/cmake/turtlebot3_gazeboConfig-version.cmake
[0.957s] -- Up-to-date: /home/c/weston_ws/MPC_planner/install/turtlebot3_gazebo/share/turtlebot3_gazebo/package.xml
[0.993s] Invoked command in '/home/c/weston_ws/MPC_planner/build/turtlebot3_gazebo' returned '0': CMAKE_PREFIX_PATH=/opt/ros/humble WSLENV=ELECTRON_RUN_AS_NODE/w:BASH_ENV/u /usr/bin/cmake --install /home/c/weston_ws/MPC_planner/build/turtlebot3_gazebo
