[0.882s] Invoking command in '/home/c/weston_ws/MPC_planner/src/local_planner': PYTHONPATH=/home/c/weston_ws/MPC_planner/build/local_planner/prefix_override:/home/c/weston_ws/MPC_planner/install/local_planner/lib/python3.10/site-packages:${PYTHONPATH} WSLENV=ELECTRON_RUN_AS_NODE/w:BASH_ENV/u /usr/bin/python3 -W ignore:setup.py install is deprecated setup.py egg_info --egg-base ../../build/local_planner build --build-base /home/c/weston_ws/MPC_planner/build/local_planner/build install --record /home/c/weston_ws/MPC_planner/build/local_planner/install.log --single-version-externally-managed install_data
[1.042s] running egg_info
[1.043s] writing ../../build/local_planner/local_planner.egg-info/PKG-INFO
[1.043s] writing dependency_links to ../../build/local_planner/local_planner.egg-info/dependency_links.txt
[1.044s] writing entry points to ../../build/local_planner/local_planner.egg-info/entry_points.txt
[1.044s] writing requirements to ../../build/local_planner/local_planner.egg-info/requires.txt
[1.044s] writing top-level names to ../../build/local_planner/local_planner.egg-info/top_level.txt
[1.046s] reading manifest file '../../build/local_planner/local_planner.egg-info/SOURCES.txt'
[1.047s] writing manifest file '../../build/local_planner/local_planner.egg-info/SOURCES.txt'
[1.047s] running build
[1.047s] running build_py
[1.048s] running install
[1.048s] running install_lib
[1.051s] running install_data
[1.051s] running install_egg_info
[1.052s] removing '/home/c/weston_ws/MPC_planner/install/local_planner/lib/python3.10/site-packages/local_planner-0.0.0-py3.10.egg-info' (and everything under it)
[1.053s] Copying ../../build/local_planner/local_planner.egg-info to /home/c/weston_ws/MPC_planner/install/local_planner/lib/python3.10/site-packages/local_planner-0.0.0-py3.10.egg-info
[1.054s] running install_scripts
[1.068s] Installing controller_node script to /home/c/weston_ws/MPC_planner/install/local_planner/lib/local_planner
[1.068s] Installing local_planner_node script to /home/c/weston_ws/MPC_planner/install/local_planner/lib/local_planner
[1.069s] writing list of installed files to '/home/c/weston_ws/MPC_planner/build/local_planner/install.log'
[1.093s] Invoked command in '/home/c/weston_ws/MPC_planner/src/local_planner' returned '0': PYTHONPATH=/home/c/weston_ws/MPC_planner/build/local_planner/prefix_override:/home/c/weston_ws/MPC_planner/install/local_planner/lib/python3.10/site-packages:${PYTHONPATH} WSLENV=ELECTRON_RUN_AS_NODE/w:BASH_ENV/u /usr/bin/python3 -W ignore:setup.py install is deprecated setup.py egg_info --egg-base ../../build/local_planner build --build-base /home/c/weston_ws/MPC_planner/build/local_planner/build install --record /home/c/weston_ws/MPC_planner/build/local_planner/install.log --single-version-externally-managed install_data
