[0.045s] Invoking command in '/home/c/weston_ws/MPC_planner/build/velodyne_description': CMAKE_PREFIX_PATH=/opt/ros/humble WSLENV=ELECTRON_RUN_AS_NODE/w:BASH_ENV/u /usr/bin/cmake /home/c/weston_ws/MPC_planner/src/turtlebot3_velodyne_Gazebo/velodyne_simulator/velodyne_description -DCMAKE_INSTALL_PREFIX=/home/c/weston_ws/MPC_planner/install/velodyne_description
[0.404s] -- The C compiler identification is GNU 9.5.0
[0.848s] -- The CXX compiler identification is GNU 9.5.0
[1.304s] -- Detecting C compiler ABI info
[1.471s] -- Detecting C compiler ABI info - done
[1.476s] -- Check for working C compiler: /usr/bin/cc - skipped
[1.476s] -- Detecting C compile features
[1.477s] -- Detecting C compile features - done
[1.479s] -- Detecting CXX compiler ABI info
[1.652s] -- Detecting CXX compiler ABI info - done
[1.658s] -- Check for working CXX compiler: /usr/bin/c++ - skipped
[1.658s] -- Detecting CXX compile features
[1.658s] -- Detecting CXX compile features - done
[1.660s] -- Found ament_cmake: 1.3.8 (/opt/ros/humble/share/ament_cmake/cmake)
[1.798s] -- Found Python3: /usr/bin/python3 (found version "3.10.12") found components: Interpreter 
[1.945s] -- Configuring done
[1.946s] -- Generating done
[1.947s] -- Build files have been written to: /home/c/weston_ws/MPC_planner/build/velodyne_description
[1.954s] Invoked command in '/home/c/weston_ws/MPC_planner/build/velodyne_description' returned '0': CMAKE_PREFIX_PATH=/opt/ros/humble WSLENV=ELECTRON_RUN_AS_NODE/w:BASH_ENV/u /usr/bin/cmake /home/c/weston_ws/MPC_planner/src/turtlebot3_velodyne_Gazebo/velodyne_simulator/velodyne_description -DCMAKE_INSTALL_PREFIX=/home/c/weston_ws/MPC_planner/install/velodyne_description
[1.954s] Invoking command in '/home/c/weston_ws/MPC_planner/build/velodyne_description': CMAKE_PREFIX_PATH=/opt/ros/humble WSLENV=ELECTRON_RUN_AS_NODE/w:BASH_ENV/u /usr/bin/cmake --build /home/c/weston_ws/MPC_planner/build/velodyne_description -- -j12 -l12
[6.405s] Invoked command in '/home/c/weston_ws/MPC_planner/build/velodyne_description' returned '0': CMAKE_PREFIX_PATH=/opt/ros/humble WSLENV=ELECTRON_RUN_AS_NODE/w:BASH_ENV/u /usr/bin/cmake --build /home/c/weston_ws/MPC_planner/build/velodyne_description -- -j12 -l12
[6.445s] Invoking command in '/home/c/weston_ws/MPC_planner/build/velodyne_description': CMAKE_PREFIX_PATH=/opt/ros/humble WSLENV=ELECTRON_RUN_AS_NODE/w:BASH_ENV/u /usr/bin/cmake --install /home/c/weston_ws/MPC_planner/build/velodyne_description
[6.619s] -- Install configuration: ""
[6.621s] -- Installing: /home/c/weston_ws/MPC_planner/install/velodyne_description/share/velodyne_description/launch
[6.621s] -- Installing: /home/c/weston_ws/MPC_planner/install/velodyne_description/share/velodyne_description/launch/example.launch.py
[6.621s] -- Installing: /home/c/weston_ws/MPC_planner/install/velodyne_description/share/velodyne_description/meshes
[6.621s] -- Installing: /home/c/weston_ws/MPC_planner/install/velodyne_description/share/velodyne_description/meshes/VLP16_base_2.dae
[6.622s] -- Installing: /home/c/weston_ws/MPC_planner/install/velodyne_description/share/velodyne_description/meshes/VLP16_base_1.dae
[6.623s] -- Installing: /home/c/weston_ws/MPC_planner/install/velodyne_description/share/velodyne_description/meshes/HDL32E_base.dae
[6.623s] -- Installing: /home/c/weston_ws/MPC_planner/install/velodyne_description/share/velodyne_description/meshes/VLP16_scan.dae
[6.623s] -- Installing: /home/c/weston_ws/MPC_planner/install/velodyne_description/share/velodyne_description/meshes/HDL32E_scan.dae
[6.624s] -- Installing: /home/c/weston_ws/MPC_planner/install/velodyne_description/share/velodyne_description/meshes/HDL32E_base.stl
[6.624s] -- Installing: /home/c/weston_ws/MPC_planner/install/velodyne_description/share/velodyne_description/meshes/VLP16_base_1.stl
[6.625s] -- Installing: /home/c/weston_ws/MPC_planner/install/velodyne_description/share/velodyne_description/meshes/VLP16_base_2.stl
[6.625s] -- Installing: /home/c/weston_ws/MPC_planner/install/velodyne_description/share/velodyne_description/meshes/VLP16_scan.stl
[6.626s] -- Installing: /home/c/weston_ws/MPC_planner/install/velodyne_description/share/velodyne_description/meshes/HDL32E_scan.stl
[6.626s] -- Installing: /home/c/weston_ws/MPC_planner/install/velodyne_description/share/velodyne_description/rviz
[6.626s] -- Installing: /home/c/weston_ws/MPC_planner/install/velodyne_description/share/velodyne_description/rviz/example.rviz
[6.627s] -- Installing: /home/c/weston_ws/MPC_planner/install/velodyne_description/share/velodyne_description/urdf
[6.628s] -- Installing: /home/c/weston_ws/MPC_planner/install/velodyne_description/share/velodyne_description/urdf/example.urdf.xacro
[6.628s] -- Installing: /home/c/weston_ws/MPC_planner/install/velodyne_description/share/velodyne_description/urdf/VLP-16.urdf.xacro
[6.628s] -- Installing: /home/c/weston_ws/MPC_planner/install/velodyne_description/share/velodyne_description/urdf/HDL-32E.urdf.xacro
[6.628s] -- Installing: /home/c/weston_ws/MPC_planner/install/velodyne_description/share/velodyne_description/world
[6.628s] -- Installing: /home/c/weston_ws/MPC_planner/install/velodyne_description/share/velodyne_description/world/example.world
[6.628s] -- Installing: /home/c/weston_ws/MPC_planner/install/velodyne_description/share/velodyne_description/environment/velodyne_description.dsv
[6.628s] -- Installing: /home/c/weston_ws/MPC_planner/install/velodyne_description/share/ament_index/resource_index/package_run_dependencies/velodyne_description
[6.628s] -- Installing: /home/c/weston_ws/MPC_planner/install/velodyne_description/share/ament_index/resource_index/parent_prefix_path/velodyne_description
[6.628s] -- Installing: /home/c/weston_ws/MPC_planner/install/velodyne_description/share/velodyne_description/environment/ament_prefix_path.sh
[6.629s] -- Installing: /home/c/weston_ws/MPC_planner/install/velodyne_description/share/velodyne_description/environment/ament_prefix_path.dsv
[6.629s] -- Installing: /home/c/weston_ws/MPC_planner/install/velodyne_description/share/velodyne_description/environment/path.sh
[6.629s] -- Installing: /home/c/weston_ws/MPC_planner/install/velodyne_description/share/velodyne_description/environment/path.dsv
[6.629s] -- Installing: /home/c/weston_ws/MPC_planner/install/velodyne_description/share/velodyne_description/local_setup.bash
[6.629s] -- Installing: /home/c/weston_ws/MPC_planner/install/velodyne_description/share/velodyne_description/local_setup.sh
[6.629s] -- Installing: /home/c/weston_ws/MPC_planner/install/velodyne_description/share/velodyne_description/local_setup.zsh
[6.629s] -- Installing: /home/c/weston_ws/MPC_planner/install/velodyne_description/share/velodyne_description/local_setup.dsv
[6.629s] -- Installing: /home/c/weston_ws/MPC_planner/install/velodyne_description/share/velodyne_description/package.dsv
[6.629s] -- Installing: /home/c/weston_ws/MPC_planner/install/velodyne_description/share/ament_index/resource_index/packages/velodyne_description
[6.630s] -- Installing: /home/c/weston_ws/MPC_planner/install/velodyne_description/share/velodyne_description/cmake/velodyne_descriptionConfig.cmake
[6.630s] -- Installing: /home/c/weston_ws/MPC_planner/install/velodyne_description/share/velodyne_description/cmake/velodyne_descriptionConfig-version.cmake
[6.630s] -- Installing: /home/c/weston_ws/MPC_planner/install/velodyne_description/share/velodyne_description/package.xml
[6.631s] Invoked command in '/home/c/weston_ws/MPC_planner/build/velodyne_description' returned '0': CMAKE_PREFIX_PATH=/opt/ros/humble WSLENV=ELECTRON_RUN_AS_NODE/w:BASH_ENV/u /usr/bin/cmake --install /home/c/weston_ws/MPC_planner/build/velodyne_description
