[1.032s] Invoking command in '/home/c/weston_ws/MPC_planner/build/scene': CMAKE_PREFIX_PATH=${CMAKE_PREFIX_PATH}:/home/c/weston_ws/MPC_planner/install/samplelaunch:/home/c/weston_ws/MPC_planner/install/local_planner:/opt/ros/humble WSLENV=ELECTRON_RUN_AS_NODE/w:BASH_ENV/u /usr/bin/cmake --build /home/c/weston_ws/MPC_planner/build/scene -- -j12 -l12
[1.158s] [ 33%] Built target move_test
[1.167s] [ 66%] Built target odom_tf
[1.182s] [100%] Built target pseudo_odom
[1.282s] Invoked command in '/home/c/weston_ws/MPC_planner/build/scene' returned '0': CMAKE_PREFIX_PATH=${CMAKE_PREFIX_PATH}:/home/c/weston_ws/MPC_planner/install/samplelaunch:/home/c/weston_ws/MPC_planner/install/local_planner:/opt/ros/humble WSLENV=ELECTRON_RUN_AS_NODE/w:BASH_ENV/u /usr/bin/cmake --build /home/c/weston_ws/MPC_planner/build/scene -- -j12 -l12
[1.551s] Invoking command in '/home/c/weston_ws/MPC_planner/build/scene': CMAKE_PREFIX_PATH=${CMAKE_PREFIX_PATH}:/home/c/weston_ws/MPC_planner/install/samplelaunch:/home/c/weston_ws/MPC_planner/install/local_planner:/opt/ros/humble WSLENV=ELECTRON_RUN_AS_NODE/w:BASH_ENV/u /usr/bin/cmake --install /home/c/weston_ws/MPC_planner/build/scene
[1.650s] -- Install configuration: "Debug"
[1.650s] -- Up-to-date: /home/c/weston_ws/MPC_planner/install/scene/lib/scene/pseudo_odom
[1.650s] -- Up-to-date: /home/c/weston_ws/MPC_planner/install/scene/lib/scene/odom_tf
[1.651s] -- Up-to-date: /home/c/weston_ws/MPC_planner/install/scene/lib/scene/move_test
[1.651s] -- Up-to-date: /home/c/weston_ws/MPC_planner/install/scene/share/scene//launch
[1.651s] -- Up-to-date: /home/c/weston_ws/MPC_planner/install/scene/share/scene//launch/start_backup.launch.py
[1.651s] -- Up-to-date: /home/c/weston_ws/MPC_planner/install/scene/share/scene//launch/move_test.launch.py
[1.652s] -- Up-to-date: /home/c/weston_ws/MPC_planner/install/scene/share/scene//launch/sim.launch.py
[1.652s] -- Up-to-date: /home/c/weston_ws/MPC_planner/install/scene/share/scene//launch/start.launch.py
[1.652s] -- Up-to-date: /home/c/weston_ws/MPC_planner/install/scene/share/scene//config
[1.652s] -- Up-to-date: /home/c/weston_ws/MPC_planner/install/scene/share/scene//config/config.yaml
[1.653s] -- Up-to-date: /home/c/weston_ws/MPC_planner/install/scene/share/scene//worlds
[1.657s] -- Up-to-date: /home/c/weston_ws/MPC_planner/install/scene/share/scene//worlds/world.world
[1.657s] -- Up-to-date: /home/c/weston_ws/MPC_planner/install/scene/share/scene//worlds/world0.world
[1.657s] -- Up-to-date: /home/c/weston_ws/MPC_planner/install/scene/share/ament_index/resource_index/package_run_dependencies/scene
[1.657s] -- Up-to-date: /home/c/weston_ws/MPC_planner/install/scene/share/ament_index/resource_index/parent_prefix_path/scene
[1.657s] -- Up-to-date: /home/c/weston_ws/MPC_planner/install/scene/share/scene/environment/ament_prefix_path.sh
[1.657s] -- Up-to-date: /home/c/weston_ws/MPC_planner/install/scene/share/scene/environment/ament_prefix_path.dsv
[1.657s] -- Up-to-date: /home/c/weston_ws/MPC_planner/install/scene/share/scene/environment/path.sh
[1.657s] -- Up-to-date: /home/c/weston_ws/MPC_planner/install/scene/share/scene/environment/path.dsv
[1.657s] -- Up-to-date: /home/c/weston_ws/MPC_planner/install/scene/share/scene/local_setup.bash
[1.657s] -- Up-to-date: /home/c/weston_ws/MPC_planner/install/scene/share/scene/local_setup.sh
[1.657s] -- Up-to-date: /home/c/weston_ws/MPC_planner/install/scene/share/scene/local_setup.zsh
[1.657s] -- Up-to-date: /home/c/weston_ws/MPC_planner/install/scene/share/scene/local_setup.dsv
[1.658s] -- Installing: /home/c/weston_ws/MPC_planner/install/scene/share/scene/package.dsv
[1.658s] -- Up-to-date: /home/c/weston_ws/MPC_planner/install/scene/share/ament_index/resource_index/packages/scene
[1.658s] -- Up-to-date: /home/c/weston_ws/MPC_planner/install/scene/share/scene/cmake/sceneConfig.cmake
[1.658s] -- Up-to-date: /home/c/weston_ws/MPC_planner/install/scene/share/scene/cmake/sceneConfig-version.cmake
[1.658s] -- Up-to-date: /home/c/weston_ws/MPC_planner/install/scene/share/scene/package.xml
[1.847s] Invoked command in '/home/c/weston_ws/MPC_planner/build/scene' returned '0': CMAKE_PREFIX_PATH=${CMAKE_PREFIX_PATH}:/home/c/weston_ws/MPC_planner/install/samplelaunch:/home/c/weston_ws/MPC_planner/install/local_planner:/opt/ros/humble WSLENV=ELECTRON_RUN_AS_NODE/w:BASH_ENV/u /usr/bin/cmake --install /home/c/weston_ws/MPC_planner/build/scene
