[0.142s] Invoking command in '/home/c/weston_ws/MPC_planner/build/global_planner': CMAKE_PREFIX_PATH=${CMAKE_PREFIX_PATH}:/home/c/weston_ws/MPC_planner/install/samplelaunch:/home/c/weston_ws/MPC_planner/install/local_planner:/opt/ros/humble WSLENV=ELECTRON_RUN_AS_NODE/w:BASH_ENV/u /usr/bin/cmake --build /home/c/weston_ws/MPC_planner/build/global_planner -- -j12 -l12
[0.820s] [100%] Built target global_path_publisher
[0.863s] Invoked command in '/home/c/weston_ws/MPC_planner/build/global_planner' returned '0': CMAKE_PREFIX_PATH=${CMAKE_PREFIX_PATH}:/home/c/weston_ws/MPC_planner/install/samplelaunch:/home/c/weston_ws/MPC_planner/install/local_planner:/opt/ros/humble WSLENV=ELECTRON_RUN_AS_NODE/w:BASH_ENV/u /usr/bin/cmake --build /home/c/weston_ws/MPC_planner/build/global_planner -- -j12 -l12
[0.981s] Invoking command in '/home/c/weston_ws/MPC_planner/build/global_planner': CMAKE_PREFIX_PATH=${CMAKE_PREFIX_PATH}:/home/c/weston_ws/MPC_planner/install/samplelaunch:/home/c/weston_ws/MPC_planner/install/local_planner:/opt/ros/humble WSLENV=ELECTRON_RUN_AS_NODE/w:BASH_ENV/u /usr/bin/cmake --install /home/c/weston_ws/MPC_planner/build/global_planner
[1.032s] -- Install configuration: ""
[1.033s] -- Up-to-date: /home/c/weston_ws/MPC_planner/install/global_planner/lib/global_planner/global_path_publisher
[1.033s] -- Up-to-date: /home/c/weston_ws/MPC_planner/install/global_planner/share/global_planner//launch
[1.037s] -- Up-to-date: /home/c/weston_ws/MPC_planner/install/global_planner/share/global_planner//launch/global_path_publisher.launch.py
[1.037s] -- Up-to-date: /home/c/weston_ws/MPC_planner/install/global_planner/share/global_planner//config
[1.037s] -- Up-to-date: /home/c/weston_ws/MPC_planner/install/global_planner/share/global_planner//config/config.yaml
[1.039s] -- Up-to-date: /home/c/weston_ws/MPC_planner/install/global_planner/share/ament_index/resource_index/package_run_dependencies/global_planner
[1.040s] -- Up-to-date: /home/c/weston_ws/MPC_planner/install/global_planner/share/ament_index/resource_index/parent_prefix_path/global_planner
[1.040s] -- Up-to-date: /home/c/weston_ws/MPC_planner/install/global_planner/share/global_planner/environment/ament_prefix_path.sh
[1.040s] -- Up-to-date: /home/c/weston_ws/MPC_planner/install/global_planner/share/global_planner/environment/ament_prefix_path.dsv
[1.041s] -- Up-to-date: /home/c/weston_ws/MPC_planner/install/global_planner/share/global_planner/environment/path.sh
[1.041s] -- Up-to-date: /home/c/weston_ws/MPC_planner/install/global_planner/share/global_planner/environment/path.dsv
[1.041s] -- Up-to-date: /home/c/weston_ws/MPC_planner/install/global_planner/share/global_planner/local_setup.bash
[1.043s] -- Up-to-date: /home/c/weston_ws/MPC_planner/install/global_planner/share/global_planner/local_setup.sh
[1.043s] -- Up-to-date: /home/c/weston_ws/MPC_planner/install/global_planner/share/global_planner/local_setup.zsh
[1.044s] -- Up-to-date: /home/c/weston_ws/MPC_planner/install/global_planner/share/global_planner/local_setup.dsv
[1.044s] -- Installing: /home/c/weston_ws/MPC_planner/install/global_planner/share/global_planner/package.dsv
[1.045s] -- Up-to-date: /home/c/weston_ws/MPC_planner/install/global_planner/share/ament_index/resource_index/packages/global_planner
[1.045s] -- Up-to-date: /home/c/weston_ws/MPC_planner/install/global_planner/share/global_planner/cmake/global_plannerConfig.cmake
[1.045s] -- Up-to-date: /home/c/weston_ws/MPC_planner/install/global_planner/share/global_planner/cmake/global_plannerConfig-version.cmake
[1.046s] -- Up-to-date: /home/c/weston_ws/MPC_planner/install/global_planner/share/global_planner/package.xml
[1.097s] Invoked command in '/home/c/weston_ws/MPC_planner/build/global_planner' returned '0': CMAKE_PREFIX_PATH=${CMAKE_PREFIX_PATH}:/home/c/weston_ws/MPC_planner/install/samplelaunch:/home/c/weston_ws/MPC_planner/install/local_planner:/opt/ros/humble WSLENV=ELECTRON_RUN_AS_NODE/w:BASH_ENV/u /usr/bin/cmake --install /home/c/weston_ws/MPC_planner/build/global_planner
