[0.231s] Invoking command in '/home/c/weston_ws/MPC_planner/build/velodyne_gazebo_plugins': CMAKE_PREFIX_PATH=/opt/ros/humble WSLENV=ELECTRON_RUN_AS_NODE/w:BASH_ENV/u /usr/bin/cmake --build /home/c/weston_ws/MPC_planner/build/velodyne_gazebo_plugins -- -j12 -l12
[1.510s] [100%] Built target gazebo_ros_velodyne_laser
[1.847s] Invoked command in '/home/c/weston_ws/MPC_planner/build/velodyne_gazebo_plugins' returned '0': CMAKE_PREFIX_PATH=/opt/ros/humble WSLENV=ELECTRON_RUN_AS_NODE/w:BASH_ENV/u /usr/bin/cmake --build /home/c/weston_ws/MPC_planner/build/velodyne_gazebo_plugins -- -j12 -l12
[2.120s] Invoking command in '/home/c/weston_ws/MPC_planner/build/velodyne_gazebo_plugins': CMAKE_PREFIX_PATH=/opt/ros/humble WSLENV=ELECTRON_RUN_AS_NODE/w:BASH_ENV/u /usr/bin/cmake --install /home/c/weston_ws/MPC_planner/build/velodyne_gazebo_plugins
[2.189s] -- Install configuration: ""
[2.209s] -- Up-to-date: /home/c/weston_ws/MPC_planner/install/velodyne_gazebo_plugins/lib/libgazebo_ros_velodyne_laser.so
[2.209s] -- Up-to-date: /home/c/weston_ws/MPC_planner/install/velodyne_gazebo_plugins/include/velodyne_gazebo_plugins
[2.209s] -- Up-to-date: /home/c/weston_ws/MPC_planner/install/velodyne_gazebo_plugins/include/velodyne_gazebo_plugins/GazeboRosVelodyneLaser.hpp
[2.209s] -- Up-to-date: /home/c/weston_ws/MPC_planner/install/velodyne_gazebo_plugins/share/velodyne_gazebo_plugins/environment/library_path.sh
[2.209s] -- Up-to-date: /home/c/weston_ws/MPC_planner/install/velodyne_gazebo_plugins/share/velodyne_gazebo_plugins/environment/library_path.dsv
[2.210s] -- Up-to-date: /home/c/weston_ws/MPC_planner/install/velodyne_gazebo_plugins/share/ament_index/resource_index/package_run_dependencies/velodyne_gazebo_plugins
[2.210s] -- Up-to-date: /home/c/weston_ws/MPC_planner/install/velodyne_gazebo_plugins/share/ament_index/resource_index/parent_prefix_path/velodyne_gazebo_plugins
[2.210s] -- Up-to-date: /home/c/weston_ws/MPC_planner/install/velodyne_gazebo_plugins/share/velodyne_gazebo_plugins/environment/ament_prefix_path.sh
[2.210s] -- Up-to-date: /home/c/weston_ws/MPC_planner/install/velodyne_gazebo_plugins/share/velodyne_gazebo_plugins/environment/ament_prefix_path.dsv
[2.210s] -- Up-to-date: /home/c/weston_ws/MPC_planner/install/velodyne_gazebo_plugins/share/velodyne_gazebo_plugins/environment/path.sh
[2.210s] -- Up-to-date: /home/c/weston_ws/MPC_planner/install/velodyne_gazebo_plugins/share/velodyne_gazebo_plugins/environment/path.dsv
[2.210s] -- Up-to-date: /home/c/weston_ws/MPC_planner/install/velodyne_gazebo_plugins/share/velodyne_gazebo_plugins/local_setup.bash
[2.210s] -- Up-to-date: /home/c/weston_ws/MPC_planner/install/velodyne_gazebo_plugins/share/velodyne_gazebo_plugins/local_setup.sh
[2.210s] -- Up-to-date: /home/c/weston_ws/MPC_planner/install/velodyne_gazebo_plugins/share/velodyne_gazebo_plugins/local_setup.zsh
[2.210s] -- Up-to-date: /home/c/weston_ws/MPC_planner/install/velodyne_gazebo_plugins/share/velodyne_gazebo_plugins/local_setup.dsv
[2.210s] -- Installing: /home/c/weston_ws/MPC_planner/install/velodyne_gazebo_plugins/share/velodyne_gazebo_plugins/package.dsv
[2.210s] -- Up-to-date: /home/c/weston_ws/MPC_planner/install/velodyne_gazebo_plugins/share/ament_index/resource_index/packages/velodyne_gazebo_plugins
[2.210s] -- Up-to-date: /home/c/weston_ws/MPC_planner/install/velodyne_gazebo_plugins/share/velodyne_gazebo_plugins/cmake/ament_cmake_export_include_directories-extras.cmake
[2.210s] -- Up-to-date: /home/c/weston_ws/MPC_planner/install/velodyne_gazebo_plugins/share/velodyne_gazebo_plugins/cmake/ament_cmake_export_libraries-extras.cmake
[2.210s] -- Up-to-date: /home/c/weston_ws/MPC_planner/install/velodyne_gazebo_plugins/share/velodyne_gazebo_plugins/cmake/ament_cmake_export_dependencies-extras.cmake
[2.210s] -- Up-to-date: /home/c/weston_ws/MPC_planner/install/velodyne_gazebo_plugins/share/velodyne_gazebo_plugins/cmake/velodyne_gazebo_pluginsConfig.cmake
[2.210s] -- Up-to-date: /home/c/weston_ws/MPC_planner/install/velodyne_gazebo_plugins/share/velodyne_gazebo_plugins/cmake/velodyne_gazebo_pluginsConfig-version.cmake
[2.210s] -- Up-to-date: /home/c/weston_ws/MPC_planner/install/velodyne_gazebo_plugins/share/velodyne_gazebo_plugins/package.xml
[2.541s] Invoked command in '/home/c/weston_ws/MPC_planner/build/velodyne_gazebo_plugins' returned '0': CMAKE_PREFIX_PATH=/opt/ros/humble WSLENV=ELECTRON_RUN_AS_NODE/w:BASH_ENV/u /usr/bin/cmake --install /home/c/weston_ws/MPC_planner/build/velodyne_gazebo_plugins
