[1.196s] Invoking command in '/home/c/weston_ws/MPC_planner/src/samplelaunch': PYTHONPATH=/home/c/weston_ws/MPC_planner/build/samplelaunch/prefix_override:/home/c/weston_ws/MPC_planner/install/samplelaunch/lib/python3.10/site-packages:${PYTHONPATH} WSLENV=ELECTRON_RUN_AS_NODE/w:BASH_ENV/u /usr/bin/python3 -W ignore:setup.py install is deprecated setup.py egg_info --egg-base ../../build/samplelaunch build --build-base /home/c/weston_ws/MPC_planner/build/samplelaunch/build install --record /home/c/weston_ws/MPC_planner/build/samplelaunch/install.log --single-version-externally-managed install_data
[1.457s] running egg_info
[1.458s] writing ../../build/samplelaunch/samplelaunch.egg-info/PKG-INFO
[1.459s] writing dependency_links to ../../build/samplelaunch/samplelaunch.egg-info/dependency_links.txt
[1.460s] writing entry points to ../../build/samplelaunch/samplelaunch.egg-info/entry_points.txt
[1.460s] writing requirements to ../../build/samplelaunch/samplelaunch.egg-info/requires.txt
[1.460s] writing top-level names to ../../build/samplelaunch/samplelaunch.egg-info/top_level.txt
[1.464s] reading manifest file '../../build/samplelaunch/samplelaunch.egg-info/SOURCES.txt'
[1.465s] adding license file 'LICENSE'
[1.466s] writing manifest file '../../build/samplelaunch/samplelaunch.egg-info/SOURCES.txt'
[1.466s] running build
[1.466s] running build_py
[1.468s] running install
[1.469s] running install_lib
[1.472s] running install_data
[1.472s] running install_egg_info
[1.474s] removing '/home/c/weston_ws/MPC_planner/install/samplelaunch/lib/python3.10/site-packages/samplelaunch-0.0.0-py3.10.egg-info' (and everything under it)
[1.477s] Copying ../../build/samplelaunch/samplelaunch.egg-info to /home/c/weston_ws/MPC_planner/install/samplelaunch/lib/python3.10/site-packages/samplelaunch-0.0.0-py3.10.egg-info
[1.479s] running install_scripts
[1.506s] writing list of installed files to '/home/c/weston_ws/MPC_planner/build/samplelaunch/install.log'
[1.555s] Invoked command in '/home/c/weston_ws/MPC_planner/src/samplelaunch' returned '0': PYTHONPATH=/home/c/weston_ws/MPC_planner/build/samplelaunch/prefix_override:/home/c/weston_ws/MPC_planner/install/samplelaunch/lib/python3.10/site-packages:${PYTHONPATH} WSLENV=ELECTRON_RUN_AS_NODE/w:BASH_ENV/u /usr/bin/python3 -W ignore:setup.py install is deprecated setup.py egg_info --egg-base ../../build/samplelaunch build --build-base /home/c/weston_ws/MPC_planner/build/samplelaunch/build install --record /home/c/weston_ws/MPC_planner/build/samplelaunch/install.log --single-version-externally-managed install_data
