[0.169s] Invoking command in '/home/c/weston_ws/MPC_planner/build/turtlebot3_gazebo': CMAKE_PREFIX_PATH=${CMAKE_PREFIX_PATH}:/home/c/weston_ws/MPC_planner/install/samplelaunch:/home/c/weston_ws/MPC_planner/install/local_planner:/opt/ros/humble WSLENV=ELECTRON_RUN_AS_NODE/w:BASH_ENV/u /usr/bin/cmake --build /home/c/weston_ws/MPC_planner/build/turtlebot3_gazebo -- -j12 -l12
[1.219s] [ 25%] Built target turtlebot3_drive
[1.219s] [ 50%] Built target obstacles
[1.219s] [ 75%] Built target obstacle2
[1.219s] [100%] Built target obstacle1
[1.331s] Invoked command in '/home/c/weston_ws/MPC_planner/build/turtlebot3_gazebo' returned '0': CMAKE_PREFIX_PATH=${CMAKE_PREFIX_PATH}:/home/c/weston_ws/MPC_planner/install/samplelaunch:/home/c/weston_ws/MPC_planner/install/local_planner:/opt/ros/humble WSLENV=ELECTRON_RUN_AS_NODE/w:BASH_ENV/u /usr/bin/cmake --build /home/c/weston_ws/MPC_planner/build/turtlebot3_gazebo -- -j12 -l12
[1.650s] Invoking command in '/home/c/weston_ws/MPC_planner/build/turtlebot3_gazebo': CMAKE_PREFIX_PATH=${CMAKE_PREFIX_PATH}:/home/c/weston_ws/MPC_planner/install/samplelaunch:/home/c/weston_ws/MPC_planner/install/local_planner:/opt/ros/humble WSLENV=ELECTRON_RUN_AS_NODE/w:BASH_ENV/u /usr/bin/cmake --install /home/c/weston_ws/MPC_planner/build/turtlebot3_gazebo
[1.763s] -- Install configuration: ""
[1.763s] -- Up-to-date: /home/c/weston_ws/MPC_planner/install/turtlebot3_gazebo/lib/turtlebot3_gazebo/turtlebot3_drive
[1.763s] -- Up-to-date: /home/c/weston_ws/MPC_planner/install/turtlebot3_gazebo/share/turtlebot3_gazebo//launch
[1.763s] -- Up-to-date: /home/c/weston_ws/MPC_planner/install/turtlebot3_gazebo/share/turtlebot3_gazebo//launch/robot_state_publisher.launch.py
[1.763s] -- Up-to-date: /home/c/weston_ws/MPC_planner/install/turtlebot3_gazebo/share/turtlebot3_gazebo//launch/empty_world.launch.py
[1.763s] -- Up-to-date: /home/c/weston_ws/MPC_planner/install/turtlebot3_gazebo/share/turtlebot3_gazebo//launch/turtlebot3_dqn_stage3.launch.py
[1.764s] -- Up-to-date: /home/c/weston_ws/MPC_planner/install/turtlebot3_gazebo/share/turtlebot3_gazebo//launch/spawn_turtlebot3.launch.py
[1.764s] -- Up-to-date: /home/c/weston_ws/MPC_planner/install/turtlebot3_gazebo/share/turtlebot3_gazebo//launch/turtlebot3_dqn_stage4.launch.py
[1.764s] -- Up-to-date: /home/c/weston_ws/MPC_planner/install/turtlebot3_gazebo/share/turtlebot3_gazebo//launch/turtlebot3_dqn_stage2.launch.py
[1.764s] -- Up-to-date: /home/c/weston_ws/MPC_planner/install/turtlebot3_gazebo/share/turtlebot3_gazebo//launch/turtlebot3_world.launch.py
[1.764s] -- Up-to-date: /home/c/weston_ws/MPC_planner/install/turtlebot3_gazebo/share/turtlebot3_gazebo//launch/turtlebot3_dqn_stage1.launch.py
[1.764s] -- Up-to-date: /home/c/weston_ws/MPC_planner/install/turtlebot3_gazebo/share/turtlebot3_gazebo//launch/turtlebot3_house.launch.py
[1.765s] -- Up-to-date: /home/c/weston_ws/MPC_planner/install/turtlebot3_gazebo/share/turtlebot3_gazebo//models
[1.765s] -- Up-to-date: /home/c/weston_ws/MPC_planner/install/turtlebot3_gazebo/share/turtlebot3_gazebo//models/turtlebot3_house
[1.769s] -- Up-to-date: /home/c/weston_ws/MPC_planner/install/turtlebot3_gazebo/share/turtlebot3_gazebo//models/turtlebot3_house/model.sdf
[1.769s] -- Up-to-date: /home/c/weston_ws/MPC_planner/install/turtlebot3_gazebo/share/turtlebot3_gazebo//models/turtlebot3_house/model.config
[1.769s] -- Up-to-date: /home/c/weston_ws/MPC_planner/install/turtlebot3_gazebo/share/turtlebot3_gazebo//models/velodyne_VLP16
[1.769s] -- Up-to-date: /home/c/weston_ws/MPC_planner/install/turtlebot3_gazebo/share/turtlebot3_gazebo//models/velodyne_VLP16/vlp16_spawn.urdf.xacro
[1.769s] -- Up-to-date: /home/c/weston_ws/MPC_planner/install/turtlebot3_gazebo/share/turtlebot3_gazebo//models/velodyne_VLP16/model.sdf
[1.770s] -- Up-to-date: /home/c/weston_ws/MPC_planner/install/turtlebot3_gazebo/share/turtlebot3_gazebo//models/velodyne_VLP16/meshes
[1.770s] -- Up-to-date: /home/c/weston_ws/MPC_planner/install/turtlebot3_gazebo/share/turtlebot3_gazebo//models/velodyne_VLP16/meshes/VLP16_base_2.dae
[1.770s] -- Up-to-date: /home/c/weston_ws/MPC_planner/install/turtlebot3_gazebo/share/turtlebot3_gazebo//models/velodyne_VLP16/meshes/VLP16_base_1.dae
[1.770s] -- Up-to-date: /home/c/weston_ws/MPC_planner/install/turtlebot3_gazebo/share/turtlebot3_gazebo//models/velodyne_VLP16/meshes/VLP16_scan.dae
[1.770s] -- Up-to-date: /home/c/weston_ws/MPC_planner/install/turtlebot3_gazebo/share/turtlebot3_gazebo//models/velodyne_VLP16/meshes/VLP16_base_1.stl
[1.771s] -- Up-to-date: /home/c/weston_ws/MPC_planner/install/turtlebot3_gazebo/share/turtlebot3_gazebo//models/velodyne_VLP16/meshes/VLP16_base_2.stl
[1.771s] -- Up-to-date: /home/c/weston_ws/MPC_planner/install/turtlebot3_gazebo/share/turtlebot3_gazebo//models/velodyne_VLP16/meshes/VLP16_scan.stl
[1.771s] -- Up-to-date: /home/c/weston_ws/MPC_planner/install/turtlebot3_gazebo/share/turtlebot3_gazebo//models/velodyne_VLP16/vlp16.urdf.xacro
[1.771s] -- Up-to-date: /home/c/weston_ws/MPC_planner/install/turtlebot3_gazebo/share/turtlebot3_gazebo//models/velodyne_VLP16/model.config
[1.771s] -- Up-to-date: /home/c/weston_ws/MPC_planner/install/turtlebot3_gazebo/share/turtlebot3_gazebo//models/turtlebot3_waffle
[1.771s] -- Up-to-date: /home/c/weston_ws/MPC_planner/install/turtlebot3_gazebo/share/turtlebot3_gazebo//models/turtlebot3_waffle/model.sdf
[1.771s] -- Up-to-date: /home/c/weston_ws/MPC_planner/install/turtlebot3_gazebo/share/turtlebot3_gazebo//models/turtlebot3_waffle/model-1_4.sdf
[1.772s] -- Up-to-date: /home/c/weston_ws/MPC_planner/install/turtlebot3_gazebo/share/turtlebot3_gazebo//models/turtlebot3_waffle/model.config
[1.772s] -- Up-to-date: /home/c/weston_ws/MPC_planner/install/turtlebot3_gazebo/share/turtlebot3_gazebo//models/turtlebot3_dqn_world
[1.772s] -- Up-to-date: /home/c/weston_ws/MPC_planner/install/turtlebot3_gazebo/share/turtlebot3_gazebo//models/turtlebot3_dqn_world/inner_walls
[1.772s] -- Up-to-date: /home/c/weston_ws/MPC_planner/install/turtlebot3_gazebo/share/turtlebot3_gazebo//models/turtlebot3_dqn_world/inner_walls/model.sdf
[1.772s] -- Up-to-date: /home/c/weston_ws/MPC_planner/install/turtlebot3_gazebo/share/turtlebot3_gazebo//models/turtlebot3_dqn_world/inner_walls/model.config
[1.772s] -- Up-to-date: /home/c/weston_ws/MPC_planner/install/turtlebot3_gazebo/share/turtlebot3_gazebo//models/turtlebot3_dqn_world/model.sdf
[1.772s] -- Up-to-date: /home/c/weston_ws/MPC_planner/install/turtlebot3_gazebo/share/turtlebot3_gazebo//models/turtlebot3_dqn_world/goal_box
[1.773s] -- Up-to-date: /home/c/weston_ws/MPC_planner/install/turtlebot3_gazebo/share/turtlebot3_gazebo//models/turtlebot3_dqn_world/goal_box/model.sdf
[1.773s] -- Up-to-date: /home/c/weston_ws/MPC_planner/install/turtlebot3_gazebo/share/turtlebot3_gazebo//models/turtlebot3_dqn_world/goal_box/model.config
[1.773s] -- Up-to-date: /home/c/weston_ws/MPC_planner/install/turtlebot3_gazebo/share/turtlebot3_gazebo//models/turtlebot3_dqn_world/obstacle2
[1.773s] -- Up-to-date: /home/c/weston_ws/MPC_planner/install/turtlebot3_gazebo/share/turtlebot3_gazebo//models/turtlebot3_dqn_world/obstacle2/model.sdf
[1.774s] -- Up-to-date: /home/c/weston_ws/MPC_planner/install/turtlebot3_gazebo/share/turtlebot3_gazebo//models/turtlebot3_dqn_world/obstacle2/model.config
[1.774s] -- Up-to-date: /home/c/weston_ws/MPC_planner/install/turtlebot3_gazebo/share/turtlebot3_gazebo//models/turtlebot3_dqn_world/obstacles
[1.775s] -- Up-to-date: /home/c/weston_ws/MPC_planner/install/turtlebot3_gazebo/share/turtlebot3_gazebo//models/turtlebot3_dqn_world/obstacles/model.sdf
[1.775s] -- Up-to-date: /home/c/weston_ws/MPC_planner/install/turtlebot3_gazebo/share/turtlebot3_gazebo//models/turtlebot3_dqn_world/obstacles/model.config
[1.779s] -- Up-to-date: /home/c/weston_ws/MPC_planner/install/turtlebot3_gazebo/share/turtlebot3_gazebo//models/turtlebot3_dqn_world/obstacle1
[1.779s] -- Up-to-date: /home/c/weston_ws/MPC_planner/install/turtlebot3_gazebo/share/turtlebot3_gazebo//models/turtlebot3_dqn_world/obstacle1/model.sdf
[1.779s] -- Up-to-date: /home/c/weston_ws/MPC_planner/install/turtlebot3_gazebo/share/turtlebot3_gazebo//models/turtlebot3_dqn_world/obstacle1/model.config
[1.779s] -- Up-to-date: /home/c/weston_ws/MPC_planner/install/turtlebot3_gazebo/share/turtlebot3_gazebo//models/turtlebot3_dqn_world/obstacle_plugin
[1.779s] -- Up-to-date: /home/c/weston_ws/MPC_planner/install/turtlebot3_gazebo/share/turtlebot3_gazebo//models/turtlebot3_dqn_world/obstacle_plugin/obstacles.cc
[1.779s] -- Up-to-date: /home/c/weston_ws/MPC_planner/install/turtlebot3_gazebo/share/turtlebot3_gazebo//models/turtlebot3_dqn_world/obstacle_plugin/obstacle1.cc
[1.779s] -- Up-to-date: /home/c/weston_ws/MPC_planner/install/turtlebot3_gazebo/share/turtlebot3_gazebo//models/turtlebot3_dqn_world/obstacle_plugin/CMakeLists.txt
[1.780s] -- Up-to-date: /home/c/weston_ws/MPC_planner/install/turtlebot3_gazebo/share/turtlebot3_gazebo//models/turtlebot3_dqn_world/obstacle_plugin/obstacle2.cc
[1.780s] -- Up-to-date: /home/c/weston_ws/MPC_planner/install/turtlebot3_gazebo/share/turtlebot3_gazebo//models/turtlebot3_dqn_world/model.config
[1.780s] -- Up-to-date: /home/c/weston_ws/MPC_planner/install/turtlebot3_gazebo/share/turtlebot3_gazebo//models/turtlebot3_common
[1.783s] -- Up-to-date: /home/c/weston_ws/MPC_planner/install/turtlebot3_gazebo/share/turtlebot3_gazebo//models/turtlebot3_common/meshes
[1.784s] -- Up-to-date: /home/c/weston_ws/MPC_planner/install/turtlebot3_gazebo/share/turtlebot3_gazebo//models/turtlebot3_common/meshes/r200.dae
[1.784s] -- Up-to-date: /home/c/weston_ws/MPC_planner/install/turtlebot3_gazebo/share/turtlebot3_gazebo//models/turtlebot3_common/meshes/burger_base.dae
[1.784s] -- Up-to-date: /home/c/weston_ws/MPC_planner/install/turtlebot3_gazebo/share/turtlebot3_gazebo//models/turtlebot3_common/meshes/tire.dae
[1.784s] -- Up-to-date: /home/c/weston_ws/MPC_planner/install/turtlebot3_gazebo/share/turtlebot3_gazebo//models/turtlebot3_common/meshes/waffle_base.dae
[1.784s] -- Up-to-date: /home/c/weston_ws/MPC_planner/install/turtlebot3_gazebo/share/turtlebot3_gazebo//models/turtlebot3_common/meshes/lds.dae
[1.784s] -- Up-to-date: /home/c/weston_ws/MPC_planner/install/turtlebot3_gazebo/share/turtlebot3_gazebo//models/turtlebot3_common/meshes/waffle_pi_base.dae
[1.784s] -- Up-to-date: /home/c/weston_ws/MPC_planner/install/turtlebot3_gazebo/share/turtlebot3_gazebo//models/turtlebot3_common/model.config
[1.785s] -- Up-to-date: /home/c/weston_ws/MPC_planner/install/turtlebot3_gazebo/share/turtlebot3_gazebo//models/turtlebot3_burger
[1.785s] -- Up-to-date: /home/c/weston_ws/MPC_planner/install/turtlebot3_gazebo/share/turtlebot3_gazebo//models/turtlebot3_burger/model.sdf
[1.789s] -- Up-to-date: /home/c/weston_ws/MPC_planner/install/turtlebot3_gazebo/share/turtlebot3_gazebo//models/turtlebot3_burger/model-1_4.sdf
[1.789s] -- Up-to-date: /home/c/weston_ws/MPC_planner/install/turtlebot3_gazebo/share/turtlebot3_gazebo//models/turtlebot3_burger/model.config
[1.789s] -- Up-to-date: /home/c/weston_ws/MPC_planner/install/turtlebot3_gazebo/share/turtlebot3_gazebo//models/turtlebot3_world
[1.789s] -- Up-to-date: /home/c/weston_ws/MPC_planner/install/turtlebot3_gazebo/share/turtlebot3_gazebo//models/turtlebot3_world/model.sdf
[1.789s] -- Up-to-date: /home/c/weston_ws/MPC_planner/install/turtlebot3_gazebo/share/turtlebot3_gazebo//models/turtlebot3_world/meshes
[1.789s] -- Up-to-date: /home/c/weston_ws/MPC_planner/install/turtlebot3_gazebo/share/turtlebot3_gazebo//models/turtlebot3_world/meshes/hexagon.dae
[1.789s] -- Up-to-date: /home/c/weston_ws/MPC_planner/install/turtlebot3_gazebo/share/turtlebot3_gazebo//models/turtlebot3_world/meshes/wall.dae
[1.789s] -- Up-to-date: /home/c/weston_ws/MPC_planner/install/turtlebot3_gazebo/share/turtlebot3_gazebo//models/turtlebot3_world/model-1_4.sdf
[1.789s] -- Up-to-date: /home/c/weston_ws/MPC_planner/install/turtlebot3_gazebo/share/turtlebot3_gazebo//models/turtlebot3_world/model.config
[1.789s] -- Up-to-date: /home/c/weston_ws/MPC_planner/install/turtlebot3_gazebo/share/turtlebot3_gazebo//models/turtlebot3_waffle_pi
[1.789s] -- Up-to-date: /home/c/weston_ws/MPC_planner/install/turtlebot3_gazebo/share/turtlebot3_gazebo//models/turtlebot3_waffle_pi/model.sdf
[1.789s] -- Up-to-date: /home/c/weston_ws/MPC_planner/install/turtlebot3_gazebo/share/turtlebot3_gazebo//models/turtlebot3_waffle_pi/model-1_4_.sdf
[1.794s] -- Up-to-date: /home/c/weston_ws/MPC_planner/install/turtlebot3_gazebo/share/turtlebot3_gazebo//models/turtlebot3_waffle_pi/model.config
[1.794s] -- Up-to-date: /home/c/weston_ws/MPC_planner/install/turtlebot3_gazebo/share/turtlebot3_gazebo//models/turtlebot3_burger_velodyne
[1.794s] -- Up-to-date: /home/c/weston_ws/MPC_planner/install/turtlebot3_gazebo/share/turtlebot3_gazebo//models/turtlebot3_burger_velodyne/model.sdf
[1.794s] -- Up-to-date: /home/c/weston_ws/MPC_planner/install/turtlebot3_gazebo/share/turtlebot3_gazebo//models/turtlebot3_burger_velodyne/meshes
[1.794s] -- Up-to-date: /home/c/weston_ws/MPC_planner/install/turtlebot3_gazebo/share/turtlebot3_gazebo//models/turtlebot3_burger_velodyne/meshes/lds.stl
[1.794s] -- Up-to-date: /home/c/weston_ws/MPC_planner/install/turtlebot3_gazebo/share/turtlebot3_gazebo//models/turtlebot3_burger_velodyne/meshes/right_tire.stl
[1.794s] -- Up-to-date: /home/c/weston_ws/MPC_planner/install/turtlebot3_gazebo/share/turtlebot3_gazebo//models/turtlebot3_burger_velodyne/meshes/left_tire.stl
[1.799s] -- Up-to-date: /home/c/weston_ws/MPC_planner/install/turtlebot3_gazebo/share/turtlebot3_gazebo//models/turtlebot3_burger_velodyne/meshes/burger_base.stl
[1.799s] -- Up-to-date: /home/c/weston_ws/MPC_planner/install/turtlebot3_gazebo/share/turtlebot3_gazebo//models/turtlebot3_burger_velodyne/meshes_dae
[1.799s] -- Up-to-date: /home/c/weston_ws/MPC_planner/install/turtlebot3_gazebo/share/turtlebot3_gazebo//models/turtlebot3_burger_velodyne/meshes_dae/left_tire.dae
[1.800s] -- Up-to-date: /home/c/weston_ws/MPC_planner/install/turtlebot3_gazebo/share/turtlebot3_gazebo//models/turtlebot3_burger_velodyne/meshes_dae/burger_base.dae
[1.800s] -- Up-to-date: /home/c/weston_ws/MPC_planner/install/turtlebot3_gazebo/share/turtlebot3_gazebo//models/turtlebot3_burger_velodyne/meshes_dae/lds.dae
[1.800s] -- Up-to-date: /home/c/weston_ws/MPC_planner/install/turtlebot3_gazebo/share/turtlebot3_gazebo//models/turtlebot3_burger_velodyne/meshes_dae/right_tire.dae
[1.832s] -- Up-to-date: /home/c/weston_ws/MPC_planner/install/turtlebot3_gazebo/share/turtlebot3_gazebo//models/turtlebot3_burger_velodyne/model.config
[1.834s] -- Up-to-date: /home/c/weston_ws/MPC_planner/install/turtlebot3_gazebo/share/turtlebot3_gazebo//rviz
[1.834s] -- Up-to-date: /home/c/weston_ws/MPC_planner/install/turtlebot3_gazebo/share/turtlebot3_gazebo//rviz/tb3_gazebo.rviz
[1.834s] -- Up-to-date: /home/c/weston_ws/MPC_planner/install/turtlebot3_gazebo/share/turtlebot3_gazebo//urdf
[1.835s] -- Up-to-date: /home/c/weston_ws/MPC_planner/install/turtlebot3_gazebo/share/turtlebot3_gazebo//urdf/common_properties.urdf
[1.835s] -- Up-to-date: /home/c/weston_ws/MPC_planner/install/turtlebot3_gazebo/share/turtlebot3_gazebo//urdf/turtlebot3_burger.urdf
[1.839s] -- Up-to-date: /home/c/weston_ws/MPC_planner/install/turtlebot3_gazebo/share/turtlebot3_gazebo//urdf/turtlebot3_waffle_pi.urdf
[1.839s] -- Up-to-date: /home/c/weston_ws/MPC_planner/install/turtlebot3_gazebo/share/turtlebot3_gazebo//urdf/turtlebot3_waffle.urdf
[1.839s] -- Up-to-date: /home/c/weston_ws/MPC_planner/install/turtlebot3_gazebo/share/turtlebot3_gazebo//worlds
[1.839s] -- Up-to-date: /home/c/weston_ws/MPC_planner/install/turtlebot3_gazebo/share/turtlebot3_gazebo//worlds/turtlebot3_house.world
[1.839s] -- Up-to-date: /home/c/weston_ws/MPC_planner/install/turtlebot3_gazebo/share/turtlebot3_gazebo//worlds/turtlebot3_dqn_stage1.world
[1.839s] -- Up-to-date: /home/c/weston_ws/MPC_planner/install/turtlebot3_gazebo/share/turtlebot3_gazebo//worlds/selworld
[1.839s] -- Up-to-date: /home/c/weston_ws/MPC_planner/install/turtlebot3_gazebo/share/turtlebot3_gazebo//worlds/empty_world.world
[1.839s] -- Up-to-date: /home/c/weston_ws/MPC_planner/install/turtlebot3_gazebo/share/turtlebot3_gazebo//worlds/turtlebot3_dqn_stage3.world
[1.839s] -- Up-to-date: /home/c/weston_ws/MPC_planner/install/turtlebot3_gazebo/share/turtlebot3_gazebo//worlds/turtlebot3_dqn_stage2.world
[1.839s] -- Up-to-date: /home/c/weston_ws/MPC_planner/install/turtlebot3_gazebo/share/turtlebot3_gazebo//worlds/turtlebot3_dqn_stage4.world
[1.839s] -- Up-to-date: /home/c/weston_ws/MPC_planner/install/turtlebot3_gazebo/share/turtlebot3_gazebo//worlds/turtlebot3_world.world
[1.839s] -- Up-to-date: /home/c/weston_ws/MPC_planner/install/turtlebot3_gazebo/include/
[1.839s] -- Up-to-date: /home/c/weston_ws/MPC_planner/install/turtlebot3_gazebo/include//turtlebot3_gazebo
[1.839s] -- Up-to-date: /home/c/weston_ws/MPC_planner/install/turtlebot3_gazebo/include//turtlebot3_gazebo/turtlebot3_drive.hpp
[1.839s] -- Up-to-date: /home/c/weston_ws/MPC_planner/install/turtlebot3_gazebo/share/ament_index/resource_index/package_run_dependencies/turtlebot3_gazebo
[1.839s] -- Up-to-date: /home/c/weston_ws/MPC_planner/install/turtlebot3_gazebo/share/ament_index/resource_index/parent_prefix_path/turtlebot3_gazebo
[1.839s] -- Up-to-date: /home/c/weston_ws/MPC_planner/install/turtlebot3_gazebo/share/turtlebot3_gazebo/environment/ament_prefix_path.sh
[1.839s] -- Up-to-date: /home/c/weston_ws/MPC_planner/install/turtlebot3_gazebo/share/turtlebot3_gazebo/environment/ament_prefix_path.dsv
[1.839s] -- Up-to-date: /home/c/weston_ws/MPC_planner/install/turtlebot3_gazebo/share/turtlebot3_gazebo/environment/path.sh
[1.839s] -- Up-to-date: /home/c/weston_ws/MPC_planner/install/turtlebot3_gazebo/share/turtlebot3_gazebo/environment/path.dsv
[1.839s] -- Up-to-date: /home/c/weston_ws/MPC_planner/install/turtlebot3_gazebo/share/turtlebot3_gazebo/local_setup.bash
[1.839s] -- Up-to-date: /home/c/weston_ws/MPC_planner/install/turtlebot3_gazebo/share/turtlebot3_gazebo/local_setup.sh
[1.839s] -- Up-to-date: /home/c/weston_ws/MPC_planner/install/turtlebot3_gazebo/share/turtlebot3_gazebo/local_setup.zsh
[1.839s] -- Up-to-date: /home/c/weston_ws/MPC_planner/install/turtlebot3_gazebo/share/turtlebot3_gazebo/local_setup.dsv
[1.839s] -- Installing: /home/c/weston_ws/MPC_planner/install/turtlebot3_gazebo/share/turtlebot3_gazebo/package.dsv
[1.839s] -- Up-to-date: /home/c/weston_ws/MPC_planner/install/turtlebot3_gazebo/share/ament_index/resource_index/packages/turtlebot3_gazebo
[1.839s] -- Up-to-date: /home/c/weston_ws/MPC_planner/install/turtlebot3_gazebo/share/turtlebot3_gazebo/cmake/ament_cmake_export_include_directories-extras.cmake
[1.840s] -- Up-to-date: /home/c/weston_ws/MPC_planner/install/turtlebot3_gazebo/share/turtlebot3_gazebo/cmake/ament_cmake_export_dependencies-extras.cmake
[1.840s] -- Up-to-date: /home/c/weston_ws/MPC_planner/install/turtlebot3_gazebo/share/turtlebot3_gazebo/cmake/turtlebot3_gazeboConfig.cmake
[1.840s] -- Up-to-date: /home/c/weston_ws/MPC_planner/install/turtlebot3_gazebo/share/turtlebot3_gazebo/cmake/turtlebot3_gazeboConfig-version.cmake
[1.840s] -- Up-to-date: /home/c/weston_ws/MPC_planner/install/turtlebot3_gazebo/share/turtlebot3_gazebo/package.xml
[1.970s] Invoked command in '/home/c/weston_ws/MPC_planner/build/turtlebot3_gazebo' returned '0': CMAKE_PREFIX_PATH=${CMAKE_PREFIX_PATH}:/home/c/weston_ws/MPC_planner/install/samplelaunch:/home/c/weston_ws/MPC_planner/install/local_planner:/opt/ros/humble WSLENV=ELECTRON_RUN_AS_NODE/w:BASH_ENV/u /usr/bin/cmake --install /home/c/weston_ws/MPC_planner/build/turtlebot3_gazebo
