[0.753s] Invoking command in '/home/c/weston_ws/MPC_planner/src/samplelaunch': PYTHONPATH=/home/c/weston_ws/MPC_planner/build/samplelaunch/prefix_override:/home/c/weston_ws/MPC_planner/install/samplelaunch/lib/python3.10/site-packages:${PYTHONPATH} WSLENV=ELECTRON_RUN_AS_NODE/w:BASH_ENV/u /usr/bin/python3 -W ignore:setup.py install is deprecated setup.py egg_info --egg-base ../../build/samplelaunch build --build-base /home/c/weston_ws/MPC_planner/build/samplelaunch/build install --record /home/c/weston_ws/MPC_planner/build/samplelaunch/install.log --single-version-externally-managed install_data
[0.907s] running egg_info
[0.907s] writing ../../build/samplelaunch/samplelaunch.egg-info/PKG-INFO
[0.907s] writing dependency_links to ../../build/samplelaunch/samplelaunch.egg-info/dependency_links.txt
[0.907s] writing entry points to ../../build/samplelaunch/samplelaunch.egg-info/entry_points.txt
[0.908s] writing requirements to ../../build/samplelaunch/samplelaunch.egg-info/requires.txt
[0.908s] writing top-level names to ../../build/samplelaunch/samplelaunch.egg-info/top_level.txt
[0.909s] reading manifest file '../../build/samplelaunch/samplelaunch.egg-info/SOURCES.txt'
[0.909s] adding license file 'LICENSE'
[0.909s] writing manifest file '../../build/samplelaunch/samplelaunch.egg-info/SOURCES.txt'
[0.909s] running build
[0.909s] running build_py
[0.909s] running install
[0.910s] running install_lib
[0.910s] running install_data
[0.910s] running install_egg_info
[0.911s] removing '/home/c/weston_ws/MPC_planner/install/samplelaunch/lib/python3.10/site-packages/samplelaunch-0.0.0-py3.10.egg-info' (and everything under it)
[0.912s] Copying ../../build/samplelaunch/samplelaunch.egg-info to /home/c/weston_ws/MPC_planner/install/samplelaunch/lib/python3.10/site-packages/samplelaunch-0.0.0-py3.10.egg-info
[0.912s] running install_scripts
[0.927s] writing list of installed files to '/home/c/weston_ws/MPC_planner/build/samplelaunch/install.log'
[0.947s] Invoked command in '/home/c/weston_ws/MPC_planner/src/samplelaunch' returned '0': PYTHONPATH=/home/c/weston_ws/MPC_planner/build/samplelaunch/prefix_override:/home/c/weston_ws/MPC_planner/install/samplelaunch/lib/python3.10/site-packages:${PYTHONPATH} WSLENV=ELECTRON_RUN_AS_NODE/w:BASH_ENV/u /usr/bin/python3 -W ignore:setup.py install is deprecated setup.py egg_info --egg-base ../../build/samplelaunch build --build-base /home/c/weston_ws/MPC_planner/build/samplelaunch/build install --record /home/c/weston_ws/MPC_planner/build/samplelaunch/install.log --single-version-externally-managed install_data
