[0.044s] Invoking command in '/home/c/weston_ws/MPC_planner/build/linear_path_publisher': CMAKE_PREFIX_PATH=/opt/ros/humble WSLENV=ELECTRON_RUN_AS_NODE/w:BASH_ENV/u /usr/bin/cmake /home/c/weston_ws/MPC_planner/src/linear_path_publisher -DCMAKE_INSTALL_PREFIX=/home/c/weston_ws/MPC_planner/install/linear_path_publisher
[0.390s] -- The C compiler identification is GNU 9.5.0
[0.784s] -- The CXX compiler identification is GNU 9.5.0
[1.261s] -- Detecting C compiler ABI info
[1.456s] -- Detecting C compiler ABI info - done
[1.461s] -- Check for working C compiler: /usr/bin/cc - skipped
[1.461s] -- Detecting C compile features
[1.461s] -- Detecting C compile features - done
[1.463s] -- Detecting CXX compiler ABI info
[1.636s] -- Detecting CXX compiler ABI info - done
[1.643s] -- Check for working CXX compiler: /usr/bin/c++ - skipped
[1.643s] -- Detecting CXX compile features
[1.644s] -- Detecting CXX compile features - done
[1.645s] -- Found ament_cmake: 1.3.8 (/opt/ros/humble/share/ament_cmake/cmake)
[1.788s] -- Found Python3: /usr/bin/python3 (found version "3.10.12") found components: Interpreter 
[1.874s] -- Found rclcpp: 16.0.8 (/opt/ros/humble/share/rclcpp/cmake)
[2.111s] -- Found rosidl_generator_c: 3.1.5 (/opt/ros/humble/share/rosidl_generator_c/cmake)
[2.115s] -- Found rosidl_adapter: 3.1.5 (/opt/ros/humble/share/rosidl_adapter/cmake)
[2.121s] -- Found rosidl_generator_cpp: 3.1.5 (/opt/ros/humble/share/rosidl_generator_cpp/cmake)
[2.131s] -- Using all available rosidl_typesupport_c: rosidl_typesupport_fastrtps_c;rosidl_typesupport_introspection_c
[2.146s] -- Using all available rosidl_typesupport_cpp: rosidl_typesupport_fastrtps_cpp;rosidl_typesupport_introspection_cpp
[2.201s] -- Found rmw_implementation_cmake: 6.1.1 (/opt/ros/humble/share/rmw_implementation_cmake/cmake)
[2.203s] -- Found rmw_fastrtps_cpp: 6.2.6 (/opt/ros/humble/share/rmw_fastrtps_cpp/cmake)
[3.123s] -- Found OpenSSL: /usr/lib/x86_64-linux-gnu/libcrypto.so (found version "3.0.2")  
[3.986s] -- Found FastRTPS: /opt/ros/humble/include  
[5.554s] -- Using RMW implementation 'rmw_fastrtps_cpp' as default
[5.560s] -- Looking for pthread.h
[5.729s] -- Looking for pthread.h - found
[5.729s] -- Performing Test CMAKE_HAVE_LIBC_PTHREAD
[5.897s] -- Performing Test CMAKE_HAVE_LIBC_PTHREAD - Success
[5.898s] -- Found Threads: TRUE  
[6.020s] -- Found nav_msgs: 4.2.3 (/opt/ros/humble/share/nav_msgs/cmake)
[6.119s] -- Found tf2: 0.25.6 (/opt/ros/humble/share/tf2/cmake)
[6.130s] -- Found tf2_ros: 0.25.7 (/opt/ros/humble/share/tf2_ros/cmake)
[6.411s] -- Found tf2_geometry_msgs: 0.25.7 (/opt/ros/humble/share/tf2_geometry_msgs/cmake)
[6.484s] -- Found eigen3_cmake_module: 0.1.1 (/opt/ros/humble/share/eigen3_cmake_module/cmake)
[6.485s] -- Found Eigen3: TRUE (found version "3.4.0") 
[6.485s] -- Ensuring Eigen3 include directory is part of orocos-kdl CMake target
[6.555s] -- Configuring done
[6.589s] -- Generating done
[6.591s] -- Build files have been written to: /home/c/weston_ws/MPC_planner/build/linear_path_publisher
[6.614s] Invoked command in '/home/c/weston_ws/MPC_planner/build/linear_path_publisher' returned '0': CMAKE_PREFIX_PATH=/opt/ros/humble WSLENV=ELECTRON_RUN_AS_NODE/w:BASH_ENV/u /usr/bin/cmake /home/c/weston_ws/MPC_planner/src/linear_path_publisher -DCMAKE_INSTALL_PREFIX=/home/c/weston_ws/MPC_planner/install/linear_path_publisher
[6.614s] Invoking command in '/home/c/weston_ws/MPC_planner/build/linear_path_publisher': CMAKE_PREFIX_PATH=/opt/ros/humble WSLENV=ELECTRON_RUN_AS_NODE/w:BASH_ENV/u /usr/bin/cmake --build /home/c/weston_ws/MPC_planner/build/linear_path_publisher -- -j12 -l12
[6.651s] [ 50%] [32mBuilding CXX object CMakeFiles/linear_path_publisher.dir/src/linear_path_publisher.cpp.o[0m
[17.324s] [100%] [32m[1mLinking CXX executable linear_path_publisher[0m
[18.401s] [100%] Built target linear_path_publisher
[18.412s] Invoked command in '/home/c/weston_ws/MPC_planner/build/linear_path_publisher' returned '0': CMAKE_PREFIX_PATH=/opt/ros/humble WSLENV=ELECTRON_RUN_AS_NODE/w:BASH_ENV/u /usr/bin/cmake --build /home/c/weston_ws/MPC_planner/build/linear_path_publisher -- -j12 -l12
[18.433s] Invoking command in '/home/c/weston_ws/MPC_planner/build/linear_path_publisher': CMAKE_PREFIX_PATH=/opt/ros/humble WSLENV=ELECTRON_RUN_AS_NODE/w:BASH_ENV/u /usr/bin/cmake --install /home/c/weston_ws/MPC_planner/build/linear_path_publisher
[18.439s] -- Install configuration: ""
[18.446s] -- Installing: /home/c/weston_ws/MPC_planner/install/linear_path_publisher/lib/linear_path_publisher/linear_path_publisher
[18.448s] -- Set runtime path of "/home/c/weston_ws/MPC_planner/install/linear_path_publisher/lib/linear_path_publisher/linear_path_publisher" to ""
[18.449s] -- Installing: /home/c/weston_ws/MPC_planner/install/linear_path_publisher/share/linear_path_publisher//launch
[18.449s] -- Installing: /home/c/weston_ws/MPC_planner/install/linear_path_publisher/share/linear_path_publisher//launch/linear_path_publisher.launch.py
[18.451s] -- Installing: /home/c/weston_ws/MPC_planner/install/linear_path_publisher/share/ament_index/resource_index/package_run_dependencies/linear_path_publisher
[18.451s] -- Installing: /home/c/weston_ws/MPC_planner/install/linear_path_publisher/share/ament_index/resource_index/parent_prefix_path/linear_path_publisher
[18.452s] -- Installing: /home/c/weston_ws/MPC_planner/install/linear_path_publisher/share/linear_path_publisher/environment/ament_prefix_path.sh
[18.452s] -- Installing: /home/c/weston_ws/MPC_planner/install/linear_path_publisher/share/linear_path_publisher/environment/ament_prefix_path.dsv
[18.452s] -- Installing: /home/c/weston_ws/MPC_planner/install/linear_path_publisher/share/linear_path_publisher/environment/path.sh
[18.453s] -- Installing: /home/c/weston_ws/MPC_planner/install/linear_path_publisher/share/linear_path_publisher/environment/path.dsv
[18.453s] -- Installing: /home/c/weston_ws/MPC_planner/install/linear_path_publisher/share/linear_path_publisher/local_setup.bash
[18.453s] -- Installing: /home/c/weston_ws/MPC_planner/install/linear_path_publisher/share/linear_path_publisher/local_setup.sh
[18.453s] -- Installing: /home/c/weston_ws/MPC_planner/install/linear_path_publisher/share/linear_path_publisher/local_setup.zsh
[18.453s] -- Installing: /home/c/weston_ws/MPC_planner/install/linear_path_publisher/share/linear_path_publisher/local_setup.dsv
[18.453s] -- Installing: /home/c/weston_ws/MPC_planner/install/linear_path_publisher/share/linear_path_publisher/package.dsv
[18.454s] -- Installing: /home/c/weston_ws/MPC_planner/install/linear_path_publisher/share/ament_index/resource_index/packages/linear_path_publisher
[18.454s] -- Installing: /home/c/weston_ws/MPC_planner/install/linear_path_publisher/share/linear_path_publisher/cmake/linear_path_publisherConfig.cmake
[18.454s] -- Installing: /home/c/weston_ws/MPC_planner/install/linear_path_publisher/share/linear_path_publisher/cmake/linear_path_publisherConfig-version.cmake
[18.455s] -- Installing: /home/c/weston_ws/MPC_planner/install/linear_path_publisher/share/linear_path_publisher/package.xml
[18.457s] Invoked command in '/home/c/weston_ws/MPC_planner/build/linear_path_publisher' returned '0': CMAKE_PREFIX_PATH=/opt/ros/humble WSLENV=ELECTRON_RUN_AS_NODE/w:BASH_ENV/u /usr/bin/cmake --install /home/c/weston_ws/MPC_planner/build/linear_path_publisher
