[1.128s] Invoking command in '/home/c/weston_ws/MPC_planner/src/samplelaunch': PYTHONPATH=/home/c/weston_ws/MPC_planner/build/samplelaunch/prefix_override:/home/c/weston_ws/MPC_planner/install/samplelaunch/lib/python3.10/site-packages:${PYTHONPATH} WSLENV=ELECTRON_RUN_AS_NODE/w:BASH_ENV/u /usr/bin/python3 -W ignore:setup.py install is deprecated setup.py egg_info --egg-base ../../build/samplelaunch build --build-base /home/c/weston_ws/MPC_planner/build/samplelaunch/build install --record /home/c/weston_ws/MPC_planner/build/samplelaunch/install.log --single-version-externally-managed install_data
[1.375s] running egg_info
[1.376s] writing ../../build/samplelaunch/samplelaunch.egg-info/PKG-INFO
[1.377s] writing dependency_links to ../../build/samplelaunch/samplelaunch.egg-info/dependency_links.txt
[1.377s] writing entry points to ../../build/samplelaunch/samplelaunch.egg-info/entry_points.txt
[1.377s] writing requirements to ../../build/samplelaunch/samplelaunch.egg-info/requires.txt
[1.378s] writing top-level names to ../../build/samplelaunch/samplelaunch.egg-info/top_level.txt
[1.379s] reading manifest file '../../build/samplelaunch/samplelaunch.egg-info/SOURCES.txt'
[1.381s] adding license file 'LICENSE'
[1.381s] writing manifest file '../../build/samplelaunch/samplelaunch.egg-info/SOURCES.txt'
[1.382s] running build
[1.382s] running build_py
[1.382s] running install
[1.382s] running install_lib
[1.384s] running install_data
[1.385s] running install_egg_info
[1.387s] removing '/home/c/weston_ws/MPC_planner/install/samplelaunch/lib/python3.10/site-packages/samplelaunch-0.0.0-py3.10.egg-info' (and everything under it)
[1.389s] Copying ../../build/samplelaunch/samplelaunch.egg-info to /home/c/weston_ws/MPC_planner/install/samplelaunch/lib/python3.10/site-packages/samplelaunch-0.0.0-py3.10.egg-info
[1.391s] running install_scripts
[1.412s] writing list of installed files to '/home/c/weston_ws/MPC_planner/build/samplelaunch/install.log'
[1.461s] Invoked command in '/home/c/weston_ws/MPC_planner/src/samplelaunch' returned '0': PYTHONPATH=/home/c/weston_ws/MPC_planner/build/samplelaunch/prefix_override:/home/c/weston_ws/MPC_planner/install/samplelaunch/lib/python3.10/site-packages:${PYTHONPATH} WSLENV=ELECTRON_RUN_AS_NODE/w:BASH_ENV/u /usr/bin/python3 -W ignore:setup.py install is deprecated setup.py egg_info --egg-base ../../build/samplelaunch build --build-base /home/c/weston_ws/MPC_planner/build/samplelaunch/build install --record /home/c/weston_ws/MPC_planner/build/samplelaunch/install.log --single-version-externally-managed install_data
