[0.991s] Invoking command in '/home/c/weston_ws/MPC_planner/src/samplelaunch': PYTHONPATH=/home/c/weston_ws/MPC_planner/build/samplelaunch/prefix_override:/home/c/weston_ws/MPC_planner/install/samplelaunch/lib/python3.10/site-packages:${PYTHONPATH} WSLENV=ELECTRON_RUN_AS_NODE/w:BASH_ENV/u /usr/bin/python3 -W ignore:setup.py install is deprecated setup.py egg_info --egg-base ../../build/samplelaunch build --build-base /home/c/weston_ws/MPC_planner/build/samplelaunch/build install --record /home/c/weston_ws/MPC_planner/build/samplelaunch/install.log --single-version-externally-managed install_data
[1.189s] running egg_info
[1.190s] writing ../../build/samplelaunch/samplelaunch.egg-info/PKG-INFO
[1.190s] writing dependency_links to ../../build/samplelaunch/samplelaunch.egg-info/dependency_links.txt
[1.190s] writing entry points to ../../build/samplelaunch/samplelaunch.egg-info/entry_points.txt
[1.190s] writing requirements to ../../build/samplelaunch/samplelaunch.egg-info/requires.txt
[1.191s] writing top-level names to ../../build/samplelaunch/samplelaunch.egg-info/top_level.txt
[1.191s] reading manifest file '../../build/samplelaunch/samplelaunch.egg-info/SOURCES.txt'
[1.192s] adding license file 'LICENSE'
[1.192s] writing manifest file '../../build/samplelaunch/samplelaunch.egg-info/SOURCES.txt'
[1.192s] running build
[1.193s] running build_py
[1.193s] running install
[1.193s] running install_lib
[1.194s] running install_data
[1.194s] running install_egg_info
[1.196s] removing '/home/c/weston_ws/MPC_planner/install/samplelaunch/lib/python3.10/site-packages/samplelaunch-0.0.0-py3.10.egg-info' (and everything under it)
[1.196s] Copying ../../build/samplelaunch/samplelaunch.egg-info to /home/c/weston_ws/MPC_planner/install/samplelaunch/lib/python3.10/site-packages/samplelaunch-0.0.0-py3.10.egg-info
[1.197s] running install_scripts
[1.216s] writing list of installed files to '/home/c/weston_ws/MPC_planner/build/samplelaunch/install.log'
[1.247s] Invoked command in '/home/c/weston_ws/MPC_planner/src/samplelaunch' returned '0': PYTHONPATH=/home/c/weston_ws/MPC_planner/build/samplelaunch/prefix_override:/home/c/weston_ws/MPC_planner/install/samplelaunch/lib/python3.10/site-packages:${PYTHONPATH} WSLENV=ELECTRON_RUN_AS_NODE/w:BASH_ENV/u /usr/bin/python3 -W ignore:setup.py install is deprecated setup.py egg_info --egg-base ../../build/samplelaunch build --build-base /home/c/weston_ws/MPC_planner/build/samplelaunch/build install --record /home/c/weston_ws/MPC_planner/build/samplelaunch/install.log --single-version-externally-managed install_data
