[0.531s] Invoking command in '/home/c/weston_ws/MPC_planner/build/scene': CMAKE_PREFIX_PATH=${CMAKE_PREFIX_PATH}:/home/c/weston_ws/MPC_planner/install/samplelaunch:/home/c/weston_ws/MPC_planner/install/local_planner:/opt/ros/humble WSLENV=ELECTRON_RUN_AS_NODE/w:BASH_ENV/u /usr/bin/cmake --build /home/c/weston_ws/MPC_planner/build/scene -- -j12 -l12
[0.590s] [ 50%] Built target odom_tf
[0.590s] [ 66%] Built target pseudo_odom
[0.590s] [100%] Built target move_test
[0.660s] Invoked command in '/home/c/weston_ws/MPC_planner/build/scene' returned '0': CMAKE_PREFIX_PATH=${CMAKE_PREFIX_PATH}:/home/c/weston_ws/MPC_planner/install/samplelaunch:/home/c/weston_ws/MPC_planner/install/local_planner:/opt/ros/humble WSLENV=ELECTRON_RUN_AS_NODE/w:BASH_ENV/u /usr/bin/cmake --build /home/c/weston_ws/MPC_planner/build/scene -- -j12 -l12
[0.801s] Invoking command in '/home/c/weston_ws/MPC_planner/build/scene': CMAKE_PREFIX_PATH=${CMAKE_PREFIX_PATH}:/home/c/weston_ws/MPC_planner/install/samplelaunch:/home/c/weston_ws/MPC_planner/install/local_planner:/opt/ros/humble WSLENV=ELECTRON_RUN_AS_NODE/w:BASH_ENV/u /usr/bin/cmake --install /home/c/weston_ws/MPC_planner/build/scene
[0.855s] -- Install configuration: "Debug"
[0.860s] -- Up-to-date: /home/c/weston_ws/MPC_planner/install/scene/lib/scene/pseudo_odom
[0.862s] -- Up-to-date: /home/c/weston_ws/MPC_planner/install/scene/lib/scene/odom_tf
[0.864s] -- Up-to-date: /home/c/weston_ws/MPC_planner/install/scene/lib/scene/move_test
[0.864s] -- Up-to-date: /home/c/weston_ws/MPC_planner/install/scene/share/scene//launch
[0.865s] -- Up-to-date: /home/c/weston_ws/MPC_planner/install/scene/share/scene//launch/start_backup.launch.py
[0.865s] -- Up-to-date: /home/c/weston_ws/MPC_planner/install/scene/share/scene//launch/move_test.launch.py
[0.865s] -- Up-to-date: /home/c/weston_ws/MPC_planner/install/scene/share/scene//launch/sim.launch.py
[0.866s] -- Up-to-date: /home/c/weston_ws/MPC_planner/install/scene/share/scene//launch/start.launch.py
[0.866s] -- Up-to-date: /home/c/weston_ws/MPC_planner/install/scene/share/scene//config
[0.868s] -- Up-to-date: /home/c/weston_ws/MPC_planner/install/scene/share/scene//config/config.yaml
[0.870s] -- Up-to-date: /home/c/weston_ws/MPC_planner/install/scene/share/scene//worlds
[0.870s] -- Up-to-date: /home/c/weston_ws/MPC_planner/install/scene/share/scene//worlds/world1.world
[0.870s] -- Up-to-date: /home/c/weston_ws/MPC_planner/install/scene/share/scene//worlds/world.world
[0.870s] -- Up-to-date: /home/c/weston_ws/MPC_planner/install/scene/share/scene//worlds/world0.world
[0.871s] -- Up-to-date: /home/c/weston_ws/MPC_planner/install/scene/share/ament_index/resource_index/package_run_dependencies/scene
[0.872s] -- Up-to-date: /home/c/weston_ws/MPC_planner/install/scene/share/ament_index/resource_index/parent_prefix_path/scene
[0.873s] -- Up-to-date: /home/c/weston_ws/MPC_planner/install/scene/share/scene/environment/ament_prefix_path.sh
[0.873s] -- Up-to-date: /home/c/weston_ws/MPC_planner/install/scene/share/scene/environment/ament_prefix_path.dsv
[0.874s] -- Up-to-date: /home/c/weston_ws/MPC_planner/install/scene/share/scene/environment/path.sh
[0.874s] -- Up-to-date: /home/c/weston_ws/MPC_planner/install/scene/share/scene/environment/path.dsv
[0.874s] -- Up-to-date: /home/c/weston_ws/MPC_planner/install/scene/share/scene/local_setup.bash
[0.874s] -- Up-to-date: /home/c/weston_ws/MPC_planner/install/scene/share/scene/local_setup.sh
[0.874s] -- Up-to-date: /home/c/weston_ws/MPC_planner/install/scene/share/scene/local_setup.zsh
[0.875s] -- Up-to-date: /home/c/weston_ws/MPC_planner/install/scene/share/scene/local_setup.dsv
[0.877s] -- Installing: /home/c/weston_ws/MPC_planner/install/scene/share/scene/package.dsv
[0.878s] -- Up-to-date: /home/c/weston_ws/MPC_planner/install/scene/share/ament_index/resource_index/packages/scene
[0.880s] -- Up-to-date: /home/c/weston_ws/MPC_planner/install/scene/share/scene/cmake/sceneConfig.cmake
[0.881s] -- Up-to-date: /home/c/weston_ws/MPC_planner/install/scene/share/scene/cmake/sceneConfig-version.cmake
[0.882s] -- Up-to-date: /home/c/weston_ws/MPC_planner/install/scene/share/scene/package.xml
[0.909s] Invoked command in '/home/c/weston_ws/MPC_planner/build/scene' returned '0': CMAKE_PREFIX_PATH=${CMAKE_PREFIX_PATH}:/home/c/weston_ws/MPC_planner/install/samplelaunch:/home/c/weston_ws/MPC_planner/install/local_planner:/opt/ros/humble WSLENV=ELECTRON_RUN_AS_NODE/w:BASH_ENV/u /usr/bin/cmake --install /home/c/weston_ws/MPC_planner/build/scene
