[0.081s] Invoking command in '/home/c/weston_ws/MPC_planner/build/local_map': CMAKE_PREFIX_PATH=/opt/ros/humble WSLENV=ELECTRON_RUN_AS_NODE/w:BASH_ENV/u /usr/bin/cmake --build /home/c/weston_ws/MPC_planner/build/local_map -- -j12 -l12
[0.700s] [100%] Built target local_map
[0.752s] Invoked command in '/home/c/weston_ws/MPC_planner/build/local_map' returned '0': CMAKE_PREFIX_PATH=/opt/ros/humble WSLENV=ELECTRON_RUN_AS_NODE/w:BASH_ENV/u /usr/bin/cmake --build /home/c/weston_ws/MPC_planner/build/local_map -- -j12 -l12
[0.870s] Invoking command in '/home/c/weston_ws/MPC_planner/build/local_map': CMAKE_PREFIX_PATH=/opt/ros/humble WSLENV=ELECTRON_RUN_AS_NODE/w:BASH_ENV/u /usr/bin/cmake --install /home/c/weston_ws/MPC_planner/build/local_map
[0.922s] -- Install configuration: "Release"
[0.923s] -- Up-to-date: /home/c/weston_ws/MPC_planner/install/local_map/lib/local_map/local_map
[0.923s] -- Up-to-date: /home/c/weston_ws/MPC_planner/install/local_map/share/local_map//config
[0.923s] -- Up-to-date: /home/c/weston_ws/MPC_planner/install/local_map/share/local_map//config/config.yaml
[0.924s] -- Up-to-date: /home/c/weston_ws/MPC_planner/install/local_map/share/local_map//rviz
[0.924s] -- Up-to-date: /home/c/weston_ws/MPC_planner/install/local_map/share/local_map//rviz/rviz_config.rviz
[0.924s] -- Up-to-date: /home/c/weston_ws/MPC_planner/install/local_map/share/ament_index/resource_index/package_run_dependencies/local_map
[0.925s] -- Up-to-date: /home/c/weston_ws/MPC_planner/install/local_map/share/ament_index/resource_index/parent_prefix_path/local_map
[0.925s] -- Up-to-date: /home/c/weston_ws/MPC_planner/install/local_map/share/local_map/environment/ament_prefix_path.sh
[0.926s] -- Up-to-date: /home/c/weston_ws/MPC_planner/install/local_map/share/local_map/environment/ament_prefix_path.dsv
[0.927s] -- Up-to-date: /home/c/weston_ws/MPC_planner/install/local_map/share/local_map/environment/path.sh
[0.928s] -- Up-to-date: /home/c/weston_ws/MPC_planner/install/local_map/share/local_map/environment/path.dsv
[0.928s] -- Up-to-date: /home/c/weston_ws/MPC_planner/install/local_map/share/local_map/local_setup.bash
[0.930s] -- Up-to-date: /home/c/weston_ws/MPC_planner/install/local_map/share/local_map/local_setup.sh
[0.930s] -- Up-to-date: /home/c/weston_ws/MPC_planner/install/local_map/share/local_map/local_setup.zsh
[0.930s] -- Up-to-date: /home/c/weston_ws/MPC_planner/install/local_map/share/local_map/local_setup.dsv
[0.931s] -- Installing: /home/c/weston_ws/MPC_planner/install/local_map/share/local_map/package.dsv
[0.931s] -- Up-to-date: /home/c/weston_ws/MPC_planner/install/local_map/share/ament_index/resource_index/packages/local_map
[0.932s] -- Up-to-date: /home/c/weston_ws/MPC_planner/install/local_map/share/local_map/cmake/local_mapConfig.cmake
[0.933s] -- Up-to-date: /home/c/weston_ws/MPC_planner/install/local_map/share/local_map/cmake/local_mapConfig-version.cmake
[0.935s] -- Up-to-date: /home/c/weston_ws/MPC_planner/install/local_map/share/local_map/package.xml
[1.023s] Invoked command in '/home/c/weston_ws/MPC_planner/build/local_map' returned '0': CMAKE_PREFIX_PATH=/opt/ros/humble WSLENV=ELECTRON_RUN_AS_NODE/w:BASH_ENV/u /usr/bin/cmake --install /home/c/weston_ws/MPC_planner/build/local_map
