[0.260s] Invoking command in '/home/c/weston_ws/MPC_planner/build/linear_path_publisher': CMAKE_PREFIX_PATH=/opt/ros/humble WSLENV=ELECTRON_RUN_AS_NODE/w:BASH_ENV/u /usr/bin/cmake --build /home/c/weston_ws/MPC_planner/build/linear_path_publisher -- -j12 -l12
[1.722s] [100%] Built target linear_path_publisher
[1.980s] Invoked command in '/home/c/weston_ws/MPC_planner/build/linear_path_publisher' returned '0': CMAKE_PREFIX_PATH=/opt/ros/humble WSLENV=ELECTRON_RUN_AS_NODE/w:BASH_ENV/u /usr/bin/cmake --build /home/c/weston_ws/MPC_planner/build/linear_path_publisher -- -j12 -l12
[2.361s] Invoking command in '/home/c/weston_ws/MPC_planner/build/linear_path_publisher': CMAKE_PREFIX_PATH=/opt/ros/humble WSLENV=ELECTRON_RUN_AS_NODE/w:BASH_ENV/u /usr/bin/cmake --install /home/c/weston_ws/MPC_planner/build/linear_path_publisher
[2.412s] -- Install configuration: ""
[2.412s] -- Up-to-date: /home/c/weston_ws/MPC_planner/install/linear_path_publisher/lib/linear_path_publisher/linear_path_publisher
[2.412s] -- Up-to-date: /home/c/weston_ws/MPC_planner/install/linear_path_publisher/share/linear_path_publisher//launch
[2.412s] -- Up-to-date: /home/c/weston_ws/MPC_planner/install/linear_path_publisher/share/linear_path_publisher//launch/linear_path_publisher.launch.py
[2.412s] -- Up-to-date: /home/c/weston_ws/MPC_planner/install/linear_path_publisher/share/ament_index/resource_index/package_run_dependencies/linear_path_publisher
[2.412s] -- Up-to-date: /home/c/weston_ws/MPC_planner/install/linear_path_publisher/share/ament_index/resource_index/parent_prefix_path/linear_path_publisher
[2.412s] -- Up-to-date: /home/c/weston_ws/MPC_planner/install/linear_path_publisher/share/linear_path_publisher/environment/ament_prefix_path.sh
[2.412s] -- Up-to-date: /home/c/weston_ws/MPC_planner/install/linear_path_publisher/share/linear_path_publisher/environment/ament_prefix_path.dsv
[2.412s] -- Up-to-date: /home/c/weston_ws/MPC_planner/install/linear_path_publisher/share/linear_path_publisher/environment/path.sh
[2.412s] -- Up-to-date: /home/c/weston_ws/MPC_planner/install/linear_path_publisher/share/linear_path_publisher/environment/path.dsv
[2.412s] -- Up-to-date: /home/c/weston_ws/MPC_planner/install/linear_path_publisher/share/linear_path_publisher/local_setup.bash
[2.412s] -- Up-to-date: /home/c/weston_ws/MPC_planner/install/linear_path_publisher/share/linear_path_publisher/local_setup.sh
[2.412s] -- Up-to-date: /home/c/weston_ws/MPC_planner/install/linear_path_publisher/share/linear_path_publisher/local_setup.zsh
[2.413s] -- Up-to-date: /home/c/weston_ws/MPC_planner/install/linear_path_publisher/share/linear_path_publisher/local_setup.dsv
[2.413s] -- Installing: /home/c/weston_ws/MPC_planner/install/linear_path_publisher/share/linear_path_publisher/package.dsv
[2.413s] -- Up-to-date: /home/c/weston_ws/MPC_planner/install/linear_path_publisher/share/ament_index/resource_index/packages/linear_path_publisher
[2.413s] -- Up-to-date: /home/c/weston_ws/MPC_planner/install/linear_path_publisher/share/linear_path_publisher/cmake/linear_path_publisherConfig.cmake
[2.413s] -- Up-to-date: /home/c/weston_ws/MPC_planner/install/linear_path_publisher/share/linear_path_publisher/cmake/linear_path_publisherConfig-version.cmake
[2.413s] -- Up-to-date: /home/c/weston_ws/MPC_planner/install/linear_path_publisher/share/linear_path_publisher/package.xml
[2.542s] Invoked command in '/home/c/weston_ws/MPC_planner/build/linear_path_publisher' returned '0': CMAKE_PREFIX_PATH=/opt/ros/humble WSLENV=ELECTRON_RUN_AS_NODE/w:BASH_ENV/u /usr/bin/cmake --install /home/c/weston_ws/MPC_planner/build/linear_path_publisher
