[0.042s] Invoking command in '/home/c/weston_ws/MPC_planner/build/local_map': CMAKE_PREFIX_PATH=/opt/ros/humble WSLENV=ELECTRON_RUN_AS_NODE/w:BASH_ENV/u /usr/bin/cmake /home/c/weston_ws/MPC_planner/src/local_map -DCMAKE_INSTALL_PREFIX=/home/c/weston_ws/MPC_planner/install/local_map
[0.390s] -- The C compiler identification is GNU 9.5.0
[0.897s] -- The CXX compiler identification is GNU 9.5.0
[1.320s] -- Detecting C compiler ABI info
[1.504s] -- Detecting C compiler ABI info - done
[1.509s] -- Check for working C compiler: /usr/bin/cc - skipped
[1.509s] -- Detecting C compile features
[1.509s] -- Detecting C compile features - done
[1.511s] -- Detecting CXX compiler ABI info
[1.723s] -- Detecting CXX compiler ABI info - done
[1.730s] -- Check for working CXX compiler: /usr/bin/c++ - skipped
[1.730s] -- Detecting CXX compile features
[1.731s] -- Detecting CXX compile features - done
[1.733s] -- Found ament_cmake: 1.3.8 (/opt/ros/humble/share/ament_cmake/cmake)
[1.874s] -- Found Python3: /usr/bin/python3 (found version "3.10.12") found components: Interpreter 
[1.950s] -- Found rclcpp: 16.0.8 (/opt/ros/humble/share/rclcpp/cmake)
[2.189s] -- Found rosidl_generator_c: 3.1.5 (/opt/ros/humble/share/rosidl_generator_c/cmake)
[2.192s] -- Found rosidl_adapter: 3.1.5 (/opt/ros/humble/share/rosidl_adapter/cmake)
[2.199s] -- Found rosidl_generator_cpp: 3.1.5 (/opt/ros/humble/share/rosidl_generator_cpp/cmake)
[2.209s] -- Using all available rosidl_typesupport_c: rosidl_typesupport_fastrtps_c;rosidl_typesupport_introspection_c
[2.224s] -- Using all available rosidl_typesupport_cpp: rosidl_typesupport_fastrtps_cpp;rosidl_typesupport_introspection_cpp
[2.283s] -- Found rmw_implementation_cmake: 6.1.1 (/opt/ros/humble/share/rmw_implementation_cmake/cmake)
[2.285s] -- Found rmw_fastrtps_cpp: 6.2.6 (/opt/ros/humble/share/rmw_fastrtps_cpp/cmake)
[3.495s] -- Found OpenSSL: /usr/lib/x86_64-linux-gnu/libcrypto.so (found version "3.0.2")  
[4.313s] -- Found FastRTPS: /opt/ros/humble/include  
[6.331s] -- Using RMW implementation 'rmw_fastrtps_cpp' as default
[6.338s] -- Looking for pthread.h
[6.524s] -- Looking for pthread.h - found
[6.525s] -- Performing Test CMAKE_HAVE_LIBC_PTHREAD
[6.719s] -- Performing Test CMAKE_HAVE_LIBC_PTHREAD - Success
[6.720s] -- Found Threads: TRUE  
[6.858s] -- Found visualization_msgs: 4.2.3 (/opt/ros/humble/share/visualization_msgs/cmake)
[7.116s] -- Found pcl_conversions: 2.4.0 (/opt/ros/humble/share/pcl_conversions/cmake)
[7.253s] -- Found pcl_ros: 2.4.0 (/opt/ros/humble/share/pcl_ros/cmake)
[7.410s] -- Found eigen3_cmake_module: 0.1.1 (/opt/ros/humble/share/eigen3_cmake_module/cmake)
[7.412s] -- Found Eigen3: TRUE (found version "3.4.0") 
[7.412s] -- Ensuring Eigen3 include directory is part of orocos-kdl CMake target
[7.776s] -- Checking for module 'eigen3'
[7.787s] --   Found eigen3, version 3.4.0
[7.813s] -- Found Eigen: /usr/include/eigen3 (Required is at least version "3.1") 
[7.813s] -- Eigen found (include: /usr/include/eigen3, version: 3.4.0)
[10.257s] -- Checking for module 'flann'
[10.281s] --   Found flann, version 1.9.1
[11.033s] -- Found FLANN: /usr/lib/x86_64-linux-gnu/libflann_cpp.so  
[11.033s] -- FLANN found (include: /usr/include, lib: /usr/lib/x86_64-linux-gnu/libflann_cpp.so)
[20.210s] -- Checking for module 'libusb-1.0'
[20.220s] --   Found libusb-1.0, version 1.0.25
[20.377s] -- Found libusb: /usr/lib/x86_64-linux-gnu/libusb-1.0.so  
[20.386s] -- OpenNI found (version: 1.5.4.0, include: /usr/include/ni, lib: /usr/lib/libOpenNI.so;libusb::libusb)
[20.636s] -- OpenNI2 found (version: 2.2.0.33, include: /mnt/d/Program Files/PCL 1.14.0/3rdParty/OpenNI2/Include, lib: /usr/lib/x86_64-linux-gnu/libOpenNI2.so;libusb::libusb)
[23.635s] -- Eigen found (include: /usr/include/eigen3, version: 3.4.0)
[23.640s] -- OpenNI found (version: 1.5.4.0, include: /usr/include/ni, lib: /usr/lib/libOpenNI.so;libusb::libusb)
[23.655s] -- OpenNI2 found (version: 2.2.0.33, include: /mnt/d/Program Files/PCL 1.14.0/3rdParty/OpenNI2/Include, lib: /usr/lib/x86_64-linux-gnu/libOpenNI2.so;libusb::libusb)
[26.731s] -- Found Qhull version 8.0.2
[28.908s] -- OpenNI found (version: 1.5.4.0, include: /usr/include/ni, lib: /usr/lib/libOpenNI.so;libusb::libusb)
[30.759s] -- Found PCL_COMMON: /usr/lib/x86_64-linux-gnu/libpcl_common.so  
[30.760s] -- Found PCL_KDTREE: /usr/lib/x86_64-linux-gnu/libpcl_kdtree.so  
[30.761s] -- Found PCL_OCTREE: /usr/lib/x86_64-linux-gnu/libpcl_octree.so  
[30.761s] -- Found PCL_SEARCH: /usr/lib/x86_64-linux-gnu/libpcl_search.so  
[30.762s] -- Found PCL_SAMPLE_CONSENSUS: /usr/lib/x86_64-linux-gnu/libpcl_sample_consensus.so  
[30.762s] -- Found PCL_FILTERS: /usr/lib/x86_64-linux-gnu/libpcl_filters.so  
[30.763s] -- Found PCL_2D: /usr/include/pcl-1.12  
[30.763s] -- Found PCL_GEOMETRY: /usr/include/pcl-1.12  
[30.763s] -- Found PCL_IO: /usr/lib/x86_64-linux-gnu/libpcl_io.so  
[30.765s] -- Found PCL_FEATURES: /usr/lib/x86_64-linux-gnu/libpcl_features.so  
[30.766s] -- Found PCL_ML: /usr/lib/x86_64-linux-gnu/libpcl_ml.so  
[30.767s] -- Found PCL_SEGMENTATION: /usr/lib/x86_64-linux-gnu/libpcl_segmentation.so  
[30.767s] -- Found PCL_VISUALIZATION: /usr/lib/x86_64-linux-gnu/libpcl_visualization.so  
[30.769s] -- Found PCL_SURFACE: /usr/lib/x86_64-linux-gnu/libpcl_surface.so  
[30.770s] -- Found PCL_REGISTRATION: /usr/lib/x86_64-linux-gnu/libpcl_registration.so  
[30.771s] -- Found PCL_KEYPOINTS: /usr/lib/x86_64-linux-gnu/libpcl_keypoints.so  
[30.772s] -- Found PCL_TRACKING: /usr/lib/x86_64-linux-gnu/libpcl_tracking.so  
[30.778s] -- Found PCL_RECOGNITION: /usr/lib/x86_64-linux-gnu/libpcl_recognition.so  
[30.779s] -- Found PCL_STEREO: /usr/lib/x86_64-linux-gnu/libpcl_stereo.so  
[30.779s] -- Found PCL_APPS: /usr/lib/x86_64-linux-gnu/libpcl_apps.so  
[30.780s] -- Found PCL_IN_HAND_SCANNER: /usr/include/pcl-1.12  
[30.780s] -- Found PCL_MODELER: /usr/include/pcl-1.12  
[30.788s] -- Found PCL_POINT_CLOUD_EDITOR: /usr/include/pcl-1.12  
[30.789s] -- Found PCL_OUTOFCORE: /usr/lib/x86_64-linux-gnu/libpcl_outofcore.so  
[30.790s] -- Found PCL_PEOPLE: /usr/lib/x86_64-linux-gnu/libpcl_people.so  
[30.805s] -- Found grid_map_octomap: 2.0.0 (/opt/ros/humble/share/grid_map_octomap/cmake)
[30.812s] -- Found grid_map_ros: 2.0.0 (/opt/ros/humble/share/grid_map_ros/cmake)
[32.376s] -- Found tf2_eigen: 0.25.6 (/opt/ros/humble/share/tf2_eigen/cmake)
[32.380s] -- Found rviz_visual_tools: 4.1.4 (/opt/ros/humble/share/rviz_visual_tools/cmake)
[32.549s] -- Setting OGRE_DIR to: '/opt/ros/humble/share/rviz_ogre_vendor/cmake/../../../opt/rviz_ogre_vendor/lib/OGRE/cmake'
[32.551s] -- Found OGRE
[32.551s] --   static     : OFF
[32.551s] --   components : HLMS;MeshLodGenerator;Overlay;Paging;Property;RTShaderSystem;Terrain;Volume
[32.551s] --   plugins    : Plugin_BSPSceneManager;Plugin_OctreeSceneManager;Plugin_PCZSceneManager;Plugin_ParticleFX;RenderSystem_GL;RenderSystem_GL3Plus;Codec_STBI
[32.551s] --   media      : /opt/ros/humble/opt/rviz_ogre_vendor/share/OGRE/Media
[32.551s] -- OGRE_LIBRARIES: OgreHLMS;OgreMeshLodGenerator;OgreOverlay;OgrePaging;OgreProperty;OgreRTShaderSystem;OgreTerrain;OgreVolume;OgreMain
[32.551s] -- OGRE_LIBRARY_DIRS: /opt/ros/humble/opt/rviz_ogre_vendor/lib
[32.551s] -- OGRE_PLUGINS: Plugin_BSPSceneManager;Plugin_OctreeSceneManager;Plugin_PCZSceneManager;Plugin_ParticleFX;RenderSystem_GL;RenderSystem_GL3Plus;Codec_STBI
[32.551s] -- OGRE_PLUGIN_DIR: /opt/ros/humble/opt/rviz_ogre_vendor/lib/OGRE
[32.551s] -- rviz_ogre_vendor::OgreOverlay for IMPORTED_LOCATION_RELEASE: /opt/ros/humble/opt/rviz_ogre_vendor/lib/libOgreOverlay.so
[32.551s] -- rviz_ogre_vendor::OgreOverlay for IMPORTED_LOCATION_DEBUG: /opt/ros/humble/opt/rviz_ogre_vendor/lib/libOgreOverlay.so
[32.551s] -- rviz_ogre_vendor::OgreMain for IMPORTED_LOCATION_RELEASE: /opt/ros/humble/opt/rviz_ogre_vendor/lib/libOgreMain.so
[32.551s] -- rviz_ogre_vendor::OgreMain for IMPORTED_LOCATION_DEBUG: /opt/ros/humble/opt/rviz_ogre_vendor/lib/libOgreMain.so
[32.592s] -- Found ZLIB: /usr/lib/x86_64-linux-gnu/libz.so (found version "1.2.11") 
[32.631s] -- Found OpenGL: /usr/lib/x86_64-linux-gnu/libOpenGL.so   
[33.481s] -- Found X11: /usr/include   
[33.511s] -- rviz_ogre_vendor::RenderSystem_GL for IMPORTED_LOCATION_RELEASE: _render_system_gl_static_library_abs-NOTFOUND
[33.511s] -- rviz_ogre_vendor::RenderSystem_GL for IMPORTED_LOCATION_DEBUG: _render_system_gl_static_library_abs-NOTFOUND
[35.391s] -- library: /usr/lib/x86_64-linux-gnu/libcurl.so
[35.776s] [33mCMake Warning at /usr/lib/x86_64-linux-gnu/cmake/CGAL/CGALConfig.cmake:92 (message):
[35.777s]   CGAL_DATA_DIR cannot be deduced, set the variable CGAL_DATA_DIR to set the
[35.777s]   default value of CGAL::data_file_path()
[35.777s] Call Stack (most recent call first):
[35.777s]   CMakeLists.txt:25 (find_package)
[35.777s] 
[35.777s] [0m
[35.782s] -- Using header-only CGAL
[35.785s] -- Targetting Unix Makefiles
[35.785s] -- Using /usr/bin/c++ compiler.
[36.334s] -- Found GMP: /usr/lib/x86_64-linux-gnu/libgmp.so  
[36.595s] -- Found MPFR: /usr/lib/x86_64-linux-gnu/libmpfr.so  
[36.868s] -- Found Boost: /usr/lib/x86_64-linux-gnu/cmake/Boost-1.74.0/BoostConfig.cmake (found suitable version "1.74.0", minimum required is "1.48")  
[36.868s] -- Boost include dirs: /usr/include
[36.869s] -- Boost libraries:    
[36.869s] -- Using gcc version 4 or later. Adding -frounding-math
[37.505s] -- Configuring done
[37.645s] -- Generating done
[37.650s] -- Build files have been written to: /home/c/weston_ws/MPC_planner/build/local_map
[37.680s] Invoked command in '/home/c/weston_ws/MPC_planner/build/local_map' returned '0': CMAKE_PREFIX_PATH=/opt/ros/humble WSLENV=ELECTRON_RUN_AS_NODE/w:BASH_ENV/u /usr/bin/cmake /home/c/weston_ws/MPC_planner/src/local_map -DCMAKE_INSTALL_PREFIX=/home/c/weston_ws/MPC_planner/install/local_map
[37.681s] Invoking command in '/home/c/weston_ws/MPC_planner/build/local_map': CMAKE_PREFIX_PATH=/opt/ros/humble WSLENV=ELECTRON_RUN_AS_NODE/w:BASH_ENV/u /usr/bin/cmake --build /home/c/weston_ws/MPC_planner/build/local_map -- -j12 -l12
[37.736s] [ 50%] [32mBuilding CXX object CMakeFiles/local_map.dir/src/local_map.cpp.o[0m
[72.420s] [100%] [32m[1mLinking CXX executable local_map[0m
[73.904s] [100%] Built target local_map
[73.910s] Invoked command in '/home/c/weston_ws/MPC_planner/build/local_map' returned '0': CMAKE_PREFIX_PATH=/opt/ros/humble WSLENV=ELECTRON_RUN_AS_NODE/w:BASH_ENV/u /usr/bin/cmake --build /home/c/weston_ws/MPC_planner/build/local_map -- -j12 -l12
[73.927s] Invoking command in '/home/c/weston_ws/MPC_planner/build/local_map': CMAKE_PREFIX_PATH=/opt/ros/humble WSLENV=ELECTRON_RUN_AS_NODE/w:BASH_ENV/u /usr/bin/cmake --install /home/c/weston_ws/MPC_planner/build/local_map
[73.931s] -- Install configuration: "Release"
[73.932s] -- Installing: /home/c/weston_ws/MPC_planner/install/local_map/lib/local_map/local_map
[73.933s] -- Set runtime path of "/home/c/weston_ws/MPC_planner/install/local_map/lib/local_map/local_map" to ""
[73.933s] -- Installing: /home/c/weston_ws/MPC_planner/install/local_map/share/local_map//config
[73.933s] -- Installing: /home/c/weston_ws/MPC_planner/install/local_map/share/local_map//config/config.yaml
[73.933s] -- Installing: /home/c/weston_ws/MPC_planner/install/local_map/share/local_map//rviz
[73.933s] -- Installing: /home/c/weston_ws/MPC_planner/install/local_map/share/local_map//rviz/rviz_config.rviz
[73.934s] -- Installing: /home/c/weston_ws/MPC_planner/install/local_map/share/ament_index/resource_index/package_run_dependencies/local_map
[73.934s] -- Installing: /home/c/weston_ws/MPC_planner/install/local_map/share/ament_index/resource_index/parent_prefix_path/local_map
[73.935s] -- Installing: /home/c/weston_ws/MPC_planner/install/local_map/share/local_map/environment/ament_prefix_path.sh
[73.935s] -- Installing: /home/c/weston_ws/MPC_planner/install/local_map/share/local_map/environment/ament_prefix_path.dsv
[73.935s] -- Installing: /home/c/weston_ws/MPC_planner/install/local_map/share/local_map/environment/path.sh
[73.935s] -- Installing: /home/c/weston_ws/MPC_planner/install/local_map/share/local_map/environment/path.dsv
[73.935s] -- Installing: /home/c/weston_ws/MPC_planner/install/local_map/share/local_map/local_setup.bash
[73.935s] -- Installing: /home/c/weston_ws/MPC_planner/install/local_map/share/local_map/local_setup.sh
[73.935s] -- Installing: /home/c/weston_ws/MPC_planner/install/local_map/share/local_map/local_setup.zsh
[73.935s] -- Installing: /home/c/weston_ws/MPC_planner/install/local_map/share/local_map/local_setup.dsv
[73.935s] -- Installing: /home/c/weston_ws/MPC_planner/install/local_map/share/local_map/package.dsv
[73.935s] -- Installing: /home/c/weston_ws/MPC_planner/install/local_map/share/ament_index/resource_index/packages/local_map
[73.935s] -- Installing: /home/c/weston_ws/MPC_planner/install/local_map/share/local_map/cmake/local_mapConfig.cmake
[73.936s] -- Installing: /home/c/weston_ws/MPC_planner/install/local_map/share/local_map/cmake/local_mapConfig-version.cmake
[73.936s] -- Installing: /home/c/weston_ws/MPC_planner/install/local_map/share/local_map/package.xml
[73.937s] Invoked command in '/home/c/weston_ws/MPC_planner/build/local_map' returned '0': CMAKE_PREFIX_PATH=/opt/ros/humble WSLENV=ELECTRON_RUN_AS_NODE/w:BASH_ENV/u /usr/bin/cmake --install /home/c/weston_ws/MPC_planner/build/local_map
