[2.147s] Invoking command in '/home/c/weston_ws/MPC_planner/src/samplelaunch': PYTHONPATH=/home/c/weston_ws/MPC_planner/build/samplelaunch/prefix_override:/home/c/weston_ws/MPC_planner/install/samplelaunch/lib/python3.10/site-packages:${PYTHONPATH} WSLENV=ELECTRON_RUN_AS_NODE/w:BASH_ENV/u /usr/bin/python3 -W ignore:setup.py install is deprecated setup.py egg_info --egg-base ../../build/samplelaunch build --build-base /home/c/weston_ws/MPC_planner/build/samplelaunch/build install --record /home/c/weston_ws/MPC_planner/build/samplelaunch/install.log --single-version-externally-managed install_data
[2.631s] running egg_info
[2.631s] writing ../../build/samplelaunch/samplelaunch.egg-info/PKG-INFO
[2.632s] writing dependency_links to ../../build/samplelaunch/samplelaunch.egg-info/dependency_links.txt
[2.632s] writing entry points to ../../build/samplelaunch/samplelaunch.egg-info/entry_points.txt
[2.636s] writing requirements to ../../build/samplelaunch/samplelaunch.egg-info/requires.txt
[2.636s] writing top-level names to ../../build/samplelaunch/samplelaunch.egg-info/top_level.txt
[2.638s] reading manifest file '../../build/samplelaunch/samplelaunch.egg-info/SOURCES.txt'
[2.638s] adding license file 'LICENSE'
[2.639s] writing manifest file '../../build/samplelaunch/samplelaunch.egg-info/SOURCES.txt'
[2.639s] running build
[2.640s] running build_py
[2.640s] running install
[2.640s] running install_lib
[2.647s] running install_data
[2.647s] running install_egg_info
[2.648s] removing '/home/c/weston_ws/MPC_planner/install/samplelaunch/lib/python3.10/site-packages/samplelaunch-0.0.0-py3.10.egg-info' (and everything under it)
[2.649s] Copying ../../build/samplelaunch/samplelaunch.egg-info to /home/c/weston_ws/MPC_planner/install/samplelaunch/lib/python3.10/site-packages/samplelaunch-0.0.0-py3.10.egg-info
[2.651s] running install_scripts
[2.700s] writing list of installed files to '/home/c/weston_ws/MPC_planner/build/samplelaunch/install.log'
[2.771s] Invoked command in '/home/c/weston_ws/MPC_planner/src/samplelaunch' returned '0': PYTHONPATH=/home/c/weston_ws/MPC_planner/build/samplelaunch/prefix_override:/home/c/weston_ws/MPC_planner/install/samplelaunch/lib/python3.10/site-packages:${PYTHONPATH} WSLENV=ELECTRON_RUN_AS_NODE/w:BASH_ENV/u /usr/bin/python3 -W ignore:setup.py install is deprecated setup.py egg_info --egg-base ../../build/samplelaunch build --build-base /home/c/weston_ws/MPC_planner/build/samplelaunch/build install --record /home/c/weston_ws/MPC_planner/build/samplelaunch/install.log --single-version-externally-managed install_data
