[0.789s] Invoking command in '/home/c/weston_ws/MPC_planner/src/local_planner': PYTHONPATH=/home/c/weston_ws/MPC_planner/build/local_planner/prefix_override:/home/c/weston_ws/MPC_planner/install/local_planner/lib/python3.10/site-packages:${PYTHONPATH} WSLENV=ELECTRON_RUN_AS_NODE/w:BASH_ENV/u /usr/bin/python3 -W ignore:setup.py install is deprecated setup.py egg_info --egg-base ../../build/local_planner build --build-base /home/c/weston_ws/MPC_planner/build/local_planner/build install --record /home/c/weston_ws/MPC_planner/build/local_planner/install.log --single-version-externally-managed install_data
[0.942s] running egg_info
[0.942s] writing ../../build/local_planner/local_planner.egg-info/PKG-INFO
[0.942s] writing dependency_links to ../../build/local_planner/local_planner.egg-info/dependency_links.txt
[0.943s] writing entry points to ../../build/local_planner/local_planner.egg-info/entry_points.txt
[0.943s] writing requirements to ../../build/local_planner/local_planner.egg-info/requires.txt
[0.943s] writing top-level names to ../../build/local_planner/local_planner.egg-info/top_level.txt
[0.943s] reading manifest file '../../build/local_planner/local_planner.egg-info/SOURCES.txt'
[0.944s] writing manifest file '../../build/local_planner/local_planner.egg-info/SOURCES.txt'
[0.944s] running build
[0.944s] running build_py
[0.945s] running install
[0.945s] running install_lib
[0.946s] running install_data
[0.947s] running install_egg_info
[0.947s] removing '/home/c/weston_ws/MPC_planner/install/local_planner/lib/python3.10/site-packages/local_planner-0.0.0-py3.10.egg-info' (and everything under it)
[0.947s] Copying ../../build/local_planner/local_planner.egg-info to /home/c/weston_ws/MPC_planner/install/local_planner/lib/python3.10/site-packages/local_planner-0.0.0-py3.10.egg-info
[0.948s] running install_scripts
[0.962s] Installing controller_node script to /home/c/weston_ws/MPC_planner/install/local_planner/lib/local_planner
[0.962s] Installing local_planner_node script to /home/c/weston_ws/MPC_planner/install/local_planner/lib/local_planner
[0.963s] writing list of installed files to '/home/c/weston_ws/MPC_planner/build/local_planner/install.log'
[0.988s] Invoked command in '/home/c/weston_ws/MPC_planner/src/local_planner' returned '0': PYTHONPATH=/home/c/weston_ws/MPC_planner/build/local_planner/prefix_override:/home/c/weston_ws/MPC_planner/install/local_planner/lib/python3.10/site-packages:${PYTHONPATH} WSLENV=ELECTRON_RUN_AS_NODE/w:BASH_ENV/u /usr/bin/python3 -W ignore:setup.py install is deprecated setup.py egg_info --egg-base ../../build/local_planner build --build-base /home/c/weston_ws/MPC_planner/build/local_planner/build install --record /home/c/weston_ws/MPC_planner/build/local_planner/install.log --single-version-externally-managed install_data
