/home/c/weston_ws/MPC_planner/install/local_planner/lib/python3.10/site-packages/local_planner/__init__.py
/home/c/weston_ws/MPC_planner/install/local_planner/lib/python3.10/site-packages/local_planner/acados.py
/home/c/weston_ws/MPC_planner/install/local_planner/lib/python3.10/site-packages/local_planner/debug.py
/home/c/weston_ws/MPC_planner/install/local_planner/lib/python3.10/site-packages/local_planner/controller.py
/home/c/weston_ws/MPC_planner/install/local_planner/lib/python3.10/site-packages/local_planner/debug_casadi.py
/home/c/weston_ws/MPC_planner/install/local_planner/lib/python3.10/site-packages/local_planner/local_planner.py
/home/c/weston_ws/MPC_planner/install/local_planner/lib/python3.10/site-packages/local_planner/__pycache__/__init__.cpython-310.pyc
/home/c/weston_ws/MPC_planner/install/local_planner/lib/python3.10/site-packages/local_planner/__pycache__/acados.cpython-310.pyc
/home/c/weston_ws/MPC_planner/install/local_planner/lib/python3.10/site-packages/local_planner/__pycache__/debug.cpython-310.pyc
/home/c/weston_ws/MPC_planner/install/local_planner/lib/python3.10/site-packages/local_planner/__pycache__/controller.cpython-310.pyc
/home/c/weston_ws/MPC_planner/install/local_planner/lib/python3.10/site-packages/local_planner/__pycache__/debug_casadi.cpython-310.pyc
/home/c/weston_ws/MPC_planner/install/local_planner/lib/python3.10/site-packages/local_planner/__pycache__/local_planner.cpython-310.pyc
/home/c/weston_ws/MPC_planner/install/local_planner/share/ament_index/resource_index/packages/local_planner
/home/c/weston_ws/MPC_planner/install/local_planner/share/local_planner/package.xml
/home/c/weston_ws/MPC_planner/install/local_planner/share/local_planner/local_planner_launch.py
/home/c/weston_ws/MPC_planner/install/local_planner/share/local_planner/config.yaml
/home/c/weston_ws/MPC_planner/install/local_planner/lib/python3.10/site-packages/local_planner-0.0.0-py3.10.egg-info/zip-safe
/home/c/weston_ws/MPC_planner/install/local_planner/lib/python3.10/site-packages/local_planner-0.0.0-py3.10.egg-info/top_level.txt
/home/c/weston_ws/MPC_planner/install/local_planner/lib/python3.10/site-packages/local_planner-0.0.0-py3.10.egg-info/dependency_links.txt
/home/c/weston_ws/MPC_planner/install/local_planner/lib/python3.10/site-packages/local_planner-0.0.0-py3.10.egg-info/requires.txt
/home/c/weston_ws/MPC_planner/install/local_planner/lib/python3.10/site-packages/local_planner-0.0.0-py3.10.egg-info/PKG-INFO
/home/c/weston_ws/MPC_planner/install/local_planner/lib/python3.10/site-packages/local_planner-0.0.0-py3.10.egg-info/SOURCES.txt
/home/c/weston_ws/MPC_planner/install/local_planner/lib/python3.10/site-packages/local_planner-0.0.0-py3.10.egg-info/entry_points.txt
/home/c/weston_ws/MPC_planner/install/local_planner/lib/local_planner/controller_node
/home/c/weston_ws/MPC_planner/install/local_planner/lib/local_planner/local_planner_node
