running egg_info
creating ../../build/local_planner/local_planner.egg-info
writing ../../build/local_planner/local_planner.egg-info/PKG-INFO
writing dependency_links to ../../build/local_planner/local_planner.egg-info/dependency_links.txt
writing entry points to ../../build/local_planner/local_planner.egg-info/entry_points.txt
writing requirements to ../../build/local_planner/local_planner.egg-info/requires.txt
writing top-level names to ../../build/local_planner/local_planner.egg-info/top_level.txt
writing manifest file '../../build/local_planner/local_planner.egg-info/SOURCES.txt'
reading manifest file '../../build/local_planner/local_planner.egg-info/SOURCES.txt'
writing manifest file '../../build/local_planner/local_planner.egg-info/SOURCES.txt'
running build
running build_py
creating /home/c/weston_ws/MPC_planner/build/local_planner/build
creating /home/c/weston_ws/MPC_planner/build/local_planner/build/lib
creating /home/c/weston_ws/MPC_planner/build/local_planner/build/lib/local_planner
copying local_planner/__init__.py -> /home/c/weston_ws/MPC_planner/build/local_planner/build/lib/local_planner
copying local_planner/debug.py -> /home/c/weston_ws/MPC_planner/build/local_planner/build/lib/local_planner
copying local_planner/controller.py -> /home/c/weston_ws/MPC_planner/build/local_planner/build/lib/local_planner
copying local_planner/debug_casadi.py -> /home/c/weston_ws/MPC_planner/build/local_planner/build/lib/local_planner
copying local_planner/local_planner.py -> /home/c/weston_ws/MPC_planner/build/local_planner/build/lib/local_planner
running install
running install_lib
creating /home/c/weston_ws/MPC_planner/install/local_planner/lib/python3.10/site-packages/local_planner
copying /home/c/weston_ws/MPC_planner/build/local_planner/build/lib/local_planner/__init__.py -> /home/c/weston_ws/MPC_planner/install/local_planner/lib/python3.10/site-packages/local_planner
copying /home/c/weston_ws/MPC_planner/build/local_planner/build/lib/local_planner/debug.py -> /home/c/weston_ws/MPC_planner/install/local_planner/lib/python3.10/site-packages/local_planner
copying /home/c/weston_ws/MPC_planner/build/local_planner/build/lib/local_planner/controller.py -> /home/c/weston_ws/MPC_planner/install/local_planner/lib/python3.10/site-packages/local_planner
copying /home/c/weston_ws/MPC_planner/build/local_planner/build/lib/local_planner/debug_casadi.py -> /home/c/weston_ws/MPC_planner/install/local_planner/lib/python3.10/site-packages/local_planner
copying /home/c/weston_ws/MPC_planner/build/local_planner/build/lib/local_planner/local_planner.py -> /home/c/weston_ws/MPC_planner/install/local_planner/lib/python3.10/site-packages/local_planner
byte-compiling /home/c/weston_ws/MPC_planner/install/local_planner/lib/python3.10/site-packages/local_planner/__init__.py to __init__.cpython-310.pyc
byte-compiling /home/c/weston_ws/MPC_planner/install/local_planner/lib/python3.10/site-packages/local_planner/debug.py to debug.cpython-310.pyc
byte-compiling /home/c/weston_ws/MPC_planner/install/local_planner/lib/python3.10/site-packages/local_planner/controller.py to controller.cpython-310.pyc
byte-compiling /home/c/weston_ws/MPC_planner/install/local_planner/lib/python3.10/site-packages/local_planner/debug_casadi.py to debug_casadi.cpython-310.pyc
byte-compiling /home/c/weston_ws/MPC_planner/install/local_planner/lib/python3.10/site-packages/local_planner/local_planner.py to local_planner.cpython-310.pyc
running install_data
creating /home/c/weston_ws/MPC_planner/install/local_planner/share/ament_index
creating /home/c/weston_ws/MPC_planner/install/local_planner/share/ament_index/resource_index
creating /home/c/weston_ws/MPC_planner/install/local_planner/share/ament_index/resource_index/packages
copying resource/local_planner -> /home/c/weston_ws/MPC_planner/install/local_planner/share/ament_index/resource_index/packages
copying package.xml -> /home/c/weston_ws/MPC_planner/install/local_planner/share/local_planner
copying launch/local_planner_launch.py -> /home/c/weston_ws/MPC_planner/install/local_planner/share/local_planner
copying config/config.yaml -> /home/c/weston_ws/MPC_planner/install/local_planner/share/local_planner
running install_egg_info
Copying ../../build/local_planner/local_planner.egg-info to /home/c/weston_ws/MPC_planner/install/local_planner/lib/python3.10/site-packages/local_planner-0.0.0-py3.10.egg-info
running install_scripts
Installing controller_node script to /home/c/weston_ws/MPC_planner/install/local_planner/lib/local_planner
Installing local_planner_node script to /home/c/weston_ws/MPC_planner/install/local_planner/lib/local_planner
writing list of installed files to '/home/c/weston_ws/MPC_planner/build/local_planner/install.log'
