[0.945s] Invoking command in '/home/c/weston_ws/MPC_planner/src/local_planner': PYTHONPATH=/home/c/weston_ws/MPC_planner/build/local_planner/prefix_override:/home/c/weston_ws/MPC_planner/install/local_planner/lib/python3.10/site-packages:${PYTHONPATH} WSLENV=ELECTRON_RUN_AS_NODE/w:BASH_ENV/u /usr/bin/python3 -W ignore:setup.py install is deprecated setup.py egg_info --egg-base ../../build/local_planner build --build-base /home/c/weston_ws/MPC_planner/build/local_planner/build install --record /home/c/weston_ws/MPC_planner/build/local_planner/install.log --single-version-externally-managed install_data
[1.124s] running egg_info
[1.124s] creating ../../build/local_planner/local_planner.egg-info
[1.124s] writing ../../build/local_planner/local_planner.egg-info/PKG-INFO
[1.125s] writing dependency_links to ../../build/local_planner/local_planner.egg-info/dependency_links.txt
[1.125s] writing entry points to ../../build/local_planner/local_planner.egg-info/entry_points.txt
[1.125s] writing requirements to ../../build/local_planner/local_planner.egg-info/requires.txt
[1.125s] writing top-level names to ../../build/local_planner/local_planner.egg-info/top_level.txt
[1.125s] writing manifest file '../../build/local_planner/local_planner.egg-info/SOURCES.txt'
[1.127s] reading manifest file '../../build/local_planner/local_planner.egg-info/SOURCES.txt'
[1.127s] writing manifest file '../../build/local_planner/local_planner.egg-info/SOURCES.txt'
[1.127s] running build
[1.127s] running build_py
[1.127s] creating /home/c/weston_ws/MPC_planner/build/local_planner/build
[1.128s] creating /home/c/weston_ws/MPC_planner/build/local_planner/build/lib
[1.128s] creating /home/c/weston_ws/MPC_planner/build/local_planner/build/lib/local_planner
[1.128s] copying local_planner/__init__.py -> /home/c/weston_ws/MPC_planner/build/local_planner/build/lib/local_planner
[1.128s] copying local_planner/debug.py -> /home/c/weston_ws/MPC_planner/build/local_planner/build/lib/local_planner
[1.134s] copying local_planner/controller.py -> /home/c/weston_ws/MPC_planner/build/local_planner/build/lib/local_planner
[1.135s] copying local_planner/debug_casadi.py -> /home/c/weston_ws/MPC_planner/build/local_planner/build/lib/local_planner
[1.135s] copying local_planner/local_planner.py -> /home/c/weston_ws/MPC_planner/build/local_planner/build/lib/local_planner
[1.135s] running install
[1.136s] running install_lib
[1.136s] creating /home/c/weston_ws/MPC_planner/install/local_planner/lib/python3.10/site-packages/local_planner
[1.136s] copying /home/c/weston_ws/MPC_planner/build/local_planner/build/lib/local_planner/__init__.py -> /home/c/weston_ws/MPC_planner/install/local_planner/lib/python3.10/site-packages/local_planner
[1.138s] copying /home/c/weston_ws/MPC_planner/build/local_planner/build/lib/local_planner/debug.py -> /home/c/weston_ws/MPC_planner/install/local_planner/lib/python3.10/site-packages/local_planner
[1.138s] copying /home/c/weston_ws/MPC_planner/build/local_planner/build/lib/local_planner/controller.py -> /home/c/weston_ws/MPC_planner/install/local_planner/lib/python3.10/site-packages/local_planner
[1.138s] copying /home/c/weston_ws/MPC_planner/build/local_planner/build/lib/local_planner/debug_casadi.py -> /home/c/weston_ws/MPC_planner/install/local_planner/lib/python3.10/site-packages/local_planner
[1.138s] copying /home/c/weston_ws/MPC_planner/build/local_planner/build/lib/local_planner/local_planner.py -> /home/c/weston_ws/MPC_planner/install/local_planner/lib/python3.10/site-packages/local_planner
[1.138s] byte-compiling /home/c/weston_ws/MPC_planner/install/local_planner/lib/python3.10/site-packages/local_planner/__init__.py to __init__.cpython-310.pyc
[1.138s] byte-compiling /home/c/weston_ws/MPC_planner/install/local_planner/lib/python3.10/site-packages/local_planner/debug.py to debug.cpython-310.pyc
[1.138s] byte-compiling /home/c/weston_ws/MPC_planner/install/local_planner/lib/python3.10/site-packages/local_planner/controller.py to controller.cpython-310.pyc
[1.139s] byte-compiling /home/c/weston_ws/MPC_planner/install/local_planner/lib/python3.10/site-packages/local_planner/debug_casadi.py to debug_casadi.cpython-310.pyc
[1.139s] byte-compiling /home/c/weston_ws/MPC_planner/install/local_planner/lib/python3.10/site-packages/local_planner/local_planner.py to local_planner.cpython-310.pyc
[1.140s] running install_data
[1.142s] creating /home/c/weston_ws/MPC_planner/install/local_planner/share/ament_index
[1.143s] creating /home/c/weston_ws/MPC_planner/install/local_planner/share/ament_index/resource_index
[1.144s] creating /home/c/weston_ws/MPC_planner/install/local_planner/share/ament_index/resource_index/packages
[1.144s] copying resource/local_planner -> /home/c/weston_ws/MPC_planner/install/local_planner/share/ament_index/resource_index/packages
[1.144s] copying package.xml -> /home/c/weston_ws/MPC_planner/install/local_planner/share/local_planner
[1.144s] copying launch/local_planner_launch.py -> /home/c/weston_ws/MPC_planner/install/local_planner/share/local_planner
[1.144s] copying config/config.yaml -> /home/c/weston_ws/MPC_planner/install/local_planner/share/local_planner
[1.144s] running install_egg_info
[1.146s] Copying ../../build/local_planner/local_planner.egg-info to /home/c/weston_ws/MPC_planner/install/local_planner/lib/python3.10/site-packages/local_planner-0.0.0-py3.10.egg-info
[1.147s] running install_scripts
[1.163s] Installing controller_node script to /home/c/weston_ws/MPC_planner/install/local_planner/lib/local_planner
[1.164s] Installing local_planner_node script to /home/c/weston_ws/MPC_planner/install/local_planner/lib/local_planner
[1.164s] writing list of installed files to '/home/c/weston_ws/MPC_planner/build/local_planner/install.log'
[1.199s] Invoked command in '/home/c/weston_ws/MPC_planner/src/local_planner' returned '0': PYTHONPATH=/home/c/weston_ws/MPC_planner/build/local_planner/prefix_override:/home/c/weston_ws/MPC_planner/install/local_planner/lib/python3.10/site-packages:${PYTHONPATH} WSLENV=ELECTRON_RUN_AS_NODE/w:BASH_ENV/u /usr/bin/python3 -W ignore:setup.py install is deprecated setup.py egg_info --egg-base ../../build/local_planner build --build-base /home/c/weston_ws/MPC_planner/build/local_planner/build install --record /home/c/weston_ws/MPC_planner/build/local_planner/install.log --single-version-externally-managed install_data
