[0.190s] Invoking command in '/home/c/weston_ws/MPC_planner/build/global_path_publisher': CMAKE_PREFIX_PATH=${CMAKE_PREFIX_PATH}:/home/c/weston_ws/MPC_planner/install/samplelaunch:/home/c/weston_ws/MPC_planner/install/local_planner:/opt/ros/humble WSLENV=ELECTRON_RUN_AS_NODE/w:BASH_ENV/u /usr/bin/cmake --build /home/c/weston_ws/MPC_planner/build/global_path_publisher -- -j12 -l12
[1.188s] [100%] Built target global_path_publisher
[1.226s] Invoked command in '/home/c/weston_ws/MPC_planner/build/global_path_publisher' returned '0': CMAKE_PREFIX_PATH=${CMAKE_PREFIX_PATH}:/home/c/weston_ws/MPC_planner/install/samplelaunch:/home/c/weston_ws/MPC_planner/install/local_planner:/opt/ros/humble WSLENV=ELECTRON_RUN_AS_NODE/w:BASH_ENV/u /usr/bin/cmake --build /home/c/weston_ws/MPC_planner/build/global_path_publisher -- -j12 -l12
[1.438s] Invoking command in '/home/c/weston_ws/MPC_planner/build/global_path_publisher': CMAKE_PREFIX_PATH=${CMAKE_PREFIX_PATH}:/home/c/weston_ws/MPC_planner/install/samplelaunch:/home/c/weston_ws/MPC_planner/install/local_planner:/opt/ros/humble WSLENV=ELECTRON_RUN_AS_NODE/w:BASH_ENV/u /usr/bin/cmake --install /home/c/weston_ws/MPC_planner/build/global_path_publisher
[1.587s] -- Install configuration: ""
[1.587s] -- Up-to-date: /home/c/weston_ws/MPC_planner/install/global_path_publisher/lib/global_path_publisher/global_path_publisher
[1.588s] -- Up-to-date: /home/c/weston_ws/MPC_planner/install/global_path_publisher/share/global_path_publisher//launch
[1.588s] -- Up-to-date: /home/c/weston_ws/MPC_planner/install/global_path_publisher/share/global_path_publisher//launch/global_path_publisher.launch.py
[1.589s] -- Up-to-date: /home/c/weston_ws/MPC_planner/install/global_path_publisher/share/global_path_publisher//config
[1.589s] -- Up-to-date: /home/c/weston_ws/MPC_planner/install/global_path_publisher/share/global_path_publisher//config/config.yaml
[1.589s] -- Up-to-date: /home/c/weston_ws/MPC_planner/install/global_path_publisher/share/ament_index/resource_index/package_run_dependencies/global_path_publisher
[1.589s] -- Up-to-date: /home/c/weston_ws/MPC_planner/install/global_path_publisher/share/ament_index/resource_index/parent_prefix_path/global_path_publisher
[1.590s] -- Up-to-date: /home/c/weston_ws/MPC_planner/install/global_path_publisher/share/global_path_publisher/environment/ament_prefix_path.sh
[1.590s] -- Up-to-date: /home/c/weston_ws/MPC_planner/install/global_path_publisher/share/global_path_publisher/environment/ament_prefix_path.dsv
[1.590s] -- Up-to-date: /home/c/weston_ws/MPC_planner/install/global_path_publisher/share/global_path_publisher/environment/path.sh
[1.590s] -- Up-to-date: /home/c/weston_ws/MPC_planner/install/global_path_publisher/share/global_path_publisher/environment/path.dsv
[1.590s] -- Up-to-date: /home/c/weston_ws/MPC_planner/install/global_path_publisher/share/global_path_publisher/local_setup.bash
[1.591s] -- Up-to-date: /home/c/weston_ws/MPC_planner/install/global_path_publisher/share/global_path_publisher/local_setup.sh
[1.591s] -- Up-to-date: /home/c/weston_ws/MPC_planner/install/global_path_publisher/share/global_path_publisher/local_setup.zsh
[1.597s] -- Up-to-date: /home/c/weston_ws/MPC_planner/install/global_path_publisher/share/global_path_publisher/local_setup.dsv
[1.598s] -- Installing: /home/c/weston_ws/MPC_planner/install/global_path_publisher/share/global_path_publisher/package.dsv
[1.598s] -- Up-to-date: /home/c/weston_ws/MPC_planner/install/global_path_publisher/share/ament_index/resource_index/packages/global_path_publisher
[1.598s] -- Up-to-date: /home/c/weston_ws/MPC_planner/install/global_path_publisher/share/global_path_publisher/cmake/global_path_publisherConfig.cmake
[1.599s] -- Up-to-date: /home/c/weston_ws/MPC_planner/install/global_path_publisher/share/global_path_publisher/cmake/global_path_publisherConfig-version.cmake
[1.599s] -- Up-to-date: /home/c/weston_ws/MPC_planner/install/global_path_publisher/share/global_path_publisher/package.xml
[1.686s] Invoked command in '/home/c/weston_ws/MPC_planner/build/global_path_publisher' returned '0': CMAKE_PREFIX_PATH=${CMAKE_PREFIX_PATH}:/home/c/weston_ws/MPC_planner/install/samplelaunch:/home/c/weston_ws/MPC_planner/install/local_planner:/opt/ros/humble WSLENV=ELECTRON_RUN_AS_NODE/w:BASH_ENV/u /usr/bin/cmake --install /home/c/weston_ws/MPC_planner/build/global_path_publisher
