[0.530s] Invoking command in '/home/c/weston_ws/MPC_planner/build/velodyne_description': CMAKE_PREFIX_PATH=/opt/ros/humble WSLENV=ELECTRON_RUN_AS_NODE/w:BASH_ENV/u /usr/bin/cmake --build /home/c/weston_ws/MPC_planner/build/velodyne_description -- -j12 -l12
[2.701s] Invoked command in '/home/c/weston_ws/MPC_planner/build/velodyne_description' returned '0': CMAKE_PREFIX_PATH=/opt/ros/humble WSLENV=ELECTRON_RUN_AS_NODE/w:BASH_ENV/u /usr/bin/cmake --build /home/c/weston_ws/MPC_planner/build/velodyne_description -- -j12 -l12
[3.092s] Invoking command in '/home/c/weston_ws/MPC_planner/build/velodyne_description': CMAKE_PREFIX_PATH=/opt/ros/humble WSLENV=ELECTRON_RUN_AS_NODE/w:BASH_ENV/u /usr/bin/cmake --install /home/c/weston_ws/MPC_planner/build/velodyne_description
[3.262s] -- Install configuration: ""
[3.271s] -- Up-to-date: /home/c/weston_ws/MPC_planner/install/velodyne_description/share/velodyne_description/launch
[3.272s] -- Up-to-date: /home/c/weston_ws/MPC_planner/install/velodyne_description/share/velodyne_description/launch/example.launch.py
[3.272s] -- Up-to-date: /home/c/weston_ws/MPC_planner/install/velodyne_description/share/velodyne_description/meshes
[3.272s] -- Up-to-date: /home/c/weston_ws/MPC_planner/install/velodyne_description/share/velodyne_description/meshes/VLP16_base_2.dae
[3.272s] -- Up-to-date: /home/c/weston_ws/MPC_planner/install/velodyne_description/share/velodyne_description/meshes/VLP16_base_1.dae
[3.272s] -- Up-to-date: /home/c/weston_ws/MPC_planner/install/velodyne_description/share/velodyne_description/meshes/HDL32E_base.dae
[3.272s] -- Up-to-date: /home/c/weston_ws/MPC_planner/install/velodyne_description/share/velodyne_description/meshes/VLP16_scan.dae
[3.272s] -- Up-to-date: /home/c/weston_ws/MPC_planner/install/velodyne_description/share/velodyne_description/meshes/HDL32E_scan.dae
[3.272s] -- Up-to-date: /home/c/weston_ws/MPC_planner/install/velodyne_description/share/velodyne_description/meshes/HDL32E_base.stl
[3.272s] -- Up-to-date: /home/c/weston_ws/MPC_planner/install/velodyne_description/share/velodyne_description/meshes/VLP16_base_1.stl
[3.272s] -- Up-to-date: /home/c/weston_ws/MPC_planner/install/velodyne_description/share/velodyne_description/meshes/VLP16_base_2.stl
[3.272s] -- Up-to-date: /home/c/weston_ws/MPC_planner/install/velodyne_description/share/velodyne_description/meshes/VLP16_scan.stl
[3.272s] -- Up-to-date: /home/c/weston_ws/MPC_planner/install/velodyne_description/share/velodyne_description/meshes/HDL32E_scan.stl
[3.272s] -- Up-to-date: /home/c/weston_ws/MPC_planner/install/velodyne_description/share/velodyne_description/rviz
[3.272s] -- Up-to-date: /home/c/weston_ws/MPC_planner/install/velodyne_description/share/velodyne_description/rviz/example.rviz
[3.272s] -- Up-to-date: /home/c/weston_ws/MPC_planner/install/velodyne_description/share/velodyne_description/urdf
[3.272s] -- Up-to-date: /home/c/weston_ws/MPC_planner/install/velodyne_description/share/velodyne_description/urdf/example.urdf.xacro
[3.272s] -- Up-to-date: /home/c/weston_ws/MPC_planner/install/velodyne_description/share/velodyne_description/urdf/VLP-16.urdf.xacro
[3.272s] -- Up-to-date: /home/c/weston_ws/MPC_planner/install/velodyne_description/share/velodyne_description/urdf/HDL-32E.urdf.xacro
[3.272s] -- Up-to-date: /home/c/weston_ws/MPC_planner/install/velodyne_description/share/velodyne_description/world
[3.273s] -- Up-to-date: /home/c/weston_ws/MPC_planner/install/velodyne_description/share/velodyne_description/world/example.world
[3.273s] -- Up-to-date: /home/c/weston_ws/MPC_planner/install/velodyne_description/share/velodyne_description/environment/velodyne_description.dsv
[3.273s] -- Up-to-date: /home/c/weston_ws/MPC_planner/install/velodyne_description/share/ament_index/resource_index/package_run_dependencies/velodyne_description
[3.273s] -- Up-to-date: /home/c/weston_ws/MPC_planner/install/velodyne_description/share/ament_index/resource_index/parent_prefix_path/velodyne_description
[3.273s] -- Up-to-date: /home/c/weston_ws/MPC_planner/install/velodyne_description/share/velodyne_description/environment/ament_prefix_path.sh
[3.273s] -- Up-to-date: /home/c/weston_ws/MPC_planner/install/velodyne_description/share/velodyne_description/environment/ament_prefix_path.dsv
[3.273s] -- Up-to-date: /home/c/weston_ws/MPC_planner/install/velodyne_description/share/velodyne_description/environment/path.sh
[3.273s] -- Up-to-date: /home/c/weston_ws/MPC_planner/install/velodyne_description/share/velodyne_description/environment/path.dsv
[3.273s] -- Up-to-date: /home/c/weston_ws/MPC_planner/install/velodyne_description/share/velodyne_description/local_setup.bash
[3.273s] -- Up-to-date: /home/c/weston_ws/MPC_planner/install/velodyne_description/share/velodyne_description/local_setup.sh
[3.273s] -- Up-to-date: /home/c/weston_ws/MPC_planner/install/velodyne_description/share/velodyne_description/local_setup.zsh
[3.273s] -- Up-to-date: /home/c/weston_ws/MPC_planner/install/velodyne_description/share/velodyne_description/local_setup.dsv
[3.273s] -- Installing: /home/c/weston_ws/MPC_planner/install/velodyne_description/share/velodyne_description/package.dsv
[3.274s] -- Up-to-date: /home/c/weston_ws/MPC_planner/install/velodyne_description/share/ament_index/resource_index/packages/velodyne_description
[3.274s] -- Up-to-date: /home/c/weston_ws/MPC_planner/install/velodyne_description/share/velodyne_description/cmake/velodyne_descriptionConfig.cmake
[3.274s] -- Up-to-date: /home/c/weston_ws/MPC_planner/install/velodyne_description/share/velodyne_description/cmake/velodyne_descriptionConfig-version.cmake
[3.274s] -- Up-to-date: /home/c/weston_ws/MPC_planner/install/velodyne_description/share/velodyne_description/package.xml
[3.653s] Invoked command in '/home/c/weston_ws/MPC_planner/build/velodyne_description' returned '0': CMAKE_PREFIX_PATH=/opt/ros/humble WSLENV=ELECTRON_RUN_AS_NODE/w:BASH_ENV/u /usr/bin/cmake --install /home/c/weston_ws/MPC_planner/build/velodyne_description
