[0.784s] Invoking command in '/home/c/weston_ws/MPC_planner/src/local_planner': PYTHONPATH=/home/c/weston_ws/MPC_planner/build/local_planner/prefix_override:/home/c/weston_ws/MPC_planner/install/local_planner/lib/python3.10/site-packages:${PYTHONPATH} WSLENV=ELECTRON_RUN_AS_NODE/w:BASH_ENV/u /usr/bin/python3 -W ignore:setup.py install is deprecated setup.py egg_info --egg-base ../../build/local_planner build --build-base /home/c/weston_ws/MPC_planner/build/local_planner/build install --record /home/c/weston_ws/MPC_planner/build/local_planner/install.log --single-version-externally-managed install_data
[0.937s] running egg_info
[0.937s] writing ../../build/local_planner/local_planner.egg-info/PKG-INFO
[0.937s] writing dependency_links to ../../build/local_planner/local_planner.egg-info/dependency_links.txt
[0.937s] writing entry points to ../../build/local_planner/local_planner.egg-info/entry_points.txt
[0.938s] writing requirements to ../../build/local_planner/local_planner.egg-info/requires.txt
[0.938s] writing top-level names to ../../build/local_planner/local_planner.egg-info/top_level.txt
[0.938s] reading manifest file '../../build/local_planner/local_planner.egg-info/SOURCES.txt'
[0.941s] writing manifest file '../../build/local_planner/local_planner.egg-info/SOURCES.txt'
[0.942s] running build
[0.942s] running build_py
[0.942s] copying local_planner/local_planner.py -> /home/c/weston_ws/MPC_planner/build/local_planner/build/lib/local_planner
[0.942s] running install
[0.942s] running install_lib
[0.942s] copying /home/c/weston_ws/MPC_planner/build/local_planner/build/lib/local_planner/local_planner.py -> /home/c/weston_ws/MPC_planner/install/local_planner/lib/python3.10/site-packages/local_planner
[0.943s] byte-compiling /home/c/weston_ws/MPC_planner/install/local_planner/lib/python3.10/site-packages/local_planner/local_planner.py to local_planner.cpython-310.pyc
[0.945s] running install_data
[0.945s] running install_egg_info
[0.946s] removing '/home/c/weston_ws/MPC_planner/install/local_planner/lib/python3.10/site-packages/local_planner-0.0.0-py3.10.egg-info' (and everything under it)
[0.947s] Copying ../../build/local_planner/local_planner.egg-info to /home/c/weston_ws/MPC_planner/install/local_planner/lib/python3.10/site-packages/local_planner-0.0.0-py3.10.egg-info
[0.947s] running install_scripts
[0.960s] Installing controller_node script to /home/c/weston_ws/MPC_planner/install/local_planner/lib/local_planner
[0.960s] Installing local_planner_node script to /home/c/weston_ws/MPC_planner/install/local_planner/lib/local_planner
[0.961s] writing list of installed files to '/home/c/weston_ws/MPC_planner/build/local_planner/install.log'
[0.980s] Invoked command in '/home/c/weston_ws/MPC_planner/src/local_planner' returned '0': PYTHONPATH=/home/c/weston_ws/MPC_planner/build/local_planner/prefix_override:/home/c/weston_ws/MPC_planner/install/local_planner/lib/python3.10/site-packages:${PYTHONPATH} WSLENV=ELECTRON_RUN_AS_NODE/w:BASH_ENV/u /usr/bin/python3 -W ignore:setup.py install is deprecated setup.py egg_info --egg-base ../../build/local_planner build --build-base /home/c/weston_ws/MPC_planner/build/local_planner/build install --record /home/c/weston_ws/MPC_planner/build/local_planner/install.log --single-version-externally-managed install_data
