[0.241s] Invoking command in '/home/c/weston_ws/MPC_planner/build/velodyne_description': CMAKE_PREFIX_PATH=/opt/ros/humble WSLENV=ELECTRON_RUN_AS_NODE/w:BASH_ENV/u /usr/bin/cmake --build /home/c/weston_ws/MPC_planner/build/velodyne_description -- -j12 -l12
[1.911s] Invoked command in '/home/c/weston_ws/MPC_planner/build/velodyne_description' returned '0': CMAKE_PREFIX_PATH=/opt/ros/humble WSLENV=ELECTRON_RUN_AS_NODE/w:BASH_ENV/u /usr/bin/cmake --build /home/c/weston_ws/MPC_planner/build/velodyne_description -- -j12 -l12
[2.282s] Invoking command in '/home/c/weston_ws/MPC_planner/build/velodyne_description': CMAKE_PREFIX_PATH=/opt/ros/humble WSLENV=ELECTRON_RUN_AS_NODE/w:BASH_ENV/u /usr/bin/cmake --install /home/c/weston_ws/MPC_planner/build/velodyne_description
[2.325s] -- Install configuration: ""
[2.380s] -- Up-to-date: /home/c/weston_ws/MPC_planner/install/velodyne_description/share/velodyne_description/launch
[2.381s] -- Up-to-date: /home/c/weston_ws/MPC_planner/install/velodyne_description/share/velodyne_description/launch/example.launch.py
[2.381s] -- Up-to-date: /home/c/weston_ws/MPC_planner/install/velodyne_description/share/velodyne_description/meshes
[2.381s] -- Up-to-date: /home/c/weston_ws/MPC_planner/install/velodyne_description/share/velodyne_description/meshes/VLP16_base_2.dae
[2.381s] -- Up-to-date: /home/c/weston_ws/MPC_planner/install/velodyne_description/share/velodyne_description/meshes/VLP16_base_1.dae
[2.381s] -- Up-to-date: /home/c/weston_ws/MPC_planner/install/velodyne_description/share/velodyne_description/meshes/HDL32E_base.dae
[2.381s] -- Up-to-date: /home/c/weston_ws/MPC_planner/install/velodyne_description/share/velodyne_description/meshes/VLP16_scan.dae
[2.381s] -- Up-to-date: /home/c/weston_ws/MPC_planner/install/velodyne_description/share/velodyne_description/meshes/HDL32E_scan.dae
[2.381s] -- Up-to-date: /home/c/weston_ws/MPC_planner/install/velodyne_description/share/velodyne_description/meshes/HDL32E_base.stl
[2.381s] -- Up-to-date: /home/c/weston_ws/MPC_planner/install/velodyne_description/share/velodyne_description/meshes/VLP16_base_1.stl
[2.381s] -- Up-to-date: /home/c/weston_ws/MPC_planner/install/velodyne_description/share/velodyne_description/meshes/VLP16_base_2.stl
[2.381s] -- Up-to-date: /home/c/weston_ws/MPC_planner/install/velodyne_description/share/velodyne_description/meshes/VLP16_scan.stl
[2.381s] -- Up-to-date: /home/c/weston_ws/MPC_planner/install/velodyne_description/share/velodyne_description/meshes/HDL32E_scan.stl
[2.381s] -- Up-to-date: /home/c/weston_ws/MPC_planner/install/velodyne_description/share/velodyne_description/rviz
[2.381s] -- Up-to-date: /home/c/weston_ws/MPC_planner/install/velodyne_description/share/velodyne_description/rviz/example.rviz
[2.381s] -- Up-to-date: /home/c/weston_ws/MPC_planner/install/velodyne_description/share/velodyne_description/urdf
[2.381s] -- Up-to-date: /home/c/weston_ws/MPC_planner/install/velodyne_description/share/velodyne_description/urdf/example.urdf.xacro
[2.381s] -- Up-to-date: /home/c/weston_ws/MPC_planner/install/velodyne_description/share/velodyne_description/urdf/VLP-16.urdf.xacro
[2.381s] -- Up-to-date: /home/c/weston_ws/MPC_planner/install/velodyne_description/share/velodyne_description/urdf/HDL-32E.urdf.xacro
[2.381s] -- Up-to-date: /home/c/weston_ws/MPC_planner/install/velodyne_description/share/velodyne_description/world
[2.381s] -- Up-to-date: /home/c/weston_ws/MPC_planner/install/velodyne_description/share/velodyne_description/world/example.world
[2.381s] -- Up-to-date: /home/c/weston_ws/MPC_planner/install/velodyne_description/share/velodyne_description/environment/velodyne_description.dsv
[2.381s] -- Up-to-date: /home/c/weston_ws/MPC_planner/install/velodyne_description/share/ament_index/resource_index/package_run_dependencies/velodyne_description
[2.381s] -- Up-to-date: /home/c/weston_ws/MPC_planner/install/velodyne_description/share/ament_index/resource_index/parent_prefix_path/velodyne_description
[2.381s] -- Up-to-date: /home/c/weston_ws/MPC_planner/install/velodyne_description/share/velodyne_description/environment/ament_prefix_path.sh
[2.381s] -- Up-to-date: /home/c/weston_ws/MPC_planner/install/velodyne_description/share/velodyne_description/environment/ament_prefix_path.dsv
[2.381s] -- Up-to-date: /home/c/weston_ws/MPC_planner/install/velodyne_description/share/velodyne_description/environment/path.sh
[2.381s] -- Up-to-date: /home/c/weston_ws/MPC_planner/install/velodyne_description/share/velodyne_description/environment/path.dsv
[2.381s] -- Up-to-date: /home/c/weston_ws/MPC_planner/install/velodyne_description/share/velodyne_description/local_setup.bash
[2.381s] -- Up-to-date: /home/c/weston_ws/MPC_planner/install/velodyne_description/share/velodyne_description/local_setup.sh
[2.382s] -- Up-to-date: /home/c/weston_ws/MPC_planner/install/velodyne_description/share/velodyne_description/local_setup.zsh
[2.382s] -- Up-to-date: /home/c/weston_ws/MPC_planner/install/velodyne_description/share/velodyne_description/local_setup.dsv
[2.382s] -- Installing: /home/c/weston_ws/MPC_planner/install/velodyne_description/share/velodyne_description/package.dsv
[2.382s] -- Up-to-date: /home/c/weston_ws/MPC_planner/install/velodyne_description/share/ament_index/resource_index/packages/velodyne_description
[2.382s] -- Up-to-date: /home/c/weston_ws/MPC_planner/install/velodyne_description/share/velodyne_description/cmake/velodyne_descriptionConfig.cmake
[2.382s] -- Up-to-date: /home/c/weston_ws/MPC_planner/install/velodyne_description/share/velodyne_description/cmake/velodyne_descriptionConfig-version.cmake
[2.382s] -- Up-to-date: /home/c/weston_ws/MPC_planner/install/velodyne_description/share/velodyne_description/package.xml
[2.555s] Invoked command in '/home/c/weston_ws/MPC_planner/build/velodyne_description' returned '0': CMAKE_PREFIX_PATH=/opt/ros/humble WSLENV=ELECTRON_RUN_AS_NODE/w:BASH_ENV/u /usr/bin/cmake --install /home/c/weston_ws/MPC_planner/build/velodyne_description
