[0.048s] Invoking command in '/home/c/weston_ws/MPC_planner/build/turtlebot3_simulations': AMENT_PREFIX_PATH=/home/c/weston_ws/MPC_planner/install/turtlebot3_gazebo:${AMENT_PREFIX_PATH} CMAKE_PREFIX_PATH=/home/c/weston_ws/MPC_planner/install/turtlebot3_gazebo:/opt/ros/humble WSLENV=ELECTRON_RUN_AS_NODE/w:BASH_ENV/u /usr/bin/cmake /home/c/weston_ws/MPC_planner/src/turtlebot3_velodyne_Gazebo/turtlebot3_simulations/turtlebot3_simulations -DCMAKE_INSTALL_PREFIX=/home/c/weston_ws/MPC_planner/install/turtlebot3_simulations
[0.216s] -- The C compiler identification is GNU 9.5.0
[0.771s] -- The CXX compiler identification is GNU 9.5.0
[1.184s] -- Detecting C compiler ABI info
[1.318s] -- Detecting C compiler ABI info - done
[1.323s] -- Check for working C compiler: /usr/bin/cc - skipped
[1.323s] -- Detecting C compile features
[1.323s] -- Detecting C compile features - done
[1.326s] -- Detecting CXX compiler ABI info
[1.455s] -- Detecting CXX compiler ABI info - done
[1.460s] -- Check for working CXX compiler: /usr/bin/c++ - skipped
[1.460s] -- Detecting CXX compile features
[1.460s] -- Detecting CXX compile features - done
[1.466s] -- Found ament_cmake: 1.3.8 (/opt/ros/humble/share/ament_cmake/cmake)
[1.584s] -- Found Python3: /usr/bin/python3 (found version "3.10.12") found components: Interpreter 
[1.701s] -- Configuring done
[1.703s] -- Generating done
[1.704s] -- Build files have been written to: /home/c/weston_ws/MPC_planner/build/turtlebot3_simulations
[1.707s] Invoked command in '/home/c/weston_ws/MPC_planner/build/turtlebot3_simulations' returned '0': AMENT_PREFIX_PATH=/home/c/weston_ws/MPC_planner/install/turtlebot3_gazebo:${AMENT_PREFIX_PATH} CMAKE_PREFIX_PATH=/home/c/weston_ws/MPC_planner/install/turtlebot3_gazebo:/opt/ros/humble WSLENV=ELECTRON_RUN_AS_NODE/w:BASH_ENV/u /usr/bin/cmake /home/c/weston_ws/MPC_planner/src/turtlebot3_velodyne_Gazebo/turtlebot3_simulations/turtlebot3_simulations -DCMAKE_INSTALL_PREFIX=/home/c/weston_ws/MPC_planner/install/turtlebot3_simulations
[1.708s] Invoking command in '/home/c/weston_ws/MPC_planner/build/turtlebot3_simulations': AMENT_PREFIX_PATH=/home/c/weston_ws/MPC_planner/install/turtlebot3_gazebo:${AMENT_PREFIX_PATH} CMAKE_PREFIX_PATH=/home/c/weston_ws/MPC_planner/install/turtlebot3_gazebo:/opt/ros/humble WSLENV=ELECTRON_RUN_AS_NODE/w:BASH_ENV/u /usr/bin/cmake --build /home/c/weston_ws/MPC_planner/build/turtlebot3_simulations -- -j12 -l12
[1.732s] Invoked command in '/home/c/weston_ws/MPC_planner/build/turtlebot3_simulations' returned '0': AMENT_PREFIX_PATH=/home/c/weston_ws/MPC_planner/install/turtlebot3_gazebo:${AMENT_PREFIX_PATH} CMAKE_PREFIX_PATH=/home/c/weston_ws/MPC_planner/install/turtlebot3_gazebo:/opt/ros/humble WSLENV=ELECTRON_RUN_AS_NODE/w:BASH_ENV/u /usr/bin/cmake --build /home/c/weston_ws/MPC_planner/build/turtlebot3_simulations -- -j12 -l12
[1.747s] Invoking command in '/home/c/weston_ws/MPC_planner/build/turtlebot3_simulations': AMENT_PREFIX_PATH=/home/c/weston_ws/MPC_planner/install/turtlebot3_gazebo:${AMENT_PREFIX_PATH} CMAKE_PREFIX_PATH=/home/c/weston_ws/MPC_planner/install/turtlebot3_gazebo:/opt/ros/humble WSLENV=ELECTRON_RUN_AS_NODE/w:BASH_ENV/u /usr/bin/cmake --install /home/c/weston_ws/MPC_planner/build/turtlebot3_simulations
[1.752s] -- Install configuration: ""
[1.753s] -- Installing: /home/c/weston_ws/MPC_planner/install/turtlebot3_simulations/share/ament_index/resource_index/package_run_dependencies/turtlebot3_simulations
[1.753s] -- Installing: /home/c/weston_ws/MPC_planner/install/turtlebot3_simulations/share/ament_index/resource_index/parent_prefix_path/turtlebot3_simulations
[1.754s] -- Installing: /home/c/weston_ws/MPC_planner/install/turtlebot3_simulations/share/turtlebot3_simulations/environment/ament_prefix_path.sh
[1.754s] -- Installing: /home/c/weston_ws/MPC_planner/install/turtlebot3_simulations/share/turtlebot3_simulations/environment/ament_prefix_path.dsv
[1.754s] -- Installing: /home/c/weston_ws/MPC_planner/install/turtlebot3_simulations/share/turtlebot3_simulations/environment/path.sh
[1.754s] -- Installing: /home/c/weston_ws/MPC_planner/install/turtlebot3_simulations/share/turtlebot3_simulations/environment/path.dsv
[1.754s] -- Installing: /home/c/weston_ws/MPC_planner/install/turtlebot3_simulations/share/turtlebot3_simulations/local_setup.bash
[1.754s] -- Installing: /home/c/weston_ws/MPC_planner/install/turtlebot3_simulations/share/turtlebot3_simulations/local_setup.sh
[1.754s] -- Installing: /home/c/weston_ws/MPC_planner/install/turtlebot3_simulations/share/turtlebot3_simulations/local_setup.zsh
[1.754s] -- Installing: /home/c/weston_ws/MPC_planner/install/turtlebot3_simulations/share/turtlebot3_simulations/local_setup.dsv
[1.754s] -- Installing: /home/c/weston_ws/MPC_planner/install/turtlebot3_simulations/share/turtlebot3_simulations/package.dsv
[1.754s] -- Installing: /home/c/weston_ws/MPC_planner/install/turtlebot3_simulations/share/ament_index/resource_index/packages/turtlebot3_simulations
[1.755s] -- Installing: /home/c/weston_ws/MPC_planner/install/turtlebot3_simulations/share/turtlebot3_simulations/cmake/turtlebot3_simulationsConfig.cmake
[1.755s] -- Installing: /home/c/weston_ws/MPC_planner/install/turtlebot3_simulations/share/turtlebot3_simulations/cmake/turtlebot3_simulationsConfig-version.cmake
[1.755s] -- Installing: /home/c/weston_ws/MPC_planner/install/turtlebot3_simulations/share/turtlebot3_simulations/package.xml
[1.757s] Invoked command in '/home/c/weston_ws/MPC_planner/build/turtlebot3_simulations' returned '0': AMENT_PREFIX_PATH=/home/c/weston_ws/MPC_planner/install/turtlebot3_gazebo:${AMENT_PREFIX_PATH} CMAKE_PREFIX_PATH=/home/c/weston_ws/MPC_planner/install/turtlebot3_gazebo:/opt/ros/humble WSLENV=ELECTRON_RUN_AS_NODE/w:BASH_ENV/u /usr/bin/cmake --install /home/c/weston_ws/MPC_planner/build/turtlebot3_simulations
