[100%] Built target global_path_publisher
-- Install configuration: ""
-- Up-to-date: /home/c/weston_ws/MPC_planner/install/global_path_publisher/lib/global_path_publisher/global_path_publisher
-- Up-to-date: /home/c/weston_ws/MPC_planner/install/global_path_publisher/share/global_path_publisher//launch
-- Up-to-date: /home/c/weston_ws/MPC_planner/install/global_path_publisher/share/global_path_publisher//launch/global_path_publisher.launch.py
-- Up-to-date: /home/c/weston_ws/MPC_planner/install/global_path_publisher/share/global_path_publisher//config
-- Up-to-date: /home/c/weston_ws/MPC_planner/install/global_path_publisher/share/global_path_publisher//config/config.yaml
-- Up-to-date: /home/c/weston_ws/MPC_planner/install/global_path_publisher/share/ament_index/resource_index/package_run_dependencies/global_path_publisher
-- Up-to-date: /home/c/weston_ws/MPC_planner/install/global_path_publisher/share/ament_index/resource_index/parent_prefix_path/global_path_publisher
-- Up-to-date: /home/c/weston_ws/MPC_planner/install/global_path_publisher/share/global_path_publisher/environment/ament_prefix_path.sh
-- Up-to-date: /home/c/weston_ws/MPC_planner/install/global_path_publisher/share/global_path_publisher/environment/ament_prefix_path.dsv
-- Up-to-date: /home/c/weston_ws/MPC_planner/install/global_path_publisher/share/global_path_publisher/environment/path.sh
-- Up-to-date: /home/c/weston_ws/MPC_planner/install/global_path_publisher/share/global_path_publisher/environment/path.dsv
-- Up-to-date: /home/c/weston_ws/MPC_planner/install/global_path_publisher/share/global_path_publisher/local_setup.bash
-- Up-to-date: /home/c/weston_ws/MPC_planner/install/global_path_publisher/share/global_path_publisher/local_setup.sh
-- Up-to-date: /home/c/weston_ws/MPC_planner/install/global_path_publisher/share/global_path_publisher/local_setup.zsh
-- Up-to-date: /home/c/weston_ws/MPC_planner/install/global_path_publisher/share/global_path_publisher/local_setup.dsv
-- Installing: /home/c/weston_ws/MPC_planner/install/global_path_publisher/share/global_path_publisher/package.dsv
-- Up-to-date: /home/c/weston_ws/MPC_planner/install/global_path_publisher/share/ament_index/resource_index/packages/global_path_publisher
-- Up-to-date: /home/c/weston_ws/MPC_planner/install/global_path_publisher/share/global_path_publisher/cmake/global_path_publisherConfig.cmake
-- Up-to-date: /home/c/weston_ws/MPC_planner/install/global_path_publisher/share/global_path_publisher/cmake/global_path_publisherConfig-version.cmake
-- Up-to-date: /home/c/weston_ws/MPC_planner/install/global_path_publisher/share/global_path_publisher/package.xml
