[0.116s] Invoking command in '/home/c/weston_ws/MPC_planner/build/velodyne_simulator': AMENT_PREFIX_PATH=/home/c/weston_ws/MPC_planner/install/velodyne_gazebo_plugins:/home/c/weston_ws/MPC_planner/install/velodyne_description:${AMENT_PREFIX_PATH} CMAKE_PREFIX_PATH=/home/c/weston_ws/MPC_planner/install/velodyne_gazebo_plugins:/home/c/weston_ws/MPC_planner/install/velodyne_description:/opt/ros/humble LD_LIBRARY_PATH=/home/c/weston_ws/MPC_planner/install/velodyne_gazebo_plugins/lib:/usr/lib/wsl/lib:/usr/lib/:/usr/lib/x86_64-linux-gnu/gazebo-11/plugins:/opt/ros/humble/opt/rviz_ogre_vendor/lib:/opt/ros/humble/lib/x86_64-linux-gnu:/opt/ros/humble/lib:/usr/lib/wsl/lib:/usr/lib/:/usr/share/gazebo-11/../../lib/x86_64-linux-gnu/gazebo-11/plugins:/usr/share/gazebo-11/../../lib/x86_64-linux-gnu/gazebo-11/plugins:/usr/share/gazebo-11/../../lib/x86_64-linux-gnu/gazebo-11/plugins WSLENV=ELECTRON_RUN_AS_NODE/w:BASH_ENV/u /usr/bin/cmake /home/c/weston_ws/MPC_planner/src/turtlebot3_velodyne_Gazebo/velodyne_simulator/velodyne_simulator -DCMAKE_INSTALL_PREFIX=/home/c/weston_ws/MPC_planner/install/velodyne_simulator
[0.220s] -- The C compiler identification is GNU 9.5.0
[0.620s] -- The CXX compiler identification is GNU 9.5.0
[0.937s] -- Detecting C compiler ABI info
[1.059s] -- Detecting C compiler ABI info - done
[1.064s] -- Check for working C compiler: /usr/bin/cc - skipped
[1.064s] -- Detecting C compile features
[1.064s] -- Detecting C compile features - done
[1.066s] -- Detecting CXX compiler ABI info
[1.189s] -- Detecting CXX compiler ABI info - done
[1.194s] -- Check for working CXX compiler: /usr/bin/c++ - skipped
[1.194s] -- Detecting CXX compile features
[1.194s] -- Detecting CXX compile features - done
[1.196s] -- Found ament_cmake: 1.3.8 (/opt/ros/humble/share/ament_cmake/cmake)
[1.292s] -- Found Python3: /usr/bin/python3 (found version "3.10.12") found components: Interpreter 
[1.393s] -- Configuring done
[1.395s] -- Generating done
[1.396s] -- Build files have been written to: /home/c/weston_ws/MPC_planner/build/velodyne_simulator
[1.399s] Invoked command in '/home/c/weston_ws/MPC_planner/build/velodyne_simulator' returned '0': AMENT_PREFIX_PATH=/home/c/weston_ws/MPC_planner/install/velodyne_gazebo_plugins:/home/c/weston_ws/MPC_planner/install/velodyne_description:${AMENT_PREFIX_PATH} CMAKE_PREFIX_PATH=/home/c/weston_ws/MPC_planner/install/velodyne_gazebo_plugins:/home/c/weston_ws/MPC_planner/install/velodyne_description:/opt/ros/humble LD_LIBRARY_PATH=/home/c/weston_ws/MPC_planner/install/velodyne_gazebo_plugins/lib:/usr/lib/wsl/lib:/usr/lib/:/usr/lib/x86_64-linux-gnu/gazebo-11/plugins:/opt/ros/humble/opt/rviz_ogre_vendor/lib:/opt/ros/humble/lib/x86_64-linux-gnu:/opt/ros/humble/lib:/usr/lib/wsl/lib:/usr/lib/:/usr/share/gazebo-11/../../lib/x86_64-linux-gnu/gazebo-11/plugins:/usr/share/gazebo-11/../../lib/x86_64-linux-gnu/gazebo-11/plugins:/usr/share/gazebo-11/../../lib/x86_64-linux-gnu/gazebo-11/plugins WSLENV=ELECTRON_RUN_AS_NODE/w:BASH_ENV/u /usr/bin/cmake /home/c/weston_ws/MPC_planner/src/turtlebot3_velodyne_Gazebo/velodyne_simulator/velodyne_simulator -DCMAKE_INSTALL_PREFIX=/home/c/weston_ws/MPC_planner/install/velodyne_simulator
[1.400s] Invoking command in '/home/c/weston_ws/MPC_planner/build/velodyne_simulator': AMENT_PREFIX_PATH=/home/c/weston_ws/MPC_planner/install/velodyne_gazebo_plugins:/home/c/weston_ws/MPC_planner/install/velodyne_description:${AMENT_PREFIX_PATH} CMAKE_PREFIX_PATH=/home/c/weston_ws/MPC_planner/install/velodyne_gazebo_plugins:/home/c/weston_ws/MPC_planner/install/velodyne_description:/opt/ros/humble LD_LIBRARY_PATH=/home/c/weston_ws/MPC_planner/install/velodyne_gazebo_plugins/lib:/usr/lib/wsl/lib:/usr/lib/:/usr/lib/x86_64-linux-gnu/gazebo-11/plugins:/opt/ros/humble/opt/rviz_ogre_vendor/lib:/opt/ros/humble/lib/x86_64-linux-gnu:/opt/ros/humble/lib:/usr/lib/wsl/lib:/usr/lib/:/usr/share/gazebo-11/../../lib/x86_64-linux-gnu/gazebo-11/plugins:/usr/share/gazebo-11/../../lib/x86_64-linux-gnu/gazebo-11/plugins:/usr/share/gazebo-11/../../lib/x86_64-linux-gnu/gazebo-11/plugins WSLENV=ELECTRON_RUN_AS_NODE/w:BASH_ENV/u /usr/bin/cmake --build /home/c/weston_ws/MPC_planner/build/velodyne_simulator -- -j12 -l12
[1.420s] Invoked command in '/home/c/weston_ws/MPC_planner/build/velodyne_simulator' returned '0': AMENT_PREFIX_PATH=/home/c/weston_ws/MPC_planner/install/velodyne_gazebo_plugins:/home/c/weston_ws/MPC_planner/install/velodyne_description:${AMENT_PREFIX_PATH} CMAKE_PREFIX_PATH=/home/c/weston_ws/MPC_planner/install/velodyne_gazebo_plugins:/home/c/weston_ws/MPC_planner/install/velodyne_description:/opt/ros/humble LD_LIBRARY_PATH=/home/c/weston_ws/MPC_planner/install/velodyne_gazebo_plugins/lib:/usr/lib/wsl/lib:/usr/lib/:/usr/lib/x86_64-linux-gnu/gazebo-11/plugins:/opt/ros/humble/opt/rviz_ogre_vendor/lib:/opt/ros/humble/lib/x86_64-linux-gnu:/opt/ros/humble/lib:/usr/lib/wsl/lib:/usr/lib/:/usr/share/gazebo-11/../../lib/x86_64-linux-gnu/gazebo-11/plugins:/usr/share/gazebo-11/../../lib/x86_64-linux-gnu/gazebo-11/plugins:/usr/share/gazebo-11/../../lib/x86_64-linux-gnu/gazebo-11/plugins WSLENV=ELECTRON_RUN_AS_NODE/w:BASH_ENV/u /usr/bin/cmake --build /home/c/weston_ws/MPC_planner/build/velodyne_simulator -- -j12 -l12
[1.434s] Invoking command in '/home/c/weston_ws/MPC_planner/build/velodyne_simulator': AMENT_PREFIX_PATH=/home/c/weston_ws/MPC_planner/install/velodyne_gazebo_plugins:/home/c/weston_ws/MPC_planner/install/velodyne_description:${AMENT_PREFIX_PATH} CMAKE_PREFIX_PATH=/home/c/weston_ws/MPC_planner/install/velodyne_gazebo_plugins:/home/c/weston_ws/MPC_planner/install/velodyne_description:/opt/ros/humble LD_LIBRARY_PATH=/home/c/weston_ws/MPC_planner/install/velodyne_gazebo_plugins/lib:/usr/lib/wsl/lib:/usr/lib/:/usr/lib/x86_64-linux-gnu/gazebo-11/plugins:/opt/ros/humble/opt/rviz_ogre_vendor/lib:/opt/ros/humble/lib/x86_64-linux-gnu:/opt/ros/humble/lib:/usr/lib/wsl/lib:/usr/lib/:/usr/share/gazebo-11/../../lib/x86_64-linux-gnu/gazebo-11/plugins:/usr/share/gazebo-11/../../lib/x86_64-linux-gnu/gazebo-11/plugins:/usr/share/gazebo-11/../../lib/x86_64-linux-gnu/gazebo-11/plugins WSLENV=ELECTRON_RUN_AS_NODE/w:BASH_ENV/u /usr/bin/cmake --install /home/c/weston_ws/MPC_planner/build/velodyne_simulator
[1.438s] -- Install configuration: ""
[1.439s] -- Installing: /home/c/weston_ws/MPC_planner/install/velodyne_simulator/share/ament_index/resource_index/package_run_dependencies/velodyne_simulator
[1.440s] -- Installing: /home/c/weston_ws/MPC_planner/install/velodyne_simulator/share/ament_index/resource_index/parent_prefix_path/velodyne_simulator
[1.440s] -- Installing: /home/c/weston_ws/MPC_planner/install/velodyne_simulator/share/velodyne_simulator/environment/ament_prefix_path.sh
[1.440s] -- Installing: /home/c/weston_ws/MPC_planner/install/velodyne_simulator/share/velodyne_simulator/environment/ament_prefix_path.dsv
[1.440s] -- Installing: /home/c/weston_ws/MPC_planner/install/velodyne_simulator/share/velodyne_simulator/environment/path.sh
[1.440s] -- Installing: /home/c/weston_ws/MPC_planner/install/velodyne_simulator/share/velodyne_simulator/environment/path.dsv
[1.441s] -- Installing: /home/c/weston_ws/MPC_planner/install/velodyne_simulator/share/velodyne_simulator/local_setup.bash
[1.441s] -- Installing: /home/c/weston_ws/MPC_planner/install/velodyne_simulator/share/velodyne_simulator/local_setup.sh
[1.441s] -- Installing: /home/c/weston_ws/MPC_planner/install/velodyne_simulator/share/velodyne_simulator/local_setup.zsh
[1.441s] -- Installing: /home/c/weston_ws/MPC_planner/install/velodyne_simulator/share/velodyne_simulator/local_setup.dsv
[1.441s] -- Installing: /home/c/weston_ws/MPC_planner/install/velodyne_simulator/share/velodyne_simulator/package.dsv
[1.441s] -- Installing: /home/c/weston_ws/MPC_planner/install/velodyne_simulator/share/ament_index/resource_index/packages/velodyne_simulator
[1.441s] -- Installing: /home/c/weston_ws/MPC_planner/install/velodyne_simulator/share/velodyne_simulator/cmake/velodyne_simulatorConfig.cmake
[1.441s] -- Installing: /home/c/weston_ws/MPC_planner/install/velodyne_simulator/share/velodyne_simulator/cmake/velodyne_simulatorConfig-version.cmake
[1.441s] -- Installing: /home/c/weston_ws/MPC_planner/install/velodyne_simulator/share/velodyne_simulator/package.xml
[1.442s] Invoked command in '/home/c/weston_ws/MPC_planner/build/velodyne_simulator' returned '0': AMENT_PREFIX_PATH=/home/c/weston_ws/MPC_planner/install/velodyne_gazebo_plugins:/home/c/weston_ws/MPC_planner/install/velodyne_description:${AMENT_PREFIX_PATH} CMAKE_PREFIX_PATH=/home/c/weston_ws/MPC_planner/install/velodyne_gazebo_plugins:/home/c/weston_ws/MPC_planner/install/velodyne_description:/opt/ros/humble LD_LIBRARY_PATH=/home/c/weston_ws/MPC_planner/install/velodyne_gazebo_plugins/lib:/usr/lib/wsl/lib:/usr/lib/:/usr/lib/x86_64-linux-gnu/gazebo-11/plugins:/opt/ros/humble/opt/rviz_ogre_vendor/lib:/opt/ros/humble/lib/x86_64-linux-gnu:/opt/ros/humble/lib:/usr/lib/wsl/lib:/usr/lib/:/usr/share/gazebo-11/../../lib/x86_64-linux-gnu/gazebo-11/plugins:/usr/share/gazebo-11/../../lib/x86_64-linux-gnu/gazebo-11/plugins:/usr/share/gazebo-11/../../lib/x86_64-linux-gnu/gazebo-11/plugins WSLENV=ELECTRON_RUN_AS_NODE/w:BASH_ENV/u /usr/bin/cmake --install /home/c/weston_ws/MPC_planner/build/velodyne_simulator
