[0.190s] Invoking command in '/home/c/weston_ws/MPC_planner/build/velodyne_gazebo_plugins': CMAKE_PREFIX_PATH=/opt/ros/humble WSLENV=ELECTRON_RUN_AS_NODE/w:BASH_ENV/u /usr/bin/cmake --build /home/c/weston_ws/MPC_planner/build/velodyne_gazebo_plugins -- -j12 -l12
[1.320s] [100%] Built target gazebo_ros_velodyne_laser
[1.470s] Invoked command in '/home/c/weston_ws/MPC_planner/build/velodyne_gazebo_plugins' returned '0': CMAKE_PREFIX_PATH=/opt/ros/humble WSLENV=ELECTRON_RUN_AS_NODE/w:BASH_ENV/u /usr/bin/cmake --build /home/c/weston_ws/MPC_planner/build/velodyne_gazebo_plugins -- -j12 -l12
[1.614s] Invoking command in '/home/c/weston_ws/MPC_planner/build/velodyne_gazebo_plugins': CMAKE_PREFIX_PATH=/opt/ros/humble WSLENV=ELECTRON_RUN_AS_NODE/w:BASH_ENV/u /usr/bin/cmake --install /home/c/weston_ws/MPC_planner/build/velodyne_gazebo_plugins
[1.824s] -- Install configuration: ""
[1.829s] -- Up-to-date: /home/c/weston_ws/MPC_planner/install/velodyne_gazebo_plugins/lib/libgazebo_ros_velodyne_laser.so
[1.829s] -- Up-to-date: /home/c/weston_ws/MPC_planner/install/velodyne_gazebo_plugins/include/velodyne_gazebo_plugins
[1.829s] -- Up-to-date: /home/c/weston_ws/MPC_planner/install/velodyne_gazebo_plugins/include/velodyne_gazebo_plugins/GazeboRosVelodyneLaser.hpp
[1.829s] -- Up-to-date: /home/c/weston_ws/MPC_planner/install/velodyne_gazebo_plugins/share/velodyne_gazebo_plugins/environment/library_path.sh
[1.829s] -- Up-to-date: /home/c/weston_ws/MPC_planner/install/velodyne_gazebo_plugins/share/velodyne_gazebo_plugins/environment/library_path.dsv
[1.830s] -- Up-to-date: /home/c/weston_ws/MPC_planner/install/velodyne_gazebo_plugins/share/ament_index/resource_index/package_run_dependencies/velodyne_gazebo_plugins
[1.830s] -- Up-to-date: /home/c/weston_ws/MPC_planner/install/velodyne_gazebo_plugins/share/ament_index/resource_index/parent_prefix_path/velodyne_gazebo_plugins
[1.830s] -- Up-to-date: /home/c/weston_ws/MPC_planner/install/velodyne_gazebo_plugins/share/velodyne_gazebo_plugins/environment/ament_prefix_path.sh
[1.830s] -- Up-to-date: /home/c/weston_ws/MPC_planner/install/velodyne_gazebo_plugins/share/velodyne_gazebo_plugins/environment/ament_prefix_path.dsv
[1.830s] -- Up-to-date: /home/c/weston_ws/MPC_planner/install/velodyne_gazebo_plugins/share/velodyne_gazebo_plugins/environment/path.sh
[1.830s] -- Up-to-date: /home/c/weston_ws/MPC_planner/install/velodyne_gazebo_plugins/share/velodyne_gazebo_plugins/environment/path.dsv
[1.830s] -- Up-to-date: /home/c/weston_ws/MPC_planner/install/velodyne_gazebo_plugins/share/velodyne_gazebo_plugins/local_setup.bash
[1.830s] -- Up-to-date: /home/c/weston_ws/MPC_planner/install/velodyne_gazebo_plugins/share/velodyne_gazebo_plugins/local_setup.sh
[1.830s] -- Up-to-date: /home/c/weston_ws/MPC_planner/install/velodyne_gazebo_plugins/share/velodyne_gazebo_plugins/local_setup.zsh
[1.831s] -- Up-to-date: /home/c/weston_ws/MPC_planner/install/velodyne_gazebo_plugins/share/velodyne_gazebo_plugins/local_setup.dsv
[1.831s] -- Installing: /home/c/weston_ws/MPC_planner/install/velodyne_gazebo_plugins/share/velodyne_gazebo_plugins/package.dsv
[1.831s] -- Up-to-date: /home/c/weston_ws/MPC_planner/install/velodyne_gazebo_plugins/share/ament_index/resource_index/packages/velodyne_gazebo_plugins
[1.831s] -- Up-to-date: /home/c/weston_ws/MPC_planner/install/velodyne_gazebo_plugins/share/velodyne_gazebo_plugins/cmake/ament_cmake_export_include_directories-extras.cmake
[1.831s] -- Up-to-date: /home/c/weston_ws/MPC_planner/install/velodyne_gazebo_plugins/share/velodyne_gazebo_plugins/cmake/ament_cmake_export_libraries-extras.cmake
[1.831s] -- Up-to-date: /home/c/weston_ws/MPC_planner/install/velodyne_gazebo_plugins/share/velodyne_gazebo_plugins/cmake/ament_cmake_export_dependencies-extras.cmake
[1.832s] -- Up-to-date: /home/c/weston_ws/MPC_planner/install/velodyne_gazebo_plugins/share/velodyne_gazebo_plugins/cmake/velodyne_gazebo_pluginsConfig.cmake
[1.832s] -- Up-to-date: /home/c/weston_ws/MPC_planner/install/velodyne_gazebo_plugins/share/velodyne_gazebo_plugins/cmake/velodyne_gazebo_pluginsConfig-version.cmake
[1.832s] -- Up-to-date: /home/c/weston_ws/MPC_planner/install/velodyne_gazebo_plugins/share/velodyne_gazebo_plugins/package.xml
[2.020s] Invoked command in '/home/c/weston_ws/MPC_planner/build/velodyne_gazebo_plugins' returned '0': CMAKE_PREFIX_PATH=/opt/ros/humble WSLENV=ELECTRON_RUN_AS_NODE/w:BASH_ENV/u /usr/bin/cmake --install /home/c/weston_ws/MPC_planner/build/velodyne_gazebo_plugins
