[0.077s] Invoking command in '/home/c/weston_ws/MPC_planner/build/global_path_publisher': CMAKE_PREFIX_PATH=/opt/ros/humble WSLENV=ELECTRON_RUN_AS_NODE/w:BASH_ENV/u /usr/bin/cmake --build /home/c/weston_ws/MPC_planner/build/global_path_publisher -- -j12 -l12
[0.663s] [100%] Built target global_path_publisher
[0.678s] Invoked command in '/home/c/weston_ws/MPC_planner/build/global_path_publisher' returned '0': CMAKE_PREFIX_PATH=/opt/ros/humble WSLENV=ELECTRON_RUN_AS_NODE/w:BASH_ENV/u /usr/bin/cmake --build /home/c/weston_ws/MPC_planner/build/global_path_publisher -- -j12 -l12
[0.756s] Invoking command in '/home/c/weston_ws/MPC_planner/build/global_path_publisher': CMAKE_PREFIX_PATH=/opt/ros/humble WSLENV=ELECTRON_RUN_AS_NODE/w:BASH_ENV/u /usr/bin/cmake --install /home/c/weston_ws/MPC_planner/build/global_path_publisher
[0.807s] -- Install configuration: ""
[0.807s] -- Up-to-date: /home/c/weston_ws/MPC_planner/install/global_path_publisher/lib/global_path_publisher/global_path_publisher
[0.807s] -- Up-to-date: /home/c/weston_ws/MPC_planner/install/global_path_publisher/share/global_path_publisher//launch
[0.807s] -- Up-to-date: /home/c/weston_ws/MPC_planner/install/global_path_publisher/share/global_path_publisher//launch/global_path_publisher.launch.py
[0.807s] -- Up-to-date: /home/c/weston_ws/MPC_planner/install/global_path_publisher/share/global_path_publisher//config
[0.808s] -- Up-to-date: /home/c/weston_ws/MPC_planner/install/global_path_publisher/share/global_path_publisher//config/config.yaml
[0.808s] -- Up-to-date: /home/c/weston_ws/MPC_planner/install/global_path_publisher/share/ament_index/resource_index/package_run_dependencies/global_path_publisher
[0.808s] -- Up-to-date: /home/c/weston_ws/MPC_planner/install/global_path_publisher/share/ament_index/resource_index/parent_prefix_path/global_path_publisher
[0.809s] -- Up-to-date: /home/c/weston_ws/MPC_planner/install/global_path_publisher/share/global_path_publisher/environment/ament_prefix_path.sh
[0.809s] -- Up-to-date: /home/c/weston_ws/MPC_planner/install/global_path_publisher/share/global_path_publisher/environment/ament_prefix_path.dsv
[0.809s] -- Up-to-date: /home/c/weston_ws/MPC_planner/install/global_path_publisher/share/global_path_publisher/environment/path.sh
[0.811s] -- Up-to-date: /home/c/weston_ws/MPC_planner/install/global_path_publisher/share/global_path_publisher/environment/path.dsv
[0.811s] -- Up-to-date: /home/c/weston_ws/MPC_planner/install/global_path_publisher/share/global_path_publisher/local_setup.bash
[0.812s] -- Up-to-date: /home/c/weston_ws/MPC_planner/install/global_path_publisher/share/global_path_publisher/local_setup.sh
[0.812s] -- Up-to-date: /home/c/weston_ws/MPC_planner/install/global_path_publisher/share/global_path_publisher/local_setup.zsh
[0.813s] -- Up-to-date: /home/c/weston_ws/MPC_planner/install/global_path_publisher/share/global_path_publisher/local_setup.dsv
[0.813s] -- Installing: /home/c/weston_ws/MPC_planner/install/global_path_publisher/share/global_path_publisher/package.dsv
[0.813s] -- Up-to-date: /home/c/weston_ws/MPC_planner/install/global_path_publisher/share/ament_index/resource_index/packages/global_path_publisher
[0.814s] -- Up-to-date: /home/c/weston_ws/MPC_planner/install/global_path_publisher/share/global_path_publisher/cmake/global_path_publisherConfig.cmake
[0.815s] -- Up-to-date: /home/c/weston_ws/MPC_planner/install/global_path_publisher/share/global_path_publisher/cmake/global_path_publisherConfig-version.cmake
[0.815s] -- Up-to-date: /home/c/weston_ws/MPC_planner/install/global_path_publisher/share/global_path_publisher/package.xml
[0.885s] Invoked command in '/home/c/weston_ws/MPC_planner/build/global_path_publisher' returned '0': CMAKE_PREFIX_PATH=/opt/ros/humble WSLENV=ELECTRON_RUN_AS_NODE/w:BASH_ENV/u /usr/bin/cmake --install /home/c/weston_ws/MPC_planner/build/global_path_publisher
