[1.739s] Invoking command in '/home/c/weston_ws/MPC_planner/src/samplelaunch': PYTHONPATH=/home/c/weston_ws/MPC_planner/build/samplelaunch/prefix_override:/home/c/weston_ws/MPC_planner/install/samplelaunch/lib/python3.10/site-packages:${PYTHONPATH} WSLENV=ELECTRON_RUN_AS_NODE/w:BASH_ENV/u /usr/bin/python3 -W ignore:setup.py install is deprecated setup.py egg_info --egg-base ../../build/samplelaunch build --build-base /home/c/weston_ws/MPC_planner/build/samplelaunch/build install --record /home/c/weston_ws/MPC_planner/build/samplelaunch/install.log --single-version-externally-managed install_data
[2.185s] running egg_info
[2.186s] writing ../../build/samplelaunch/samplelaunch.egg-info/PKG-INFO
[2.187s] writing dependency_links to ../../build/samplelaunch/samplelaunch.egg-info/dependency_links.txt
[2.187s] writing entry points to ../../build/samplelaunch/samplelaunch.egg-info/entry_points.txt
[2.188s] writing requirements to ../../build/samplelaunch/samplelaunch.egg-info/requires.txt
[2.188s] writing top-level names to ../../build/samplelaunch/samplelaunch.egg-info/top_level.txt
[2.190s] reading manifest file '../../build/samplelaunch/samplelaunch.egg-info/SOURCES.txt'
[2.190s] adding license file 'LICENSE'
[2.191s] writing manifest file '../../build/samplelaunch/samplelaunch.egg-info/SOURCES.txt'
[2.193s] running build
[2.194s] running build_py
[2.194s] running install
[2.194s] running install_lib
[2.196s] running install_data
[2.196s] running install_egg_info
[2.198s] removing '/home/c/weston_ws/MPC_planner/install/samplelaunch/lib/python3.10/site-packages/samplelaunch-0.0.0-py3.10.egg-info' (and everything under it)
[2.199s] Copying ../../build/samplelaunch/samplelaunch.egg-info to /home/c/weston_ws/MPC_planner/install/samplelaunch/lib/python3.10/site-packages/samplelaunch-0.0.0-py3.10.egg-info
[2.204s] running install_scripts
[2.249s] writing list of installed files to '/home/c/weston_ws/MPC_planner/build/samplelaunch/install.log'
[2.325s] Invoked command in '/home/c/weston_ws/MPC_planner/src/samplelaunch' returned '0': PYTHONPATH=/home/c/weston_ws/MPC_planner/build/samplelaunch/prefix_override:/home/c/weston_ws/MPC_planner/install/samplelaunch/lib/python3.10/site-packages:${PYTHONPATH} WSLENV=ELECTRON_RUN_AS_NODE/w:BASH_ENV/u /usr/bin/python3 -W ignore:setup.py install is deprecated setup.py egg_info --egg-base ../../build/samplelaunch build --build-base /home/c/weston_ws/MPC_planner/build/samplelaunch/build install --record /home/c/weston_ws/MPC_planner/build/samplelaunch/install.log --single-version-externally-managed install_data
