[0.045s] Invoking command in '/home/c/weston_ws/MPC_planner/build/turtlebot3_gazebo': CMAKE_PREFIX_PATH=/opt/ros/humble WSLENV=ELECTRON_RUN_AS_NODE/w:BASH_ENV/u /usr/bin/cmake /home/c/weston_ws/MPC_planner/src/turtlebot3_velodyne_Gazebo/turtlebot3_simulations/turtlebot3_gazebo -DCMAKE_INSTALL_PREFIX=/home/c/weston_ws/MPC_planner/install/turtlebot3_gazebo
[0.406s] -- The C compiler identification is GNU 9.5.0
[0.952s] -- The CXX compiler identification is GNU 9.5.0
[1.400s] -- Detecting C compiler ABI info
[1.573s] -- Detecting C compiler ABI info - done
[1.578s] -- Check for working C compiler: /usr/bin/cc - skipped
[1.579s] -- Detecting C compile features
[1.579s] -- Detecting C compile features - done
[1.581s] -- Detecting CXX compiler ABI info
[1.826s] -- Detecting CXX compiler ABI info - done
[1.831s] -- Check for working CXX compiler: /usr/bin/c++ - skipped
[1.831s] -- Detecting CXX compile features
[1.832s] -- Detecting CXX compile features - done
[1.834s] -- Found ament_cmake: 1.3.8 (/opt/ros/humble/share/ament_cmake/cmake)
[1.968s] -- Found Python3: /usr/bin/python3 (found version "3.10.12") found components: Interpreter 
[2.041s] [33mCMake Warning (dev) at /usr/share/cmake-3.22/Modules/FindPackageHandleStandardArgs.cmake:438 (message):
[2.041s]   The package name passed to `find_package_handle_standard_args` (PkgConfig)
[2.041s]   does not match the name of the calling package (gazebo).  This can lead to
[2.041s]   problems in calling code that expects `find_package` result variables
[2.041s]   (e.g., `_FOUND`) to follow a certain pattern.
[2.041s] Call Stack (most recent call first):
[2.041s]   /usr/share/cmake-3.22/Modules/FindPkgConfig.cmake:99 (find_package_handle_standard_args)
[2.041s]   /usr/lib/x86_64-linux-gnu/cmake/gazebo/gazebo-config.cmake:72 (include)
[2.041s]   CMakeLists.txt:23 (find_package)
[2.041s] This warning is for project developers.  Use -Wno-dev to suppress it.
[2.041s] [0m
[2.041s] -- Found PkgConfig: /usr/bin/pkg-config (found version "0.29.2") 
[2.043s] -- Checking for module 'bullet>=2.82'
[2.050s] --   Found bullet, version 3.05
[2.179s] -- Found fcl: /usr/include (found suitable version "0.7.0", minimum required is "0.5.0") 
[2.211s] -- Found assimp: /usr/include (found version "5.2.0") 
[2.223s] -- Found DART: /usr/include (Required is at least version "6.6") found components: dart 
[2.677s] -- Found Boost: /usr/lib/x86_64-linux-gnu/cmake/Boost-1.74.0/BoostConfig.cmake (found suitable version "1.74.0", minimum required is "1.40.0") found components: thread system filesystem program_options regex iostreams date_time 
[3.464s] -- Found Protobuf: /usr/lib/x86_64-linux-gnu/libprotobuf.so (found version "3.12.4") 
[3.467s] -- Looking for ignition-math6 -- found version 6.15.1
[3.471s] -- Searching for dependencies of ignition-math6
[3.472s] -- Looking for OGRE...
[3.472s] -- OGRE_PREFIX_WATCH changed.
[3.476s] -- Checking for module 'OGRE'
[3.483s] --   Found OGRE, version 1.9.0
[3.502s] -- Found Ogre Ghadamon (1.9.0)
[4.086s] -- Found OGRE: optimized;/usr/lib/x86_64-linux-gnu/libOgreMain.so;debug;/usr/lib/x86_64-linux-gnu/libOgreMain.so
[4.093s] -- Looking for OGRE_Paging...
[4.630s] -- Found OGRE_Paging: optimized;/usr/lib/x86_64-linux-gnu/libOgrePaging.so;debug;/usr/lib/x86_64-linux-gnu/libOgrePaging.so
[4.630s] -- Looking for OGRE_Terrain...
[5.145s] -- Found OGRE_Terrain: optimized;/usr/lib/x86_64-linux-gnu/libOgreTerrain.so;debug;/usr/lib/x86_64-linux-gnu/libOgreTerrain.so
[5.145s] -- Looking for OGRE_Property...
[5.684s] -- Found OGRE_Property: optimized;/usr/lib/x86_64-linux-gnu/libOgreProperty.so;debug;/usr/lib/x86_64-linux-gnu/libOgreProperty.so
[5.684s] -- Looking for OGRE_RTShaderSystem...
[6.232s] -- Found OGRE_RTShaderSystem: optimized;/usr/lib/x86_64-linux-gnu/libOgreRTShaderSystem.so;debug;/usr/lib/x86_64-linux-gnu/libOgreRTShaderSystem.so
[6.232s] -- Looking for OGRE_Volume...
[6.565s] -- Found OGRE_Volume: optimized;/usr/lib/x86_64-linux-gnu/libOgreVolume.so;debug;/usr/lib/x86_64-linux-gnu/libOgreVolume.so
[6.565s] -- Looking for OGRE_Overlay...
[6.953s] -- Found OGRE_Overlay: optimized;/usr/lib/x86_64-linux-gnu/libOgreOverlay.so;debug;/usr/lib/x86_64-linux-gnu/libOgreOverlay.so
[26.627s] -- Looking for ignition-math6 -- found version 6.15.1
[26.629s] -- Looking for ignition-transport8 -- found version 8.2.1
[26.629s] -- Searching for dependencies of ignition-transport8
[27.409s] -- Found Protobuf: /usr/lib/x86_64-linux-gnu/libprotobuf.so (found suitable version "3.12.4", minimum required is "3") 
[27.893s] -- Config-file not installed for ZeroMQ -- checking for pkg-config
[27.896s] -- Checking for module 'libzmq >= 4'
[27.907s] --   Found libzmq , version 4.3.4
[27.927s] -- Found ZeroMQ: TRUE (Required is at least version "4") 
[27.957s] -- Checking for module 'uuid'
[27.965s] --   Found uuid, version 2.37.2
[27.982s] -- Found UUID: TRUE  
[27.984s] -- Looking for ignition-msgs5 -- found version 5.8.1
[27.984s] -- Searching for dependencies of ignition-msgs5
[28.379s] -- Looking for ignition-math6 -- found version 6.15.1
[28.385s] -- Checking for module 'tinyxml2'
[28.393s] --   Found tinyxml2, version 9.0.0
[28.412s] -- Looking for ignition-msgs5 -- found version 5.8.1
[28.414s] -- Looking for ignition-common3 -- found version 3.14.0
[28.415s] -- Searching for dependencies of ignition-common3
[28.437s] -- Looking for dlfcn.h - found
[28.457s] -- Looking for libdl - found
[28.458s] -- Found DL: TRUE  
[28.508s] -- Found tinyobjloader: /usr/lib/x86_64-linux-gnu/cmake/tinyobjloader/tinyobjloader-config.cmake (found version "2.0.0") 
[28.508s] -- Searching for <ignition-common3> component [graphics]
[28.510s] -- Looking for ignition-common3-graphics -- found version 3.14.0
[28.510s] -- Searching for dependencies of ignition-common3-graphics
[28.511s] -- Looking for ignition-math6 -- found version 6.15.1
[28.514s] -- Looking for ignition-fuel_tools4 -- found version 4.4.0
[28.514s] -- Searching for dependencies of ignition-fuel_tools4
[29.004s] -- Found CURL: /usr/lib/x86_64-linux-gnu/libcurl.so (found version "7.81.0")  
[29.010s] -- Checking for module 'jsoncpp'
[29.017s] --   Found jsoncpp, version 1.9.5
[29.034s] -- Found JSONCPP: TRUE  
[29.039s] -- Checking for module 'libzip'
[29.045s] --   Found libzip, version 1.7.3
[29.062s] -- Found ZIP: TRUE  
[29.062s] -- Looking for ignition-common3 -- found version 3.14.0
[29.062s] -- Looking for ignition-math6 -- found version 6.15.1
[29.062s] -- Looking for ignition-msgs5 -- found version 5.8.1
[29.067s] -- Found gazebo_ros_pkgs: 3.7.0 (/opt/ros/humble/share/gazebo_ros_pkgs/cmake)
[29.068s] -- Found geometry_msgs: 4.2.3 (/opt/ros/humble/share/geometry_msgs/cmake)
[29.125s] -- Found rosidl_generator_c: 3.1.5 (/opt/ros/humble/share/rosidl_generator_c/cmake)
[29.128s] -- Found rosidl_adapter: 3.1.5 (/opt/ros/humble/share/rosidl_adapter/cmake)
[29.133s] -- Found rosidl_generator_cpp: 3.1.5 (/opt/ros/humble/share/rosidl_generator_cpp/cmake)
[29.142s] -- Using all available rosidl_typesupport_c: rosidl_typesupport_fastrtps_c;rosidl_typesupport_introspection_c
[29.155s] -- Using all available rosidl_typesupport_cpp: rosidl_typesupport_fastrtps_cpp;rosidl_typesupport_introspection_cpp
[29.228s] -- Found nav_msgs: 4.2.3 (/opt/ros/humble/share/nav_msgs/cmake)
[29.288s] -- Found rclcpp: 16.0.8 (/opt/ros/humble/share/rclcpp/cmake)
[29.325s] -- Found rmw_implementation_cmake: 6.1.1 (/opt/ros/humble/share/rmw_implementation_cmake/cmake)
[29.327s] -- Found rmw_fastrtps_cpp: 6.2.6 (/opt/ros/humble/share/rmw_fastrtps_cpp/cmake)
[30.420s] -- Found OpenSSL: /usr/lib/x86_64-linux-gnu/libcrypto.so (found version "3.0.2")  
[31.608s] -- Found FastRTPS: /opt/ros/humble/include  
[33.839s] -- Using RMW implementation 'rmw_fastrtps_cpp' as default
[33.846s] -- Found Threads: TRUE  
[33.924s] -- Found sensor_msgs: 4.2.3 (/opt/ros/humble/share/sensor_msgs/cmake)
[33.976s] -- Found tf2: 0.25.6 (/opt/ros/humble/share/tf2/cmake)
[34.034s] -- Configuring done
[34.059s] -- Generating done
[34.060s] -- Build files have been written to: /home/c/weston_ws/MPC_planner/build/turtlebot3_gazebo
[34.071s] Invoked command in '/home/c/weston_ws/MPC_planner/build/turtlebot3_gazebo' returned '0': CMAKE_PREFIX_PATH=/opt/ros/humble WSLENV=ELECTRON_RUN_AS_NODE/w:BASH_ENV/u /usr/bin/cmake /home/c/weston_ws/MPC_planner/src/turtlebot3_velodyne_Gazebo/turtlebot3_simulations/turtlebot3_gazebo -DCMAKE_INSTALL_PREFIX=/home/c/weston_ws/MPC_planner/install/turtlebot3_gazebo
[34.072s] Invoking command in '/home/c/weston_ws/MPC_planner/build/turtlebot3_gazebo': CMAKE_PREFIX_PATH=/opt/ros/humble WSLENV=ELECTRON_RUN_AS_NODE/w:BASH_ENV/u /usr/bin/cmake --build /home/c/weston_ws/MPC_planner/build/turtlebot3_gazebo -- -j12 -l12
[34.102s] [ 37%] [32mBuilding CXX object CMakeFiles/obstacle1.dir/models/turtlebot3_dqn_world/obstacle_plugin/obstacle1.cc.o[0m
[34.102s] [ 37%] [32mBuilding CXX object CMakeFiles/turtlebot3_drive.dir/src/turtlebot3_drive.cpp.o[0m
[34.102s] [ 37%] [32mBuilding CXX object CMakeFiles/obstacle2.dir/models/turtlebot3_dqn_world/obstacle_plugin/obstacle2.cc.o[0m
[34.106s] [ 50%] [32mBuilding CXX object CMakeFiles/obstacles.dir/models/turtlebot3_dqn_world/obstacle_plugin/obstacles.cc.o[0m
[45.083s] [ 62%] [32m[1mLinking CXX executable turtlebot3_drive[0m
[45.931s] [ 62%] Built target turtlebot3_drive
[46.467s] [ 75%] [32m[1mLinking CXX shared library libobstacle2.so[0m
[46.518s] [ 87%] [32m[1mLinking CXX shared library libobstacles.so[0m
[46.674s] [100%] [32m[1mLinking CXX shared library libobstacle1.so[0m
[46.850s] [100%] Built target obstacle2
[46.859s] [100%] Built target obstacles
[46.952s] [100%] Built target obstacle1
[46.961s] Invoked command in '/home/c/weston_ws/MPC_planner/build/turtlebot3_gazebo' returned '0': CMAKE_PREFIX_PATH=/opt/ros/humble WSLENV=ELECTRON_RUN_AS_NODE/w:BASH_ENV/u /usr/bin/cmake --build /home/c/weston_ws/MPC_planner/build/turtlebot3_gazebo -- -j12 -l12
[46.985s] Invoking command in '/home/c/weston_ws/MPC_planner/build/turtlebot3_gazebo': CMAKE_PREFIX_PATH=/opt/ros/humble WSLENV=ELECTRON_RUN_AS_NODE/w:BASH_ENV/u /usr/bin/cmake --install /home/c/weston_ws/MPC_planner/build/turtlebot3_gazebo
[46.990s] -- Install configuration: ""
[46.991s] -- Installing: /home/c/weston_ws/MPC_planner/install/turtlebot3_gazebo/lib/turtlebot3_gazebo/turtlebot3_drive
[46.995s] -- Set runtime path of "/home/c/weston_ws/MPC_planner/install/turtlebot3_gazebo/lib/turtlebot3_gazebo/turtlebot3_drive" to ""
[46.995s] -- Installing: /home/c/weston_ws/MPC_planner/install/turtlebot3_gazebo/share/turtlebot3_gazebo//launch
[46.996s] -- Installing: /home/c/weston_ws/MPC_planner/install/turtlebot3_gazebo/share/turtlebot3_gazebo//launch/robot_state_publisher.launch.py
[46.996s] -- Installing: /home/c/weston_ws/MPC_planner/install/turtlebot3_gazebo/share/turtlebot3_gazebo//launch/empty_world.launch.py
[46.996s] -- Installing: /home/c/weston_ws/MPC_planner/install/turtlebot3_gazebo/share/turtlebot3_gazebo//launch/turtlebot3_dqn_stage3.launch.py
[46.996s] -- Installing: /home/c/weston_ws/MPC_planner/install/turtlebot3_gazebo/share/turtlebot3_gazebo//launch/spawn_turtlebot3.launch.py
[46.996s] -- Installing: /home/c/weston_ws/MPC_planner/install/turtlebot3_gazebo/share/turtlebot3_gazebo//launch/turtlebot3_dqn_stage4.launch.py
[46.996s] -- Installing: /home/c/weston_ws/MPC_planner/install/turtlebot3_gazebo/share/turtlebot3_gazebo//launch/turtlebot3_dqn_stage2.launch.py
[46.996s] -- Installing: /home/c/weston_ws/MPC_planner/install/turtlebot3_gazebo/share/turtlebot3_gazebo//launch/turtlebot3_world.launch.py
[46.996s] -- Installing: /home/c/weston_ws/MPC_planner/install/turtlebot3_gazebo/share/turtlebot3_gazebo//launch/turtlebot3_dqn_stage1.launch.py
[46.996s] -- Installing: /home/c/weston_ws/MPC_planner/install/turtlebot3_gazebo/share/turtlebot3_gazebo//launch/turtlebot3_house.launch.py
[46.996s] -- Installing: /home/c/weston_ws/MPC_planner/install/turtlebot3_gazebo/share/turtlebot3_gazebo//models
[46.996s] -- Installing: /home/c/weston_ws/MPC_planner/install/turtlebot3_gazebo/share/turtlebot3_gazebo//models/turtlebot3_house
[46.996s] -- Installing: /home/c/weston_ws/MPC_planner/install/turtlebot3_gazebo/share/turtlebot3_gazebo//models/turtlebot3_house/model.sdf
[46.997s] -- Installing: /home/c/weston_ws/MPC_planner/install/turtlebot3_gazebo/share/turtlebot3_gazebo//models/turtlebot3_house/model.config
[46.997s] -- Installing: /home/c/weston_ws/MPC_planner/install/turtlebot3_gazebo/share/turtlebot3_gazebo//models/velodyne_VLP16
[46.997s] -- Installing: /home/c/weston_ws/MPC_planner/install/turtlebot3_gazebo/share/turtlebot3_gazebo//models/velodyne_VLP16/vlp16_spawn.urdf.xacro
[46.997s] -- Installing: /home/c/weston_ws/MPC_planner/install/turtlebot3_gazebo/share/turtlebot3_gazebo//models/velodyne_VLP16/model.sdf
[46.997s] -- Installing: /home/c/weston_ws/MPC_planner/install/turtlebot3_gazebo/share/turtlebot3_gazebo//models/velodyne_VLP16/meshes
[46.997s] -- Installing: /home/c/weston_ws/MPC_planner/install/turtlebot3_gazebo/share/turtlebot3_gazebo//models/velodyne_VLP16/meshes/VLP16_base_2.dae
[46.998s] -- Installing: /home/c/weston_ws/MPC_planner/install/turtlebot3_gazebo/share/turtlebot3_gazebo//models/velodyne_VLP16/meshes/VLP16_base_1.dae
[46.998s] -- Installing: /home/c/weston_ws/MPC_planner/install/turtlebot3_gazebo/share/turtlebot3_gazebo//models/velodyne_VLP16/meshes/VLP16_scan.dae
[46.998s] -- Installing: /home/c/weston_ws/MPC_planner/install/turtlebot3_gazebo/share/turtlebot3_gazebo//models/velodyne_VLP16/meshes/VLP16_base_1.stl
[46.999s] -- Installing: /home/c/weston_ws/MPC_planner/install/turtlebot3_gazebo/share/turtlebot3_gazebo//models/velodyne_VLP16/meshes/VLP16_base_2.stl
[46.999s] -- Installing: /home/c/weston_ws/MPC_planner/install/turtlebot3_gazebo/share/turtlebot3_gazebo//models/velodyne_VLP16/meshes/VLP16_scan.stl
[46.999s] -- Installing: /home/c/weston_ws/MPC_planner/install/turtlebot3_gazebo/share/turtlebot3_gazebo//models/velodyne_VLP16/vlp16.urdf.xacro
[46.999s] -- Installing: /home/c/weston_ws/MPC_planner/install/turtlebot3_gazebo/share/turtlebot3_gazebo//models/velodyne_VLP16/model.config
[47.000s] -- Installing: /home/c/weston_ws/MPC_planner/install/turtlebot3_gazebo/share/turtlebot3_gazebo//models/turtlebot3_waffle
[47.000s] -- Installing: /home/c/weston_ws/MPC_planner/install/turtlebot3_gazebo/share/turtlebot3_gazebo//models/turtlebot3_waffle/model.sdf
[47.000s] -- Installing: /home/c/weston_ws/MPC_planner/install/turtlebot3_gazebo/share/turtlebot3_gazebo//models/turtlebot3_waffle/model-1_4.sdf
[47.000s] -- Installing: /home/c/weston_ws/MPC_planner/install/turtlebot3_gazebo/share/turtlebot3_gazebo//models/turtlebot3_waffle/model.config
[47.000s] -- Installing: /home/c/weston_ws/MPC_planner/install/turtlebot3_gazebo/share/turtlebot3_gazebo//models/turtlebot3_dqn_world
[47.000s] -- Installing: /home/c/weston_ws/MPC_planner/install/turtlebot3_gazebo/share/turtlebot3_gazebo//models/turtlebot3_dqn_world/inner_walls
[47.000s] -- Installing: /home/c/weston_ws/MPC_planner/install/turtlebot3_gazebo/share/turtlebot3_gazebo//models/turtlebot3_dqn_world/inner_walls/model.sdf
[47.000s] -- Installing: /home/c/weston_ws/MPC_planner/install/turtlebot3_gazebo/share/turtlebot3_gazebo//models/turtlebot3_dqn_world/inner_walls/model.config
[47.000s] -- Installing: /home/c/weston_ws/MPC_planner/install/turtlebot3_gazebo/share/turtlebot3_gazebo//models/turtlebot3_dqn_world/model.sdf
[47.000s] -- Installing: /home/c/weston_ws/MPC_planner/install/turtlebot3_gazebo/share/turtlebot3_gazebo//models/turtlebot3_dqn_world/goal_box
[47.001s] -- Installing: /home/c/weston_ws/MPC_planner/install/turtlebot3_gazebo/share/turtlebot3_gazebo//models/turtlebot3_dqn_world/goal_box/model.sdf
[47.001s] -- Installing: /home/c/weston_ws/MPC_planner/install/turtlebot3_gazebo/share/turtlebot3_gazebo//models/turtlebot3_dqn_world/goal_box/model.config
[47.001s] -- Installing: /home/c/weston_ws/MPC_planner/install/turtlebot3_gazebo/share/turtlebot3_gazebo//models/turtlebot3_dqn_world/obstacle2
[47.002s] -- Installing: /home/c/weston_ws/MPC_planner/install/turtlebot3_gazebo/share/turtlebot3_gazebo//models/turtlebot3_dqn_world/obstacle2/model.sdf
[47.002s] -- Installing: /home/c/weston_ws/MPC_planner/install/turtlebot3_gazebo/share/turtlebot3_gazebo//models/turtlebot3_dqn_world/obstacle2/model.config
[47.002s] -- Installing: /home/c/weston_ws/MPC_planner/install/turtlebot3_gazebo/share/turtlebot3_gazebo//models/turtlebot3_dqn_world/obstacles
[47.002s] -- Installing: /home/c/weston_ws/MPC_planner/install/turtlebot3_gazebo/share/turtlebot3_gazebo//models/turtlebot3_dqn_world/obstacles/model.sdf
[47.002s] -- Installing: /home/c/weston_ws/MPC_planner/install/turtlebot3_gazebo/share/turtlebot3_gazebo//models/turtlebot3_dqn_world/obstacles/model.config
[47.003s] -- Installing: /home/c/weston_ws/MPC_planner/install/turtlebot3_gazebo/share/turtlebot3_gazebo//models/turtlebot3_dqn_world/obstacle1
[47.003s] -- Installing: /home/c/weston_ws/MPC_planner/install/turtlebot3_gazebo/share/turtlebot3_gazebo//models/turtlebot3_dqn_world/obstacle1/model.sdf
[47.003s] -- Installing: /home/c/weston_ws/MPC_planner/install/turtlebot3_gazebo/share/turtlebot3_gazebo//models/turtlebot3_dqn_world/obstacle1/model.config
[47.003s] -- Installing: /home/c/weston_ws/MPC_planner/install/turtlebot3_gazebo/share/turtlebot3_gazebo//models/turtlebot3_dqn_world/obstacle_plugin
[47.003s] -- Installing: /home/c/weston_ws/MPC_planner/install/turtlebot3_gazebo/share/turtlebot3_gazebo//models/turtlebot3_dqn_world/obstacle_plugin/obstacles.cc
[47.003s] -- Installing: /home/c/weston_ws/MPC_planner/install/turtlebot3_gazebo/share/turtlebot3_gazebo//models/turtlebot3_dqn_world/obstacle_plugin/obstacle1.cc
[47.003s] -- Installing: /home/c/weston_ws/MPC_planner/install/turtlebot3_gazebo/share/turtlebot3_gazebo//models/turtlebot3_dqn_world/obstacle_plugin/CMakeLists.txt
[47.004s] -- Installing: /home/c/weston_ws/MPC_planner/install/turtlebot3_gazebo/share/turtlebot3_gazebo//models/turtlebot3_dqn_world/obstacle_plugin/obstacle2.cc
[47.004s] -- Installing: /home/c/weston_ws/MPC_planner/install/turtlebot3_gazebo/share/turtlebot3_gazebo//models/turtlebot3_dqn_world/model.config
[47.004s] -- Installing: /home/c/weston_ws/MPC_planner/install/turtlebot3_gazebo/share/turtlebot3_gazebo//models/turtlebot3_common
[47.004s] -- Installing: /home/c/weston_ws/MPC_planner/install/turtlebot3_gazebo/share/turtlebot3_gazebo//models/turtlebot3_common/meshes
[47.004s] -- Installing: /home/c/weston_ws/MPC_planner/install/turtlebot3_gazebo/share/turtlebot3_gazebo//models/turtlebot3_common/meshes/r200.dae
[47.005s] -- Installing: /home/c/weston_ws/MPC_planner/install/turtlebot3_gazebo/share/turtlebot3_gazebo//models/turtlebot3_common/meshes/burger_base.dae
[47.005s] -- Installing: /home/c/weston_ws/MPC_planner/install/turtlebot3_gazebo/share/turtlebot3_gazebo//models/turtlebot3_common/meshes/tire.dae
[47.005s] -- Installing: /home/c/weston_ws/MPC_planner/install/turtlebot3_gazebo/share/turtlebot3_gazebo//models/turtlebot3_common/meshes/waffle_base.dae
[47.005s] -- Installing: /home/c/weston_ws/MPC_planner/install/turtlebot3_gazebo/share/turtlebot3_gazebo//models/turtlebot3_common/meshes/lds.dae
[47.006s] -- Installing: /home/c/weston_ws/MPC_planner/install/turtlebot3_gazebo/share/turtlebot3_gazebo//models/turtlebot3_common/meshes/waffle_pi_base.dae
[47.006s] -- Installing: /home/c/weston_ws/MPC_planner/install/turtlebot3_gazebo/share/turtlebot3_gazebo//models/turtlebot3_common/model.config
[47.006s] -- Installing: /home/c/weston_ws/MPC_planner/install/turtlebot3_gazebo/share/turtlebot3_gazebo//models/turtlebot3_burger
[47.006s] -- Installing: /home/c/weston_ws/MPC_planner/install/turtlebot3_gazebo/share/turtlebot3_gazebo//models/turtlebot3_burger/model.sdf
[47.007s] -- Installing: /home/c/weston_ws/MPC_planner/install/turtlebot3_gazebo/share/turtlebot3_gazebo//models/turtlebot3_burger/model-1_4.sdf
[47.007s] -- Installing: /home/c/weston_ws/MPC_planner/install/turtlebot3_gazebo/share/turtlebot3_gazebo//models/turtlebot3_burger/model.config
[47.007s] -- Installing: /home/c/weston_ws/MPC_planner/install/turtlebot3_gazebo/share/turtlebot3_gazebo//models/turtlebot3_world
[47.007s] -- Installing: /home/c/weston_ws/MPC_planner/install/turtlebot3_gazebo/share/turtlebot3_gazebo//models/turtlebot3_world/model.sdf
[47.007s] -- Installing: /home/c/weston_ws/MPC_planner/install/turtlebot3_gazebo/share/turtlebot3_gazebo//models/turtlebot3_world/meshes
[47.007s] -- Installing: /home/c/weston_ws/MPC_planner/install/turtlebot3_gazebo/share/turtlebot3_gazebo//models/turtlebot3_world/meshes/hexagon.dae
[47.007s] -- Installing: /home/c/weston_ws/MPC_planner/install/turtlebot3_gazebo/share/turtlebot3_gazebo//models/turtlebot3_world/meshes/wall.dae
[47.007s] -- Installing: /home/c/weston_ws/MPC_planner/install/turtlebot3_gazebo/share/turtlebot3_gazebo//models/turtlebot3_world/model-1_4.sdf
[47.007s] -- Installing: /home/c/weston_ws/MPC_planner/install/turtlebot3_gazebo/share/turtlebot3_gazebo//models/turtlebot3_world/model.config
[47.007s] -- Installing: /home/c/weston_ws/MPC_planner/install/turtlebot3_gazebo/share/turtlebot3_gazebo//models/turtlebot3_waffle_pi
[47.007s] -- Installing: /home/c/weston_ws/MPC_planner/install/turtlebot3_gazebo/share/turtlebot3_gazebo//models/turtlebot3_waffle_pi/model.sdf
[47.007s] -- Installing: /home/c/weston_ws/MPC_planner/install/turtlebot3_gazebo/share/turtlebot3_gazebo//models/turtlebot3_waffle_pi/model-1_4_.sdf
[47.007s] -- Installing: /home/c/weston_ws/MPC_planner/install/turtlebot3_gazebo/share/turtlebot3_gazebo//models/turtlebot3_waffle_pi/model.config
[47.007s] -- Installing: /home/c/weston_ws/MPC_planner/install/turtlebot3_gazebo/share/turtlebot3_gazebo//models/turtlebot3_burger_velodyne
[47.007s] -- Installing: /home/c/weston_ws/MPC_planner/install/turtlebot3_gazebo/share/turtlebot3_gazebo//models/turtlebot3_burger_velodyne/model.sdf
[47.007s] -- Installing: /home/c/weston_ws/MPC_planner/install/turtlebot3_gazebo/share/turtlebot3_gazebo//models/turtlebot3_burger_velodyne/meshes
[47.007s] -- Installing: /home/c/weston_ws/MPC_planner/install/turtlebot3_gazebo/share/turtlebot3_gazebo//models/turtlebot3_burger_velodyne/meshes/lds.stl
[47.009s] -- Installing: /home/c/weston_ws/MPC_planner/install/turtlebot3_gazebo/share/turtlebot3_gazebo//models/turtlebot3_burger_velodyne/meshes/right_tire.stl
[47.012s] -- Installing: /home/c/weston_ws/MPC_planner/install/turtlebot3_gazebo/share/turtlebot3_gazebo//models/turtlebot3_burger_velodyne/meshes/left_tire.stl
[47.016s] -- Installing: /home/c/weston_ws/MPC_planner/install/turtlebot3_gazebo/share/turtlebot3_gazebo//models/turtlebot3_burger_velodyne/meshes/burger_base.stl
[47.029s] -- Installing: /home/c/weston_ws/MPC_planner/install/turtlebot3_gazebo/share/turtlebot3_gazebo//models/turtlebot3_burger_velodyne/meshes_dae
[47.029s] -- Installing: /home/c/weston_ws/MPC_planner/install/turtlebot3_gazebo/share/turtlebot3_gazebo//models/turtlebot3_burger_velodyne/meshes_dae/left_tire.dae
[47.036s] -- Installing: /home/c/weston_ws/MPC_planner/install/turtlebot3_gazebo/share/turtlebot3_gazebo//models/turtlebot3_burger_velodyne/meshes_dae/burger_base.dae
[47.070s] -- Installing: /home/c/weston_ws/MPC_planner/install/turtlebot3_gazebo/share/turtlebot3_gazebo//models/turtlebot3_burger_velodyne/meshes_dae/lds.dae
[47.076s] -- Installing: /home/c/weston_ws/MPC_planner/install/turtlebot3_gazebo/share/turtlebot3_gazebo//models/turtlebot3_burger_velodyne/meshes_dae/right_tire.dae
[47.088s] -- Installing: /home/c/weston_ws/MPC_planner/install/turtlebot3_gazebo/share/turtlebot3_gazebo//models/turtlebot3_burger_velodyne/model.config
[47.088s] -- Installing: /home/c/weston_ws/MPC_planner/install/turtlebot3_gazebo/share/turtlebot3_gazebo//rviz
[47.088s] -- Installing: /home/c/weston_ws/MPC_planner/install/turtlebot3_gazebo/share/turtlebot3_gazebo//rviz/tb3_gazebo.rviz
[47.088s] -- Installing: /home/c/weston_ws/MPC_planner/install/turtlebot3_gazebo/share/turtlebot3_gazebo//urdf
[47.089s] -- Installing: /home/c/weston_ws/MPC_planner/install/turtlebot3_gazebo/share/turtlebot3_gazebo//urdf/common_properties.urdf
[47.089s] -- Installing: /home/c/weston_ws/MPC_planner/install/turtlebot3_gazebo/share/turtlebot3_gazebo//urdf/turtlebot3_burger.urdf
[47.089s] -- Installing: /home/c/weston_ws/MPC_planner/install/turtlebot3_gazebo/share/turtlebot3_gazebo//urdf/turtlebot3_waffle_pi.urdf
[47.089s] -- Installing: /home/c/weston_ws/MPC_planner/install/turtlebot3_gazebo/share/turtlebot3_gazebo//urdf/turtlebot3_waffle.urdf
[47.089s] -- Installing: /home/c/weston_ws/MPC_planner/install/turtlebot3_gazebo/share/turtlebot3_gazebo//worlds
[47.089s] -- Installing: /home/c/weston_ws/MPC_planner/install/turtlebot3_gazebo/share/turtlebot3_gazebo//worlds/turtlebot3_house.world
[47.089s] -- Installing: /home/c/weston_ws/MPC_planner/install/turtlebot3_gazebo/share/turtlebot3_gazebo//worlds/turtlebot3_dqn_stage1.world
[47.089s] -- Installing: /home/c/weston_ws/MPC_planner/install/turtlebot3_gazebo/share/turtlebot3_gazebo//worlds/selworld
[47.089s] -- Installing: /home/c/weston_ws/MPC_planner/install/turtlebot3_gazebo/share/turtlebot3_gazebo//worlds/empty_world.world
[47.090s] -- Installing: /home/c/weston_ws/MPC_planner/install/turtlebot3_gazebo/share/turtlebot3_gazebo//worlds/turtlebot3_dqn_stage3.world
[47.090s] -- Installing: /home/c/weston_ws/MPC_planner/install/turtlebot3_gazebo/share/turtlebot3_gazebo//worlds/turtlebot3_dqn_stage2.world
[47.090s] -- Installing: /home/c/weston_ws/MPC_planner/install/turtlebot3_gazebo/share/turtlebot3_gazebo//worlds/turtlebot3_dqn_stage4.world
[47.090s] -- Installing: /home/c/weston_ws/MPC_planner/install/turtlebot3_gazebo/share/turtlebot3_gazebo//worlds/turtlebot3_world.world
[47.090s] -- Installing: /home/c/weston_ws/MPC_planner/install/turtlebot3_gazebo/include/
[47.090s] -- Installing: /home/c/weston_ws/MPC_planner/install/turtlebot3_gazebo/include//turtlebot3_gazebo
[47.090s] -- Installing: /home/c/weston_ws/MPC_planner/install/turtlebot3_gazebo/include//turtlebot3_gazebo/turtlebot3_drive.hpp
[47.090s] -- Installing: /home/c/weston_ws/MPC_planner/install/turtlebot3_gazebo/share/ament_index/resource_index/package_run_dependencies/turtlebot3_gazebo
[47.090s] -- Installing: /home/c/weston_ws/MPC_planner/install/turtlebot3_gazebo/share/ament_index/resource_index/parent_prefix_path/turtlebot3_gazebo
[47.090s] -- Installing: /home/c/weston_ws/MPC_planner/install/turtlebot3_gazebo/share/turtlebot3_gazebo/environment/ament_prefix_path.sh
[47.091s] -- Installing: /home/c/weston_ws/MPC_planner/install/turtlebot3_gazebo/share/turtlebot3_gazebo/environment/ament_prefix_path.dsv
[47.091s] -- Installing: /home/c/weston_ws/MPC_planner/install/turtlebot3_gazebo/share/turtlebot3_gazebo/environment/path.sh
[47.091s] -- Installing: /home/c/weston_ws/MPC_planner/install/turtlebot3_gazebo/share/turtlebot3_gazebo/environment/path.dsv
[47.091s] -- Installing: /home/c/weston_ws/MPC_planner/install/turtlebot3_gazebo/share/turtlebot3_gazebo/local_setup.bash
[47.091s] -- Installing: /home/c/weston_ws/MPC_planner/install/turtlebot3_gazebo/share/turtlebot3_gazebo/local_setup.sh
[47.091s] -- Installing: /home/c/weston_ws/MPC_planner/install/turtlebot3_gazebo/share/turtlebot3_gazebo/local_setup.zsh
[47.091s] -- Installing: /home/c/weston_ws/MPC_planner/install/turtlebot3_gazebo/share/turtlebot3_gazebo/local_setup.dsv
[47.091s] -- Installing: /home/c/weston_ws/MPC_planner/install/turtlebot3_gazebo/share/turtlebot3_gazebo/package.dsv
[47.091s] -- Installing: /home/c/weston_ws/MPC_planner/install/turtlebot3_gazebo/share/ament_index/resource_index/packages/turtlebot3_gazebo
[47.092s] -- Installing: /home/c/weston_ws/MPC_planner/install/turtlebot3_gazebo/share/turtlebot3_gazebo/cmake/ament_cmake_export_include_directories-extras.cmake
[47.092s] -- Installing: /home/c/weston_ws/MPC_planner/install/turtlebot3_gazebo/share/turtlebot3_gazebo/cmake/ament_cmake_export_dependencies-extras.cmake
[47.092s] -- Installing: /home/c/weston_ws/MPC_planner/install/turtlebot3_gazebo/share/turtlebot3_gazebo/cmake/turtlebot3_gazeboConfig.cmake
[47.092s] -- Installing: /home/c/weston_ws/MPC_planner/install/turtlebot3_gazebo/share/turtlebot3_gazebo/cmake/turtlebot3_gazeboConfig-version.cmake
[47.092s] -- Installing: /home/c/weston_ws/MPC_planner/install/turtlebot3_gazebo/share/turtlebot3_gazebo/package.xml
[47.093s] Invoked command in '/home/c/weston_ws/MPC_planner/build/turtlebot3_gazebo' returned '0': CMAKE_PREFIX_PATH=/opt/ros/humble WSLENV=ELECTRON_RUN_AS_NODE/w:BASH_ENV/u /usr/bin/cmake --install /home/c/weston_ws/MPC_planner/build/turtlebot3_gazebo
